#
# A fatal error has been detected by the Java Runtime Environment:
#
#  SIGSEGV (0xb) at pc=0x00007fff204169bf, pid=11238, tid=0x0000000000001103
#
# JRE version: Java(TM) SE Runtime Environment (8.0_162-b12) (build 1.8.0_162-b12)
# Java VM: Java HotSpot(TM) 64-Bit Server VM (25.162-b12 mixed mode bsd-amd64 compressed oops)
# Problematic frame:
# C  [libobjc.A.dylib+0x79bf]  objc_release+0x1f
#
# Failed to write core dump. Core dumps have been disabled. To enable core dumping, try "ulimit -c unlimited" before starting Java again
#
# If you would like to submit a bug report, please visit:
#   http://bugreport.java.com/bugreport/crash.jsp
# The crash happened outside the Java Virtual Machine in native code.
# See problematic frame for where to report the bug.
#

---------------  T H R E A D  ---------------

Current thread (0x00007ffbe380a000):  JavaThread "main" [_thread_in_native, id=4355, stack(0x0000700008858000,0x0000700008958000)]

siginfo: si_signo: 11 (SIGSEGV), si_code: 1 (SEGV_MAPERR), si_addr: 0x0000000000000020

Registers:
RAX=0x0000000000000000, RBX=0x0000000000000001, RCX=0x0000000000000000, RDX=0x0000000000000005
RSP=0x0000700008957488, RBP=0x00007000089574c0, RSI=0x00007ffbe1e7c2a0, RDI=0x00007ffbe1c4b9b0
R8 =0x00007ffbe1f44c00, R9 =0x000000000000001f, R10=0x0000000126af5c60, R11=0x00007fff22e5b617
R12=0x00007ffbe1c4b9b0, R13=0xa3a3a3a3a3a3a3a3, R14=0x00007ffbe204b090, R15=0x00007ffbe204b000
RIP=0x00007fff204169bf, EFLAGS=0x0000000000010246, ERR=0x0000000000000004
  TRAPNO=0x000000000000000e

Top of Stack: (sp=0x0000700008957488)
0x0000700008957488:   00007fff2043439d 0000000000000000
0x0000700008957498:   00007ffbe204b000 00007ffbe1c56590
0x00007000089574a8:   0000000121a20b98 00007fff7c4f1e8f
0x00007000089574b8:   00007ffbe380a1f8 00007000089574e0
0x00007000089574c8:   00007fff2041733e 0000000000000000
0x00007000089574d8:   00007ffbe204b090 0000700008957500
0x00007000089574e8:   00007fff206311f0 0000000000000000
0x00007000089574f8:   00007ffbe1c56590 0000700008957540
0x0000700008957508:   00007fff213badfd 00007fff80785588
0x0000700008957518:   0000000000000000 00007ffbe1c741e0
0x0000700008957528:   cc3ff517f6f300fc 00007ffbe1e7b940
0x0000700008957538:   00007ffbe1c23bf0 0000700008957570
0x0000700008957548:   0000000126acdcce 0000000121a20ba0
0x0000700008957558:   0000000000000000 00007000089575f8
0x0000700008957568:   00007ffbe380a000 00007000089575d0
0x0000700008957578:   000000010e58d667 0000000795996b30
0x0000700008957588:   000000010e58d382 0000700008957590
0x0000700008957598:   0000000121a20b98 00007000089575f8
0x00007000089575a8:   0000000121a21100 0000000000000000
0x00007000089575b8:   0000000121a20ba0 0000000000000000
0x00007000089575c8:   00007000089575f0 0000700008957640
0x00007000089575d8:   000000010e57d2bd 0000000795a21d98
0x00007000089575e8:   000000010e586d18 0000000795a2ea58
0x00007000089575f8:   0000000795996b30 0000700008957600
0x0000700008957608:   0000000121a20a9f 0000700008957670
0x0000700008957618:   0000000121a21100 0000000000000000
0x0000700008957628:   0000000121a20b10 00007000089575f0
0x0000700008957638:   0000700008957660 00007000089576c8
0x0000700008957648:   000000010e57d302 0000000000000000
0x0000700008957658:   0000000795996b30 0000000795a2ea58
0x0000700008957668:   0000000795996a78 0000000795a21e28
0x0000700008957678:   0000000000000001 0000000795a21e38 

Instructions: (pc=0x00007fff204169bf)
0x00007fff2041699f:   90 48 85 ff 74 76 89 f8 83 e0 01 48 85 c0 75 6c
0x00007fff204169af:   48 8b 07 48 b9 f8 ff ff ff ff 7f 00 00 48 21 c1
0x00007fff204169bf:   48 8b 51 20 f6 c2 04 74 54 a8 01 74 6f 48 b9 00
0x00007fff204169cf:   00 00 00 00 00 80 00 48 ba 00 00 00 00 00 00 00 

Register to memory mapping:

RAX=0x0000000000000000 is an unknown value
RBX=0x0000000000000001 is an unknown value
RCX=0x0000000000000000 is an unknown value
RDX=0x0000000000000005 is an unknown value
RSP=0x0000700008957488 is pointing into the stack for thread: 0x00007ffbe380a000
RBP=0x00007000089574c0 is pointing into the stack for thread: 0x00007ffbe380a000
RSI=0x00007ffbe1e7c2a0 is an unknown value
RDI=0x00007ffbe1c4b9b0 is an unknown value
R8 =0x00007ffbe1f44c00 is an unknown value
R9 =0x000000000000001f is an unknown value
R10=0x0000000126af5c60: OBJC_CLASS_$_MacOSXOpenGLView+0 in /Users/Mez/Documents/GitHub/AppStrangerThings/Gioco1/lib/natives/liblwjgl.dylib at 0x0000000126ab7000
R11=0x00007fff22e5b617: -[NSResponder release]+0 in /System/Library/Frameworks/AppKit.framework/Versions/C/AppKit at 0x00007fff22e50000
R12=0x00007ffbe1c4b9b0 is an unknown value
R13=0xa3a3a3a3a3a3a3a3 is an unknown value
R14=0x00007ffbe204b090 is an unknown value
R15=0x00007ffbe204b000 is an unknown value


Stack: [0x0000700008858000,0x0000700008958000],  sp=0x0000700008957488,  free space=1021k
Native frames: (J=compiled Java code, j=interpreted, Vv=VM code, C=native code)
C  [libobjc.A.dylib+0x79bf]  objc_release+0x1f
C  [libobjc.A.dylib+0x833e]  objc_autoreleasePoolPop+0xa1
C  [CoreFoundation+0x421f0]  _CFAutoreleasePoolPop+0x16
C  [Foundation+0x1edfd]  -[NSAutoreleasePool release]+0x81
C  [liblwjgl.dylib+0x16cce]  Java_org_lwjgl_opengl_MacOSXContextImplementation_setView+0x10e
j  org.lwjgl.opengl.MacOSXContextImplementation.setView(Ljava/nio/ByteBuffer;Ljava/nio/ByteBuffer;)V+0
j  org.lwjgl.opengl.MacOSXContextImplementation.makeCurrent(Lorg/lwjgl/opengl/PeerInfo;Ljava/nio/ByteBuffer;)V+7
j  org.lwjgl.opengl.ContextGL.makeCurrent()V+46
j  org.lwjgl.opengl.DrawableGL.makeCurrent()V+14
j  org.lwjgl.opengl.Display.makeCurrent()V+3
j  org.lwjgl.opengl.Display.makeCurrentAndSetSwapInterval()V+0
j  org.lwjgl.opengl.Display.create(Lorg/lwjgl/opengl/PixelFormat;Lorg/lwjgl/opengl/Drawable;Lorg/lwjgl/opengl/ContextAttribs;)V+108
j  org.lwjgl.opengl.Display.create(Lorg/lwjgl/opengl/PixelFormat;Lorg/lwjgl/opengl/ContextAttribs;)V+9
j  renderEngine.DisplayManager.createDisplay()V+42
j  engineTester.MainGameLoop.main([Ljava/lang/String;)V+0
v  ~StubRoutines::call_stub
V  [libjvm.dylib+0x2ef6ce]  JavaCalls::call_helper(JavaValue*, methodHandle*, JavaCallArguments*, Thread*)+0x6ae
V  [libjvm.dylib+0x326565]  jni_invoke_static(JNIEnv_*, JavaValue*, _jobject*, JNICallType, _jmethodID*, JNI_ArgumentPusher*, Thread*)+0x1bf
V  [libjvm.dylib+0x31f2f1]  jni_CallStaticVoidMethod+0x15d
C  [java+0x38ca]  JavaMain+0x9c4
C  [libsystem_pthread.dylib+0x6950]  _pthread_start+0xe0
C  [libsystem_pthread.dylib+0x247b]  thread_start+0xf
C  0x0000000000000000

Java frames: (J=compiled Java code, j=interpreted, Vv=VM code)
j  org.lwjgl.opengl.MacOSXContextImplementation.setView(Ljava/nio/ByteBuffer;Ljava/nio/ByteBuffer;)V+0
j  org.lwjgl.opengl.MacOSXContextImplementation.makeCurrent(Lorg/lwjgl/opengl/PeerInfo;Ljava/nio/ByteBuffer;)V+7
j  org.lwjgl.opengl.ContextGL.makeCurrent()V+46
j  org.lwjgl.opengl.DrawableGL.makeCurrent()V+14
j  org.lwjgl.opengl.Display.makeCurrent()V+3
j  org.lwjgl.opengl.Display.makeCurrentAndSetSwapInterval()V+0
j  org.lwjgl.opengl.Display.create(Lorg/lwjgl/opengl/PixelFormat;Lorg/lwjgl/opengl/Drawable;Lorg/lwjgl/opengl/ContextAttribs;)V+108
j  org.lwjgl.opengl.Display.create(Lorg/lwjgl/opengl/PixelFormat;Lorg/lwjgl/opengl/ContextAttribs;)V+9
j  renderEngine.DisplayManager.createDisplay()V+42
j  engineTester.MainGameLoop.main([Ljava/lang/String;)V+0
v  ~StubRoutines::call_stub

---------------  P R O C E S S  ---------------

Java Threads: ( => current thread )
  0x00007ffbe2136800 JavaThread "AWT-Shutdown" [_thread_blocked, id=38683, stack(0x000070000988e000,0x000070000998e000)]
  0x00007ffbe3081800 JavaThread "AppKit Thread" daemon [_thread_in_native, id=775, stack(0x00007ffee5672000,0x00007ffee5e72000)]
  0x00007ffbe3068800 JavaThread "Service Thread" daemon [_thread_blocked, id=16899, stack(0x0000700009605000,0x0000700009705000)]
  0x00007ffbe2823800 JavaThread "C1 CompilerThread2" daemon [_thread_blocked, id=17155, stack(0x0000700009502000,0x0000700009602000)]
  0x00007ffbe3067800 JavaThread "C2 CompilerThread1" daemon [_thread_blocked, id=14339, stack(0x00007000093ff000,0x00007000094ff000)]
  0x00007ffbe2822800 JavaThread "C2 CompilerThread0" daemon [_thread_blocked, id=17923, stack(0x00007000092fc000,0x00007000093fc000)]
  0x00007ffbe302b800 JavaThread "Signal Dispatcher" daemon [_thread_blocked, id=18435, stack(0x00007000091f9000,0x00007000092f9000)]
  0x00007ffbe381f800 JavaThread "Finalizer" daemon [_thread_blocked, id=11779, stack(0x0000700008f6d000,0x000070000906d000)]
  0x00007ffbe2808800 JavaThread "Reference Handler" daemon [_thread_blocked, id=11523, stack(0x0000700008e6a000,0x0000700008f6a000)]
=>0x00007ffbe380a000 JavaThread "main" [_thread_in_native, id=4355, stack(0x0000700008858000,0x0000700008958000)]

Other Threads:
  0x00007ffbe3011000 VMThread [stack: 0x0000700008d67000,0x0000700008e67000] [id=11267]
  0x00007ffbe306b000 WatcherThread [stack: 0x0000700009708000,0x0000700009808000] [id=16643]

VM state:not at safepoint (normal execution)

VM Mutex/Monitor currently owned by a thread: None

Heap:
 PSYoungGen      total 38400K, used 5347K [0x0000000795580000, 0x0000000798000000, 0x00000007c0000000)
  eden space 33280K, 16% used [0x0000000795580000,0x0000000795ab8c40,0x0000000797600000)
  from space 5120K, 0% used [0x0000000797b00000,0x0000000797b00000,0x0000000798000000)
  to   space 5120K, 0% used [0x0000000797600000,0x0000000797600000,0x0000000797b00000)
 ParOldGen       total 87552K, used 0K [0x0000000740000000, 0x0000000745580000, 0x0000000795580000)
  object space 87552K, 0% used [0x0000000740000000,0x0000000740000000,0x0000000745580000)
 Metaspace       used 5363K, capacity 5490K, committed 5632K, reserved 1056768K
  class space    used 600K, capacity 665K, committed 768K, reserved 1048576K

Card table byte_map: [0x000000010d36e000,0x000000010d76f000] byte_map_base: 0x000000010996e000

Marking Bits: (ParMarkBitMap*) 0x000000010c8f76c0
 Begin Bits: [0x000000011d575000, 0x000000011f575000)
 End Bits:   [0x000000011f575000, 0x0000000121575000)

Polling page: 0x0000000109e01000

CodeCache: size=245760Kb used=1639Kb max_used=1639Kb free=244120Kb
 bounds [0x000000010e575000, 0x000000010e7e5000, 0x000000011d575000]
 total_blobs=574 nmethods=294 adapters=194
 compilation: enabled

Compilation events (10 events):
Event: 1.291 Thread 0x00007ffbe2823800  291       3       java.nio.DirectLongBufferU::put (18 bytes)
Event: 1.291 Thread 0x00007ffbe2823800 nmethod 291 0x000000010e70c690 code [0x000000010e70c800, 0x000000010e70ca70]
Event: 1.291 Thread 0x00007ffbe2823800  292       1       java.net.URL::getUserInfo (5 bytes)
Event: 1.291 Thread 0x00007ffbe2823800 nmethod 292 0x000000010e70cb90 code [0x000000010e70cce0, 0x000000010e70cdf0]
Event: 1.294 Thread 0x00007ffbe2823800  293       3       sun.net.www.ParseUtil::encodePath (336 bytes)
Event: 1.296 Thread 0x00007ffbe2823800 nmethod 293 0x000000010e70ce50 code [0x000000010e70d0c0, 0x000000010e70e0b8]
Event: 1.296 Thread 0x00007ffbe2823800  295  s    3       java.lang.StringBuffer::append (13 bytes)
Event: 1.296 Thread 0x00007ffbe2823800 nmethod 295 0x000000010e70e850 code [0x000000010e70e9c0, 0x000000010e70ece8]
Event: 1.296 Thread 0x00007ffbe2823800  294       1       sun.misc.URLClassPath$JarLoader::access$700 (5 bytes)
Event: 1.296 Thread 0x00007ffbe2823800 nmethod 294 0x000000010e70edd0 code [0x000000010e70ef20, 0x000000010e70f010]

GC Heap History (0 events):
No events

Deoptimization events (0 events):
No events

Classes redefined (0 events):
No events

Internal exceptions (10 events):
Event: 0.098 Thread 0x00007ffbe380a000 Exception <a 'java/lang/NoSuchMethodError': Method sun.misc.Unsafe.defineClass(Ljava/lang/String;[BII)Ljava/lang/Class; name or signature does not match> (0x0000000795587ca0) thrown at [/Users/java_re/workspace/8-2-build-macosx-x86_64/jdk8u162/10278/hotsp
Event: 0.098 Thread 0x00007ffbe380a000 Exception <a 'java/lang/NoSuchMethodError': Method sun.misc.Unsafe.prefetchRead(Ljava/lang/Object;J)V name or signature does not match> (0x0000000795587f88) thrown at [/Users/java_re/workspace/8-2-build-macosx-x86_64/jdk8u162/10278/hotspot/src/share/vm/pr
Event: 0.472 Thread 0x00007ffbe380a000 Exception <a 'java/security/PrivilegedActionException'> (0x000000079574d960) thrown at [/Users/java_re/workspace/8-2-build-macosx-x86_64/jdk8u162/10278/hotspot/src/share/vm/prims/jvm.cpp, line 1390]
Event: 0.472 Thread 0x00007ffbe380a000 Exception <a 'java/security/PrivilegedActionException'> (0x000000079574db70) thrown at [/Users/java_re/workspace/8-2-build-macosx-x86_64/jdk8u162/10278/hotspot/src/share/vm/prims/jvm.cpp, line 1390]
Event: 0.473 Thread 0x00007ffbe380a000 Exception <a 'java/security/PrivilegedActionException'> (0x00000007957523b0) thrown at [/Users/java_re/workspace/8-2-build-macosx-x86_64/jdk8u162/10278/hotspot/src/share/vm/prims/jvm.cpp, line 1390]
Event: 0.473 Thread 0x00007ffbe380a000 Exception <a 'java/security/PrivilegedActionException'> (0x00000007957525c0) thrown at [/Users/java_re/workspace/8-2-build-macosx-x86_64/jdk8u162/10278/hotspot/src/share/vm/prims/jvm.cpp, line 1390]
Event: 0.669 Thread 0x00007ffbe380a000 Exception <a 'java/lang/NoSuchFieldError': method resolution failed> (0x00000007958230a0) thrown at [/Users/java_re/workspace/8-2-build-macosx-x86_64/jdk8u162/10278/hotspot/src/share/vm/prims/methodHandles.cpp, line 1167]
Event: 0.672 Thread 0x00007ffbe380a000 Exception <a 'java/lang/NoSuchFieldError': method resolution failed> (0x00000007958307f0) thrown at [/Users/java_re/workspace/8-2-build-macosx-x86_64/jdk8u162/10278/hotspot/src/share/vm/prims/methodHandles.cpp, line 1167]
Event: 1.091 Thread 0x00007ffbe380a000 Exception <a 'java/io/FileNotFoundException'> (0x00000007958ab4d0) thrown at [/Users/java_re/workspace/8-2-build-macosx-x86_64/jdk8u162/10278/hotspot/src/share/vm/prims/jni.cpp, line 709]
Event: 1.092 Thread 0x00007ffbe380a000 Exception <a 'java/io/FileNotFoundException'> (0x00000007958abfe8) thrown at [/Users/java_re/workspace/8-2-build-macosx-x86_64/jdk8u162/10278/hotspot/src/share/vm/prims/jni.cpp, line 709]

Events (10 events):
Event: 1.288 loading class org/lwjgl/opengl/ContextImplementation
Event: 1.288 loading class org/lwjgl/opengl/ContextImplementation done
Event: 1.289 loading class org/lwjgl/opengl/MacOSXContextImplementation
Event: 1.289 loading class org/lwjgl/opengl/MacOSXContextImplementation done
Event: 1.291 loading class org/lwjgl/opengl/GLContext
Event: 1.291 loading class org/lwjgl/opengl/GLContext done
Event: 1.294 loading class java/lang/NumberFormatException
Event: 1.294 loading class java/lang/NumberFormatException done
Event: 1.294 loading class org/lwjgl/opengl/GLContext$CapabilitiesCacheEntry
Event: 1.294 loading class org/lwjgl/opengl/GLContext$CapabilitiesCacheEntry done


Dynamic libraries:
0x0000000000267000 	/System/Library/Frameworks/Cocoa.framework/Versions/A/Cocoa
0x0000000000267000 	/System/Library/Frameworks/Security.framework/Versions/A/Security
0x0000000000267000 	/System/Library/Frameworks/ApplicationServices.framework/Versions/A/ApplicationServices
0x0000000000267000 	/usr/lib/libz.1.dylib
0x0000000000267000 	/usr/lib/libSystem.B.dylib
0x0000000000267000 	/usr/lib/libobjc.A.dylib
0x0000000000267000 	/System/Library/Frameworks/CoreFoundation.framework/Versions/A/CoreFoundation
0x0000000000267000 	/System/Library/Frameworks/Foundation.framework/Versions/C/Foundation
0x0000000000267000 	/System/Library/Frameworks/AppKit.framework/Versions/C/AppKit
0x0000000000267000 	/System/Library/Frameworks/CoreData.framework/Versions/A/CoreData
0x0000000000267000 	/System/Library/PrivateFrameworks/UIFoundation.framework/Versions/A/UIFoundation
0x0000000000267000 	/System/Library/PrivateFrameworks/RemoteViewServices.framework/Versions/A/RemoteViewServices
0x0000000000267000 	/System/Library/PrivateFrameworks/XCTTargetBootstrap.framework/Versions/A/XCTTargetBootstrap
0x0000000000267000 	/usr/lib/libspindump.dylib
0x0000000000267000 	/System/Library/Frameworks/UniformTypeIdentifiers.framework/Versions/A/UniformTypeIdentifiers
0x0000000000267000 	/usr/lib/libapp_launch_measurement.dylib
0x0000000000267000 	/System/Library/PrivateFrameworks/CoreAutoLayout.framework/Versions/A/CoreAutoLayout
0x0000000000267000 	/System/Library/Frameworks/Metal.framework/Versions/A/Metal
0x0000000000267000 	/usr/lib/liblangid.dylib
0x0000000000267000 	/System/Library/PrivateFrameworks/CoreSVG.framework/Versions/A/CoreSVG
0x0000000000267000 	/System/Library/PrivateFrameworks/SkyLight.framework/Versions/A/SkyLight
0x0000000000267000 	/System/Library/Frameworks/CoreGraphics.framework/Versions/A/CoreGraphics
0x0000000000267000 	/System/Library/Frameworks/Accelerate.framework/Versions/A/Accelerate
0x0000000000267000 	/System/Library/PrivateFrameworks/IconServices.framework/Versions/A/IconServices
0x0000000000267000 	/System/Library/Frameworks/IOSurface.framework/Versions/A/IOSurface
0x0000000000267000 	/usr/lib/libDiagnosticMessagesClient.dylib
0x0000000000267000 	/System/Library/PrivateFrameworks/DFRFoundation.framework/Versions/A/DFRFoundation
0x0000000000267000 	/usr/lib/libicucore.A.dylib
0x0000000000267000 	/System/Library/Frameworks/AudioToolbox.framework/Versions/A/AudioToolbox
0x0000000000267000 	/System/Library/PrivateFrameworks/DataDetectorsCore.framework/Versions/A/DataDetectorsCore
0x0000000000267000 	/System/Library/Frameworks/Carbon.framework/Versions/A/Frameworks/HIToolbox.framework/Versions/A/HIToolbox
0x0000000000267000 	/System/Library/Frameworks/QuartzCore.framework/Versions/A/QuartzCore
0x0000000000267000 	/System/Library/Frameworks/Carbon.framework/Versions/A/Frameworks/SpeechRecognition.framework/Versions/A/SpeechRecognition
0x0000000000267000 	/System/Library/PrivateFrameworks/CoreUI.framework/Versions/A/CoreUI
0x0000000000267000 	/System/Library/Frameworks/CoreAudio.framework/Versions/A/CoreAudio
0x0000000000267000 	/System/Library/Frameworks/DiskArbitration.framework/Versions/A/DiskArbitration
0x0000000000267000 	/System/Library/PrivateFrameworks/MultitouchSupport.framework/Versions/A/MultitouchSupport
0x0000000000267000 	/System/Library/PrivateFrameworks/InternationalSupport.framework/Versions/A/InternationalSupport
0x0000000000267000 	/usr/lib/libenergytrace.dylib
0x0000000000267000 	/System/Library/Frameworks/IOKit.framework/Versions/A/IOKit
0x0000000000267000 	/System/Library/Frameworks/CoreServices.framework/Versions/A/CoreServices
0x0000000000267000 	/System/Library/PrivateFrameworks/PerformanceAnalysis.framework/Versions/A/PerformanceAnalysis
0x0000000000267000 	/System/Library/Frameworks/OpenGL.framework/Versions/A/OpenGL
0x0000000000267000 	/System/Library/PrivateFrameworks/UserActivity.framework/Versions/A/UserActivity
0x0000000000267000 	/System/Library/Frameworks/ColorSync.framework/Versions/A/ColorSync
0x0000000000267000 	/System/Library/Frameworks/CoreImage.framework/Versions/A/CoreImage
0x0000000000267000 	/System/Library/Frameworks/CoreText.framework/Versions/A/CoreText
0x0000000000267000 	/System/Library/Frameworks/ImageIO.framework/Versions/A/ImageIO
0x0000000000267000 	/System/Library/PrivateFrameworks/SoftLinking.framework/Versions/A/SoftLinking
0x0000000000267000 	/usr/lib/libxml2.2.dylib
0x0000000000267000 	/usr/lib/libc++.1.dylib
0x0000000000267000 	/usr/lib/libcompression.dylib
0x0000000000267000 	/usr/lib/libMobileGestalt.dylib
0x0000000000267000 	/System/Library/PrivateFrameworks/TextureIO.framework/Versions/A/TextureIO
0x0000000000267000 	/usr/lib/libate.dylib
0x0000000000267000 	/usr/lib/system/libcache.dylib
0x0000000000267000 	/usr/lib/system/libcommonCrypto.dylib
0x0000000000267000 	/usr/lib/system/libcompiler_rt.dylib
0x0000000000267000 	/usr/lib/system/libcopyfile.dylib
0x0000000000267000 	/usr/lib/system/libcorecrypto.dylib
0x0000000000267000 	/usr/lib/system/libdispatch.dylib
0x0000000000267000 	/usr/lib/system/libdyld.dylib
0x0000000000267000 	/usr/lib/system/libkeymgr.dylib
0x0000000000267000 	/usr/lib/system/liblaunch.dylib
0x0000000000267000 	/usr/lib/system/libmacho.dylib
0x0000000000267000 	/usr/lib/system/libquarantine.dylib
0x0000000000267000 	/usr/lib/system/libremovefile.dylib
0x0000000000267000 	/usr/lib/system/libsystem_asl.dylib
0x0000000000267000 	/usr/lib/system/libsystem_blocks.dylib
0x0000000000267000 	/usr/lib/system/libsystem_c.dylib
0x0000000000267000 	/usr/lib/system/libsystem_collections.dylib
0x0000000000267000 	/usr/lib/system/libsystem_configuration.dylib
0x0000000000267000 	/usr/lib/system/libsystem_containermanager.dylib
0x0000000000267000 	/usr/lib/system/libsystem_coreservices.dylib
0x0000000000267000 	/usr/lib/system/libsystem_darwin.dylib
0x0000000000267000 	/usr/lib/system/libsystem_dnssd.dylib
0x0000000000267000 	/usr/lib/system/libsystem_featureflags.dylib
0x0000000000267000 	/usr/lib/system/libsystem_info.dylib
0x0000000000267000 	/usr/lib/system/libsystem_m.dylib
0x0000000000267000 	/usr/lib/system/libsystem_malloc.dylib
0x0000000000267000 	/usr/lib/system/libsystem_networkextension.dylib
0x0000000000267000 	/usr/lib/system/libsystem_notify.dylib
0x0000000000267000 	/usr/lib/system/libsystem_product_info_filter.dylib
0x0000000000267000 	/usr/lib/system/libsystem_sandbox.dylib
0x0000000000267000 	/usr/lib/system/libsystem_secinit.dylib
0x0000000000267000 	/usr/lib/system/libsystem_kernel.dylib
0x0000000000267000 	/usr/lib/system/libsystem_platform.dylib
0x0000000000267000 	/usr/lib/system/libsystem_pthread.dylib
0x0000000000267000 	/usr/lib/system/libsystem_symptoms.dylib
0x0000000000267000 	/usr/lib/system/libsystem_trace.dylib
0x0000000000267000 	/usr/lib/system/libunwind.dylib
0x0000000000267000 	/usr/lib/system/libxpc.dylib
0x0000000000267000 	/usr/lib/libc++abi.dylib
0x0000000000267000 	/usr/lib/liboah.dylib
0x0000000000267000 	/usr/lib/liblzma.5.dylib
0x0000000000267000 	/System/Library/Frameworks/SystemConfiguration.framework/Versions/A/SystemConfiguration
0x0000000000267000 	/usr/lib/libfakelink.dylib
0x0000000000267000 	/System/Library/Frameworks/CFNetwork.framework/Versions/A/CFNetwork
0x0000000000267000 	/usr/lib/libarchive.2.dylib
0x0000000000267000 	/usr/lib/libCRFSuite.dylib
0x0000000000267000 	/usr/lib/libbsm.0.dylib
0x0000000000267000 	/usr/lib/libnetwork.dylib
0x0000000000267000 	/usr/lib/libpcap.A.dylib
0x0000000000267000 	/usr/lib/libdns_services.dylib
0x0000000000267000 	/usr/lib/libcoretls_cfhelpers.dylib
0x0000000000267000 	/usr/lib/libapple_nghttp2.dylib
0x0000000000267000 	/usr/lib/system/libkxld.dylib
0x0000000000267000 	/usr/lib/libsqlite3.dylib
0x0000000000267000 	/System/Library/PrivateFrameworks/AppleFSCompression.framework/Versions/A/AppleFSCompression
0x0000000000267000 	/usr/lib/libcoretls.dylib
0x0000000000267000 	/usr/lib/libpam.2.dylib
0x0000000000267000 	/usr/lib/libxar.1.dylib
0x0000000000267000 	/System/Library/PrivateFrameworks/AppleSystemInfo.framework/Versions/A/AppleSystemInfo
0x0000000000267000 	/System/Library/PrivateFrameworks/IOMobileFramebuffer.framework/Versions/A/IOMobileFramebuffer
0x0000000000267000 	/usr/lib/libbz2.1.0.dylib
0x0000000000267000 	/usr/lib/libiconv.2.dylib
0x0000000000267000 	/usr/lib/libcharset.1.dylib
0x0000000000267000 	/System/Library/Frameworks/CoreServices.framework/Versions/A/Frameworks/FSEvents.framework/Versions/A/FSEvents
0x0000000000267000 	/System/Library/Frameworks/CoreServices.framework/Versions/A/Frameworks/CarbonCore.framework/Versions/A/CarbonCore
0x0000000000267000 	/System/Library/Frameworks/CoreServices.framework/Versions/A/Frameworks/Metadata.framework/Versions/A/Metadata
0x0000000000267000 	/System/Library/Frameworks/CoreServices.framework/Versions/A/Frameworks/OSServices.framework/Versions/A/OSServices
0x0000000000267000 	/System/Library/Frameworks/CoreServices.framework/Versions/A/Frameworks/SearchKit.framework/Versions/A/SearchKit
0x0000000000267000 	/System/Library/Frameworks/CoreServices.framework/Versions/A/Frameworks/AE.framework/Versions/A/AE
0x0000000000267000 	/System/Library/Frameworks/CoreServices.framework/Versions/A/Frameworks/LaunchServices.framework/Versions/A/LaunchServices
0x0000000000267000 	/System/Library/Frameworks/CoreServices.framework/Versions/A/Frameworks/DictionaryServices.framework/Versions/A/DictionaryServices
0x0000000000267000 	/System/Library/Frameworks/CoreServices.framework/Versions/A/Frameworks/SharedFileList.framework/Versions/A/SharedFileList
0x0000000000267000 	/usr/lib/libCheckFix.dylib
0x0000000000267000 	/System/Library/PrivateFrameworks/TCC.framework/Versions/A/TCC
0x0000000000267000 	/System/Library/PrivateFrameworks/CoreNLP.framework/Versions/A/CoreNLP
0x0000000000267000 	/System/Library/PrivateFrameworks/MetadataUtilities.framework/Versions/A/MetadataUtilities
0x0000000000267000 	/usr/lib/libmecabra.dylib
0x0000000000267000 	/System/Library/Frameworks/MLCompute.framework/Versions/A/MLCompute
0x0000000000267000 	/usr/lib/libmecab.dylib
0x0000000000267000 	/usr/lib/libgermantok.dylib
0x0000000000267000 	/usr/lib/libThaiTokenizer.dylib
0x0000000000267000 	/usr/lib/libChineseTokenizer.dylib
0x0000000000267000 	/System/Library/Frameworks/MetalPerformanceShaders.framework/Versions/A/MetalPerformanceShaders
0x0000000000267000 	/System/Library/Frameworks/Accelerate.framework/Versions/A/Frameworks/vImage.framework/Versions/A/vImage
0x0000000000267000 	/System/Library/Frameworks/Accelerate.framework/Versions/A/Frameworks/vecLib.framework/Versions/A/vecLib
0x0000000000267000 	/System/Library/Frameworks/Accelerate.framework/Versions/A/Frameworks/vecLib.framework/Versions/A/libvMisc.dylib
0x0000000000267000 	/System/Library/Frameworks/Accelerate.framework/Versions/A/Frameworks/vecLib.framework/Versions/A/libvDSP.dylib
0x0000000000267000 	/System/Library/Frameworks/Accelerate.framework/Versions/A/Frameworks/vecLib.framework/Versions/A/libBLAS.dylib
0x0000000000267000 	/System/Library/Frameworks/Accelerate.framework/Versions/A/Frameworks/vecLib.framework/Versions/A/libLAPACK.dylib
0x0000000000267000 	/System/Library/Frameworks/Accelerate.framework/Versions/A/Frameworks/vecLib.framework/Versions/A/libLinearAlgebra.dylib
0x0000000000267000 	/System/Library/Frameworks/Accelerate.framework/Versions/A/Frameworks/vecLib.framework/Versions/A/libSparseBLAS.dylib
0x0000000000267000 	/System/Library/Frameworks/Accelerate.framework/Versions/A/Frameworks/vecLib.framework/Versions/A/libQuadrature.dylib
0x0000000000267000 	/System/Library/Frameworks/Accelerate.framework/Versions/A/Frameworks/vecLib.framework/Versions/A/libBNNS.dylib
0x0000000000267000 	/System/Library/Frameworks/Accelerate.framework/Versions/A/Frameworks/vecLib.framework/Versions/A/libSparse.dylib
0x0000000000267000 	/System/Library/Frameworks/MetalPerformanceShaders.framework/Versions/A/Frameworks/MPSCore.framework/Versions/A/MPSCore
0x0000000000267000 	/System/Library/Frameworks/MetalPerformanceShaders.framework/Versions/A/Frameworks/MPSImage.framework/Versions/A/MPSImage
0x0000000000267000 	/System/Library/Frameworks/MetalPerformanceShaders.framework/Versions/A/Frameworks/MPSNeuralNetwork.framework/Versions/A/MPSNeuralNetwork
0x0000000000267000 	/System/Library/Frameworks/MetalPerformanceShaders.framework/Versions/A/Frameworks/MPSMatrix.framework/Versions/A/MPSMatrix
0x0000000000267000 	/System/Library/Frameworks/MetalPerformanceShaders.framework/Versions/A/Frameworks/MPSRayIntersector.framework/Versions/A/MPSRayIntersector
0x0000000000267000 	/System/Library/Frameworks/MetalPerformanceShaders.framework/Versions/A/Frameworks/MPSNDArray.framework/Versions/A/MPSNDArray
0x0000000000267000 	/System/Library/PrivateFrameworks/MetalTools.framework/Versions/A/MetalTools
0x0000000000267000 	/System/Library/PrivateFrameworks/AggregateDictionary.framework/Versions/A/AggregateDictionary
0x0000000000267000 	/System/Library/PrivateFrameworks/CoreAnalytics.framework/Versions/A/CoreAnalytics
0x0000000000267000 	/System/Library/PrivateFrameworks/AppleSauce.framework/Versions/A/AppleSauce
0x0000000000267000 	/System/Library/PrivateFrameworks/IOAccelerator.framework/Versions/A/IOAccelerator
0x0000000000267000 	/System/Library/Frameworks/OpenGL.framework/Versions/A/Libraries/libCoreFSCache.dylib
0x0000000000267000 	/System/Library/PrivateFrameworks/LanguageModeling.framework/Versions/A/LanguageModeling
0x0000000000267000 	/System/Library/PrivateFrameworks/CoreEmoji.framework/Versions/A/CoreEmoji
0x0000000000267000 	/System/Library/PrivateFrameworks/LinguisticData.framework/Versions/A/LinguisticData
0x0000000000267000 	/System/Library/PrivateFrameworks/Lexicon.framework/Versions/A/Lexicon
0x0000000000267000 	/usr/lib/libcmph.dylib
0x0000000000267000 	/System/Library/Frameworks/OpenDirectory.framework/Versions/A/Frameworks/CFOpenDirectory.framework/Versions/A/CFOpenDirectory
0x0000000000267000 	/System/Library/Frameworks/OpenDirectory.framework/Versions/A/OpenDirectory
0x0000000000267000 	/System/Library/PrivateFrameworks/APFS.framework/Versions/A/APFS
0x0000000000267000 	/System/Library/Frameworks/SecurityFoundation.framework/Versions/A/SecurityFoundation
0x0000000000267000 	/usr/lib/libutil.dylib
0x0000000000267000 	/System/Library/PrivateFrameworks/CoreServicesStore.framework/Versions/A/CoreServicesStore
0x0000000000267000 	/System/Library/Frameworks/ServiceManagement.framework/Versions/A/ServiceManagement
0x0000000000267000 	/usr/lib/libxslt.1.dylib
0x0000000000267000 	/System/Library/PrivateFrameworks/BackgroundTaskManagement.framework/Versions/A/BackgroundTaskManagement
0x0000000000267000 	/System/Library/Frameworks/ImageIO.framework/Versions/A/Resources/libRadiance.dylib
0x0000000000267000 	/System/Library/Frameworks/ImageIO.framework/Versions/A/Resources/libJPEG.dylib
0x0000000000267000 	/System/Library/Frameworks/ImageIO.framework/Versions/A/Resources/libPng.dylib
0x0000000000267000 	/System/Library/Frameworks/ImageIO.framework/Versions/A/Resources/libTIFF.dylib
0x0000000000267000 	/System/Library/Frameworks/ImageIO.framework/Versions/A/Resources/libGIF.dylib
0x0000000000267000 	/System/Library/Frameworks/ImageIO.framework/Versions/A/Resources/libJP2.dylib
0x0000000000267000 	/usr/lib/libexpat.1.dylib
0x0000000000267000 	/System/Library/PrivateFrameworks/AppleJPEG.framework/Versions/A/AppleJPEG
0x0000000000267000 	/System/Library/PrivateFrameworks/FontServices.framework/libFontParser.dylib
0x0000000000267000 	/System/Library/PrivateFrameworks/RunningBoardServices.framework/Versions/A/RunningBoardServices
0x0000000000267000 	/System/Library/PrivateFrameworks/WatchdogClient.framework/Versions/A/WatchdogClient
0x0000000000267000 	/System/Library/Frameworks/CoreDisplay.framework/Versions/A/CoreDisplay
0x0000000000267000 	/System/Library/Frameworks/CoreMedia.framework/Versions/A/CoreMedia
0x0000000000267000 	/System/Library/Frameworks/CoreVideo.framework/Versions/A/CoreVideo
0x0000000000267000 	/System/Library/Frameworks/VideoToolbox.framework/Versions/A/VideoToolbox
0x0000000000267000 	/System/Library/PrivateFrameworks/BaseBoard.framework/Versions/A/BaseBoard
0x0000000000267000 	/System/Library/PrivateFrameworks/PersistentConnection.framework/Versions/A/PersistentConnection
0x0000000000267000 	/System/Library/PrivateFrameworks/ProtocolBuffer.framework/Versions/A/ProtocolBuffer
0x0000000000267000 	/System/Library/PrivateFrameworks/CommonUtilities.framework/Versions/A/CommonUtilities
0x0000000000267000 	/System/Library/PrivateFrameworks/Bom.framework/Versions/A/Bom
0x0000000000267000 	/System/Library/PrivateFrameworks/GPUWrangler.framework/Versions/A/GPUWrangler
0x0000000000267000 	/System/Library/PrivateFrameworks/IOPresentment.framework/Versions/A/IOPresentment
0x0000000000267000 	/System/Library/PrivateFrameworks/DSExternalDisplay.framework/Versions/A/DSExternalDisplay
0x0000000000267000 	/System/Library/PrivateFrameworks/CMCaptureCore.framework/Versions/A/CMCaptureCore
0x0000000000267000 	/System/Library/PrivateFrameworks/AppServerSupport.framework/Versions/A/AppServerSupport
0x0000000000267000 	/System/Library/PrivateFrameworks/perfdata.framework/Versions/A/perfdata
0x0000000000267000 	/System/Library/PrivateFrameworks/AssertionServices.framework/Versions/A/AssertionServices
0x0000000000267000 	/System/Library/PrivateFrameworks/AudioToolboxCore.framework/Versions/A/AudioToolboxCore
0x0000000000267000 	/System/Library/PrivateFrameworks/caulk.framework/Versions/A/caulk
0x0000000000267000 	/System/Library/PrivateFrameworks/SystemPolicy.framework/Versions/A/SystemPolicy
0x0000000000267000 	/usr/lib/libIOReport.dylib
0x0000000000267000 	/usr/lib/libSMC.dylib
0x0000000000267000 	/usr/lib/libAudioToolboxUtility.dylib
0x0000000000267000 	/usr/lib/libmis.dylib
0x0000000000267000 	/System/Library/Frameworks/OpenGL.framework/Versions/A/Libraries/libGLU.dylib
0x0000000000267000 	/System/Library/Frameworks/OpenGL.framework/Versions/A/Libraries/libGFXShared.dylib
0x0000000000267000 	/System/Library/Frameworks/OpenGL.framework/Versions/A/Libraries/libGL.dylib
0x0000000000267000 	/System/Library/Frameworks/OpenGL.framework/Versions/A/Libraries/libGLImage.dylib
0x0000000000267000 	/System/Library/Frameworks/OpenGL.framework/Versions/A/Libraries/libCVMSPluginSupport.dylib
0x0000000000267000 	/System/Library/Frameworks/OpenGL.framework/Versions/A/Libraries/libCoreVMClient.dylib
0x0000000000267000 	/System/Library/Frameworks/OpenCL.framework/Versions/A/OpenCL
0x0000000000267000 	/System/Library/PrivateFrameworks/GraphVisualizer.framework/Versions/A/GraphVisualizer
0x0000000000267000 	/System/Library/PrivateFrameworks/FaceCore.framework/Versions/A/FaceCore
0x0000000000267000 	/System/Library/PrivateFrameworks/OTSVG.framework/Versions/A/OTSVG
0x0000000000267000 	/System/Library/Frameworks/ApplicationServices.framework/Versions/A/Frameworks/ATS.framework/Versions/A/Resources/libFontRegistry.dylib
0x0000000000267000 	/System/Library/PrivateFrameworks/FontServices.framework/libhvf.dylib
0x0000000000267000 	/System/Library/PrivateFrameworks/AppleVA.framework/Versions/A/AppleVA
0x0000000000267000 	/System/Library/Frameworks/ApplicationServices.framework/Versions/A/Frameworks/ATS.framework/Versions/A/ATS
0x0000000000267000 	/System/Library/Frameworks/ApplicationServices.framework/Versions/A/Frameworks/ColorSyncLegacy.framework/Versions/A/ColorSyncLegacy
0x0000000000267000 	/System/Library/Frameworks/ApplicationServices.framework/Versions/A/Frameworks/HIServices.framework/Versions/A/HIServices
0x0000000000267000 	/System/Library/Frameworks/ApplicationServices.framework/Versions/A/Frameworks/LangAnalysis.framework/Versions/A/LangAnalysis
0x0000000000267000 	/System/Library/Frameworks/ApplicationServices.framework/Versions/A/Frameworks/PrintCore.framework/Versions/A/PrintCore
0x0000000000267000 	/System/Library/Frameworks/ApplicationServices.framework/Versions/A/Frameworks/QD.framework/Versions/A/QD
0x0000000000267000 	/System/Library/Frameworks/ApplicationServices.framework/Versions/A/Frameworks/SpeechSynthesis.framework/Versions/A/SpeechSynthesis
0x0000000000267000 	/System/Library/Frameworks/ApplicationServices.framework/Versions/A/Frameworks/ATSUI.framework/Versions/A/ATSUI
0x0000000000267000 	/usr/lib/libcups.2.dylib
0x0000000000267000 	/System/Library/PrivateFrameworks/NetAuth.framework/Versions/A/NetAuth
0x0000000000267000 	/System/Library/Frameworks/Kerberos.framework/Versions/A/Kerberos
0x0000000000267000 	/System/Library/Frameworks/GSS.framework/Versions/A/GSS
0x0000000000267000 	/usr/lib/libresolv.9.dylib
0x0000000000267000 	/System/Library/PrivateFrameworks/Heimdal.framework/Versions/A/Heimdal
0x0000000000267000 	/System/Library/Frameworks/Kerberos.framework/Versions/A/Libraries/libHeimdalProxy.dylib
0x0000000000267000 	/System/Library/Frameworks/Network.framework/Versions/A/Network
0x0000000000267000 	/usr/lib/libheimdal-asn1.dylib
0x0000000000267000 	/System/Library/PrivateFrameworks/CommonAuth.framework/Versions/A/CommonAuth
0x0000000000267000 	/System/Library/PrivateFrameworks/login.framework/Versions/A/Frameworks/loginsupport.framework/Versions/A/loginsupport
0x0000000000267000 	/System/Library/PrivateFrameworks/AudioSession.framework/Versions/A/AudioSession
0x0000000000267000 	/usr/lib/libAudioStatistics.dylib
0x0000000000267000 	/System/Library/PrivateFrameworks/MediaExperience.framework/Versions/A/MediaExperience
0x0000000000267000 	/System/Library/PrivateFrameworks/AudioSession.framework/libSessionUtility.dylib
0x0000000000267000 	/usr/lib/libperfcheck.dylib
0x0000000000267000 	/System/Library/PrivateFrameworks/AudioResourceArbitration.framework/Versions/A/AudioResourceArbitration
0x0000000000267000 	/System/Library/PrivateFrameworks/IconFoundation.framework/Versions/A/IconFoundation
0x0000000000267000 	/System/Library/PrivateFrameworks/SpeechRecognitionCore.framework/Versions/A/SpeechRecognitionCore
0x000000010c000000 	/Library/Internet Plug-Ins/JavaAppletPlugin.plugin/Contents/Home/lib/server/libjvm.dylib
0x0000000000267000 	/usr/lib/libstdc++.6.dylib
0x0000000109dbd000 	/Library/Internet Plug-Ins/JavaAppletPlugin.plugin/Contents/Home/lib/libverify.dylib
0x0000000109dcb000 	/Library/Internet Plug-Ins/JavaAppletPlugin.plugin/Contents/Home/lib/libjava.dylib
0x0000000109e4b000 	/Library/Internet Plug-Ins/JavaAppletPlugin.plugin/Contents/Home/lib/libzip.dylib
0x0000000109ea0000 	/Library/Internet Plug-Ins/JavaAppletPlugin.plugin/Contents/Home/lib/libawt.dylib
0x000000010dfff000 	/Library/Internet Plug-Ins/JavaAppletPlugin.plugin/Contents/Home/lib/libmlib_image.dylib
0x0000000000267000 	/System/Library/Frameworks/JavaNativeFoundation.framework/Versions/A/JavaNativeFoundation
0x0000000000267000 	/System/Library/Frameworks/JavaRuntimeSupport.framework/Versions/A/JavaRuntimeSupport
0x0000000000267000 	/System/Library/Frameworks/Carbon.framework/Versions/A/Carbon
0x0000000000267000 	/System/Library/PrivateFrameworks/CoreSymbolication.framework/Versions/A/CoreSymbolication
0x0000000000267000 	/System/Library/Frameworks/Carbon.framework/Versions/A/Frameworks/CommonPanels.framework/Versions/A/CommonPanels
0x0000000000267000 	/System/Library/Frameworks/Carbon.framework/Versions/A/Frameworks/Help.framework/Versions/A/Help
0x0000000000267000 	/System/Library/Frameworks/Carbon.framework/Versions/A/Frameworks/ImageCapture.framework/Versions/A/ImageCapture
0x0000000000267000 	/System/Library/Frameworks/Carbon.framework/Versions/A/Frameworks/OpenScripting.framework/Versions/A/OpenScripting
0x0000000000267000 	/System/Library/Frameworks/Carbon.framework/Versions/A/Frameworks/Ink.framework/Versions/A/Ink
0x0000000000267000 	/System/Library/Frameworks/Carbon.framework/Versions/A/Frameworks/Print.framework/Versions/A/Print
0x0000000000267000 	/System/Library/Frameworks/Carbon.framework/Versions/A/Frameworks/SecurityHI.framework/Versions/A/SecurityHI
0x0000000000267000 	/System/Library/PrivateFrameworks/DebugSymbols.framework/Versions/A/DebugSymbols
0x000000010e0cb000 	/Library/Internet Plug-Ins/JavaAppletPlugin.plugin/Contents/Home/lib/libawt_lwawt.dylib
0x0000000109f4a000 	/Library/Internet Plug-Ins/JavaAppletPlugin.plugin/Contents/Home/lib/libosxapp.dylib
0x0000000000267000 	/System/Library/Frameworks/ExceptionHandling.framework/Versions/A/ExceptionHandling
0x0000000000267000 	/System/Library/PrivateFrameworks/CoreServicesInternal.framework/Versions/A/CoreServicesInternal
0x0000000000267000 	/System/Library/Frameworks/FileProvider.framework/Versions/A/FileProvider
0x0000000000267000 	/System/Library/Frameworks/Accounts.framework/Versions/A/Accounts
0x0000000000267000 	/System/Library/PrivateFrameworks/GenerationalStorage.framework/Versions/A/GenerationalStorage
0x0000000000267000 	/System/Library/PrivateFrameworks/SymptomDiagnosticReporter.framework/Versions/A/SymptomDiagnosticReporter
0x0000000000267000 	/System/Library/PrivateFrameworks/AppContainer.framework/Versions/A/AppContainer
0x0000000000267000 	/System/Library/PrivateFrameworks/DesktopServicesPriv.framework/Versions/A/DesktopServicesPriv
0x0000000000267000 	/usr/lib/libsandbox.1.dylib
0x0000000000267000 	/System/Library/PrivateFrameworks/UserManagement.framework/Versions/A/UserManagement
0x0000000000267000 	/System/Library/PrivateFrameworks/MobileKeyBag.framework/Versions/A/MobileKeyBag
0x0000000000267000 	/System/Library/PrivateFrameworks/ChunkingLibrary.framework/Versions/A/ChunkingLibrary
0x0000000000267000 	/System/Library/PrivateFrameworks/SecCodeWrapper.framework/Versions/A/SecCodeWrapper
0x0000000000267000 	/System/Library/PrivateFrameworks/CrashReporterSupport.framework/Versions/A/CrashReporterSupport
0x0000000000267000 	/System/Library/PrivateFrameworks/OSAnalytics.framework/Versions/A/OSAnalytics
0x0000000000267000 	/usr/lib/libRosetta.dylib
0x0000000000267000 	/System/Library/PrivateFrameworks/RemoteServiceDiscovery.framework/Versions/A/RemoteServiceDiscovery
0x0000000000267000 	/System/Library/PrivateFrameworks/Symbolication.framework/Versions/A/Symbolication
0x0000000000267000 	/System/Library/PrivateFrameworks/RemoteXPC.framework/Versions/A/RemoteXPC
0x0000000000267000 	/System/Library/PrivateFrameworks/OSAServicesClient.framework/Versions/A/OSAServicesClient
0x0000000000267000 	/System/Library/PrivateFrameworks/MallocStackLogging.framework/Versions/A/MallocStackLogging
0x0000000000267000 	/System/Library/PrivateFrameworks/Sharing.framework/Versions/A/Sharing
0x0000000000267000 	/System/Library/PrivateFrameworks/Apple80211.framework/Versions/A/Apple80211
0x0000000000267000 	/System/Library/PrivateFrameworks/AuthKit.framework/Versions/A/AuthKit
0x0000000000267000 	/System/Library/PrivateFrameworks/CoreUtils.framework/Versions/A/CoreUtils
0x0000000000267000 	/System/Library/Frameworks/CoreWLAN.framework/Versions/A/CoreWLAN
0x0000000000267000 	/System/Library/Frameworks/IOBluetooth.framework/Versions/A/IOBluetooth
0x0000000000267000 	/System/Library/PrivateFrameworks/CoreWiFi.framework/Versions/A/CoreWiFi
0x0000000000267000 	/System/Library/PrivateFrameworks/CorePhoneNumbers.framework/Versions/A/CorePhoneNumbers
0x0000000000267000 	/System/Library/PrivateFrameworks/DiskManagement.framework/Versions/A/DiskManagement
0x0000000000267000 	/System/Library/PrivateFrameworks/AppleIDAuthSupport.framework/Versions/A/AppleIDAuthSupport
0x0000000000267000 	/System/Library/PrivateFrameworks/KeychainCircle.framework/Versions/A/KeychainCircle
0x0000000000267000 	/System/Library/PrivateFrameworks/MediaKit.framework/Versions/A/MediaKit
0x0000000000267000 	/System/Library/Frameworks/DiscRecording.framework/Versions/A/DiscRecording
0x0000000000267000 	/usr/lib/libCoreStorage.dylib
0x0000000000267000 	/usr/lib/libcsfde.dylib
0x0000000000267000 	/System/Library/PrivateFrameworks/ProtectedCloudStorage.framework/Versions/A/ProtectedCloudStorage
0x0000000000267000 	/System/Library/PrivateFrameworks/EFILogin.framework/Versions/A/EFILogin
0x0000000000267000 	/System/Library/Frameworks/AudioUnit.framework/Versions/A/AudioUnit
0x0000000000267000 	/System/Library/Frameworks/CoreBluetooth.framework/Versions/A/CoreBluetooth
0x0000000000267000 	/usr/lib/libMatch.1.dylib
0x0000000000267000 	/System/Library/CoreServices/RawCamera.bundle/Contents/MacOS/RawCamera
0x0000000000267000 	/System/Library/PrivateFrameworks/MobileAsset.framework/Versions/A/MobileAsset
0x0000000000267000 	/System/Library/PrivateFrameworks/StreamingZip.framework/Versions/A/StreamingZip
0x0000000000267000 	/System/Library/Frameworks/MediaToolbox.framework/Versions/A/MediaToolbox
0x0000000000267000 	/System/Library/PrivateFrameworks/CoreAVCHD.framework/Versions/A/CoreAVCHD
0x0000000000267000 	/System/Library/Frameworks/MediaAccessibility.framework/Versions/A/MediaAccessibility
0x0000000000267000 	/System/Library/PrivateFrameworks/Mangrove.framework/Versions/A/Mangrove
0x0000000000267000 	/System/Library/PrivateFrameworks/AlgosScoreFramework.framework/Versions/A/AlgosScoreFramework
0x0000000000267000 	/System/Library/PrivateFrameworks/AppleVPA.framework/Versions/A/AppleVPA
0x0000000000267000 	/System/Library/PrivateFrameworks/CoreAUC.framework/Versions/A/CoreAUC
0x0000000000267000 	/System/Library/Frameworks/Accelerate.framework/Versions/A/Frameworks/vImage.framework/Versions/A/Libraries/libCGInterfaces.dylib
0x000000010e412000 	/usr/lib/libobjc-trampolines.dylib
0x0000000000267000 	/System/Library/PrivateFrameworks/FamilyControls.framework/Versions/A/FamilyControls
0x0000000000267000 	/System/Library/PrivateFrameworks/CommerceKit.framework/Versions/A/Frameworks/CommerceCore.framework/Versions/A/CommerceCore
0x0000000000267000 	/System/Library/PrivateFrameworks/SystemAdministration.framework/Versions/A/SystemAdministration
0x0000000000267000 	/System/Library/PrivateFrameworks/login.framework/Versions/A/login
0x0000000000267000 	/System/Library/Frameworks/DirectoryService.framework/Versions/A/DirectoryService
0x0000000000267000 	/System/Library/PrivateFrameworks/DiskImages.framework/Versions/A/DiskImages
0x0000000000267000 	/System/Library/PrivateFrameworks/LoginUIKit.framework/Versions/A/Frameworks/LoginUICore.framework/Versions/A/LoginUICore
0x0000000000267000 	/usr/lib/libodfde.dylib
0x0000000000267000 	/usr/lib/libcurl.4.dylib
0x0000000000267000 	/usr/lib/libcrypto.44.dylib
0x0000000000267000 	/usr/lib/libssl.46.dylib
0x0000000000267000 	/System/Library/Frameworks/LDAP.framework/Versions/A/LDAP
0x0000000000267000 	/System/Library/PrivateFrameworks/TrustEvaluationAgent.framework/Versions/A/TrustEvaluationAgent
0x0000000000267000 	/usr/lib/libsasl2.2.dylib
0x0000000000267000 	/System/Library/PrivateFrameworks/CoreDaemon.framework/Versions/B/CoreDaemon
0x0000000000267000 	/System/Library/PrivateFrameworks/AppleSRP.framework/Versions/A/AppleSRP
0x0000000000267000 	/System/Library/PrivateFrameworks/ViewBridge.framework/Versions/A/ViewBridge
0x0000000126a50000 	/Library/Internet Plug-Ins/JavaAppletPlugin.plugin/Contents/Home/lib/libfontmanager.dylib
0x0000000126ab7000 	/Users/Mez/Documents/GitHub/AppStrangerThings/Gioco1/lib/natives/liblwjgl.dylib
0x00000001260eb000 	/Library/Internet Plug-Ins/JavaAppletPlugin.plugin/Contents/Home/lib/libjawt.dylib
0x0000000000267000 	/System/Library/Frameworks/OpenGL.framework/Versions/A/Resources/GLEngine.bundle/GLEngine
0x0000000000267000 	/System/Library/Frameworks/OpenGL.framework/Versions/A/Libraries/libGLProgrammability.dylib
0x0000000000267000 	/System/Library/Extensions/AppleIntelBDWGraphicsGLDriver.bundle/Contents/MacOS/AppleIntelBDWGraphicsGLDriver
0x0000000000267000 	/System/Library/PrivateFrameworks/GPUSupport.framework/Versions/A/Libraries/libGPUSupportMercury.dylib
0x0000000000267000 	/System/Library/Frameworks/OpenGL.framework/Versions/A/Resources/GLRendererFloat.bundle/GLRendererFloat

VM Arguments:
jvm_args: -Djava.library.path=/Users/Mez/Documents/GitHub/AppStrangerThings/Gioco1/lib/natives -Dfile.encoding=UTF-8 
java_command: engineTester.MainGameLoop
java_class_path (initial): /Users/Mez/Documents/GitHub/AppStrangerThings/Gioco1/bin:/Users/Mez/Documents/GitHub/AppStrangerThings/Gioco1/lib/jars/lwjgl_util.jar:/Users/Mez/Documents/GitHub/AppStrangerThings/Gioco1/lib/jars/lwjgl.jar:/Users/Mez/Documents/GitHub/AppStrangerThings/Gioco1/lib/jars/slick-util.jar
Launcher Type: SUN_STANDARD

Environment Variables:
PATH=/usr/bin:/bin:/usr/sbin:/sbin
SHELL=/bin/bash

Signal Handlers:
SIGSEGV: [libjvm.dylib+0x5b52b5], sa_mask[0]=11111111011111110111111111111111, sa_flags=SA_ONSTACK|SA_RESTART|SA_SIGINFO
SIGBUS: [libjvm.dylib+0x5b52b5], sa_mask[0]=11111111011111110111111111111111, sa_flags=SA_RESTART|SA_SIGINFO
SIGFPE: [libjvm.dylib+0x48ac5c], sa_mask[0]=11111111011111110111111111111111, sa_flags=SA_RESTART|SA_SIGINFO
SIGPIPE: [libjvm.dylib+0x48ac5c], sa_mask[0]=11111111011111110111111111111111, sa_flags=SA_RESTART|SA_SIGINFO
SIGXFSZ: [libjvm.dylib+0x48ac5c], sa_mask[0]=11111111011111110111111111111111, sa_flags=SA_RESTART|SA_SIGINFO
SIGILL: [libjvm.dylib+0x48ac5c], sa_mask[0]=11111111011111110111111111111111, sa_flags=SA_RESTART|SA_SIGINFO
SIGUSR1: SIG_DFL, sa_mask[0]=00000000000000000000000000000000, sa_flags=none
SIGUSR2: [libjvm.dylib+0x48a77a], sa_mask[0]=00100000000000000000000000000000, sa_flags=SA_RESTART|SA_SIGINFO
SIGHUP: [libjvm.dylib+0x488d45], sa_mask[0]=11111111011111110111111111111111, sa_flags=SA_RESTART|SA_SIGINFO
SIGINT: [libjvm.dylib+0x488d45], sa_mask[0]=11111111011111110111111111111111, sa_flags=SA_RESTART|SA_SIGINFO
SIGTERM: [libjvm.dylib+0x488d45], sa_mask[0]=11111111011111110111111111111111, sa_flags=SA_RESTART|SA_SIGINFO
SIGQUIT: [libjvm.dylib+0x488d45], sa_mask[0]=11111111011111110111111111111111, sa_flags=SA_RESTART|SA_SIGINFO


---------------  S Y S T E M  ---------------

OS:Bsduname:Darwin 20.3.0 Darwin Kernel Version 20.3.0: Thu Jan 21 00:07:06 PST 2021; root:xnu-7195.81.3~1/RELEASE_X86_64 x86_64
rlimit: STACK 8192k, CORE 0k, NPROC 1392, NOFILE 10240, AS infinity
load average:7.36 11.09 10.44

CPU:total 4 (initial active 4) (2 cores per cpu, 2 threads per core) family 6 model 61 stepping 4, cmov, cx8, fxsr, mmx, sse, sse2, sse3, ssse3, sse4.1, sse4.2, popcnt, avx, avx2, aes, clmul, erms, 3dnowpref, lzcnt, ht, tsc, tscinvbit, bmi1, bmi2, adx

Memory: 4k page, physical 8388608k(35592k free)

/proc/meminfo:


vm_info: Java HotSpot(TM) 64-Bit Server VM (25.162-b12) for bsd-amd64 JRE (1.8.0_162-b12), built on Dec 19 2017 17:33:35 by "java_re" with gcc 4.2.1 (Based on Apple Inc. build 5658) (LLVM build 2336.11.00)

time: Wed May 26 11:16:56 2021
elapsed time: 1 seconds (0d 0h 0m 1s)

