#
# A fatal error has been detected by the Java Runtime Environment:
#
#  SIGSEGV (0xb) at pc=0x00007fff6c003ee6, pid=4244, tid=0x0000000000001003
#
# JRE version: Java(TM) SE Runtime Environment (8.0_171-b11) (build 1.8.0_171-b11)
# Java VM: Java HotSpot(TM) 64-Bit Server VM (25.171-b11 mixed mode bsd-amd64 compressed oops)
# Problematic frame:
# C  [GLEngine+0x12eee6]  gleRunVertexSubmitImmediate+0x1be6
#
# Failed to write core dump. Core dumps have been disabled. To enable core dumping, try "ulimit -c unlimited" before starting Java again
#
# If you would like to submit a bug report, please visit:
#   http://bugreport.java.com/bugreport/crash.jsp
# The crash happened outside the Java Virtual Machine in native code.
# See problematic frame for where to report the bug.
#

---------------  T H R E A D  ---------------

Current thread (0x00007fa13480b000):  JavaThread "main" [_thread_in_native, id=4099, stack(0x0000700001b07000,0x0000700001c07000)]

siginfo: si_signo: 11 (SIGSEGV), si_code: 1 (SEGV_MAPERR), si_addr: 0x0000000000000050

Registers:
RAX=0x0000000000000048, RBX=0x0000000000000003, RCX=0x00007fff6c003a20, RDX=0x00007fff6c004cb4
RSP=0x0000700001c06520, RBP=0x0000700001c066b0, RSI=0x0000000000000006, RDI=0x0000000000000006
R8 =0x0000000000000003, R9 =0x00007fa133f28170, R10=0x0000000000000001, R11=0x0000000000000006
R12=0x0000000000000000, R13=0x00000c3300849000, R14=0x0000000000000000, R15=0x0000000000849000
RIP=0x00007fff6c003ee6, EFLAGS=0x0000000000010297, ERR=0x0000000000000004
  TRAPNO=0x000000000000000e

Top of Stack: (sp=0x0000700001c06520)
0x0000700001c06520:   0000000000000000 00007fa13afae170
0x0000700001c06530:   00007fa13afae140 00007fa13afae1a0
0x0000700001c06540:   00007fa13afae160 00007fa13afae180
0x0000700001c06550:   00007fa13afae150 0000000000000000
0x0000700001c06560:   0000000000000000 00007fa13afae190
0x0000700001c06570:   0000000000000003 00007fa133f28170
0x0000700001c06580:   fffffffffffffffe 00007fa134097e00
0x0000700001c06590:   0000000000000000 0000000000000000
0x0000700001c065a0:   00007fa13afae5f0 0000000034097e00
0x0000700001c065b0:   00007fa13afae140 000000012ccf20a7
0x0000700001c065c0:   0000000000000000 0000000000849000
0x0000700001c065d0:   00000000000001c0 08090910030004cb
0x0000700001c065e0:   e762303d97b300f8 00007fa13afae000
0x0000700001c065f0:   0000000000000001 0000000000000008
0x0000700001c06600:   00007fa13afae000 0000000000000004
0x0000700001c06610:   0000000000000006 0000000000000000
0x0000700001c06620:   0000000000000000 00007fa134097e00
0x0000700001c06630:   0000700001c06694 00007fa13409add8
0x0000700001c06640:   0000000000000048 000000012cfa4200
0x0000700001c06650:   000000012cfa4220 0000000114433000
0x0000700001c06660:   00007fa13afb1e70 00007fa13afb2080
0x0000700001c06670:   00007fa1340c71c0 0000000000000000
0x0000700001c06680:   e762303d97b300f8 0000000000000000
0x0000700001c06690:   00007fa13afae000 00007fa1340c6e00
0x0000700001c066a0:   0000000000000001 0000000000000001
0x0000700001c066b0:   0000700001c06710 00007fff6bf80f50
0x0000700001c066c0:   00007fa1340c7240 0000000000000004
0x0000700001c066d0:   0000000000000004 0000000000000001
0x0000700001c066e0:   000000010d6b7d10 000000010d6b7d10
0x0000700001c066f0:   0000000000000000 000000010d6b7d10
0x0000700001c06700:   0000700001c067f0 00007fa13480b000
0x0000700001c06710:   0000700001c067a0 00000001145f3667 

Instructions: (pc=0x00007fff6c003ee6)
0x00007fff6c003ec6:   c6 00 00 80 ff f7 c7 00 02 00 00 74 ed 81 e2 fe
0x00007fff6c003ed6:   03 00 00 eb 20 c1 e6 0d 81 c6 00 00 00 38 eb 15
0x00007fff6c003ee6:   f3 0f 10 40 08 f2 0f 10 20 0f 16 e0 e9 68 f2 ff
0x00007fff6c003ef6:   ff 31 f6 31 d2 c1 e2 0d 09 f2 c1 e1 10 81 e1 00 

Register to memory mapping:

RAX=0x0000000000000048 is an unknown value
RBX=0x0000000000000003 is an unknown value
RCX=0x00007fff6c003a20: gleRunVertexSubmitImmediate+0x1720 in /System/Library/Frameworks/OpenGL.framework/Versions/A/Resources/GLEngine.bundle/GLEngine at 0x00007fff6bed5000
RDX=0x00007fff6c004cb4: gleRunVertexSubmitImmediate+0x29b4 in /System/Library/Frameworks/OpenGL.framework/Versions/A/Resources/GLEngine.bundle/GLEngine at 0x00007fff6bed5000
RSP=0x0000700001c06520 is pointing into the stack for thread: 0x00007fa13480b000
RBP=0x0000700001c066b0 is pointing into the stack for thread: 0x00007fa13480b000
RSI=0x0000000000000006 is an unknown value
RDI=0x0000000000000006 is an unknown value
R8 =0x0000000000000003 is an unknown value
R9 =0x00007fa133f28170 is an unknown value
R10=0x0000000000000001 is an unknown value
R11=0x0000000000000006 is an unknown value
R12=0x0000000000000000 is an unknown value
R13=0x00000c3300849000 is an unknown value
R14=0x0000000000000000 is an unknown value
R15=0x0000000000849000 is an unknown value


Stack: [0x0000700001b07000,0x0000700001c07000],  sp=0x0000700001c06520,  free space=1021k
Native frames: (J=compiled Java code, j=interpreted, Vv=VM code, C=native code)
C  [GLEngine+0x12eee6]  gleRunVertexSubmitImmediate+0x1be6
C  [GLEngine+0xabf50]  glDrawElements_GL3Exec+0x2bf
j  org.lwjgl.opengl.GL11.nglDrawElementsBO(IIIJJ)V+0
j  org.lwjgl.opengl.GL11.glDrawElements(IIIJ)V+28
j  renderEngine.Renderer.render(Ljava/util/Map;)V+84
j  renderEngine.MasterRenderer.render(Lentities/Light;Lentities/Camera;)V+38
j  engineTester.MainGameLoop.main([Ljava/lang/String;)V+159
v  ~StubRoutines::call_stub
V  [libjvm.dylib+0x2ef1f6]
V  [libjvm.dylib+0x326185]
V  [libjvm.dylib+0x31ef11]
C  [java+0x38ca]  JavaMain+0x9c4
C  [libsystem_pthread.dylib+0x6954]  _pthread_start+0xe0
C  [libsystem_pthread.dylib+0x24a7]  thread_start+0xf
C  0x0000000000000000

Java frames: (J=compiled Java code, j=interpreted, Vv=VM code)
j  org.lwjgl.opengl.GL11.nglDrawElementsBO(IIIJJ)V+0
j  org.lwjgl.opengl.GL11.glDrawElements(IIIJ)V+28
j  renderEngine.Renderer.render(Ljava/util/Map;)V+84
j  renderEngine.MasterRenderer.render(Lentities/Light;Lentities/Camera;)V+38
j  engineTester.MainGameLoop.main([Ljava/lang/String;)V+159
v  ~StubRoutines::call_stub

---------------  P R O C E S S  ---------------

Java Threads: ( => current thread )
  0x00007fa13483a000 JavaThread "AWT-Shutdown" [_thread_blocked, id=30491, stack(0x000070000314c000,0x000070000324c000)]
  0x00007fa13502e800 JavaThread "AppKit Thread" daemon [_thread_in_native, id=259, stack(0x00007ffeeac4d000,0x00007ffeeb44d000)]
  0x00007fa134069000 JavaThread "Service Thread" daemon [_thread_blocked, id=21763, stack(0x0000700002f46000,0x0000700003046000)]
  0x00007fa135018800 JavaThread "C1 CompilerThread3" daemon [_thread_blocked, id=15619, stack(0x0000700002e43000,0x0000700002f43000)]
  0x00007fa134056000 JavaThread "C2 CompilerThread2" daemon [_thread_blocked, id=15363, stack(0x0000700002d40000,0x0000700002e40000)]
  0x00007fa135010000 JavaThread "C2 CompilerThread1" daemon [_thread_blocked, id=16643, stack(0x0000700002c3d000,0x0000700002d3d000)]
  0x00007fa13500e800 JavaThread "C2 CompilerThread0" daemon [_thread_blocked, id=14851, stack(0x0000700002b3a000,0x0000700002c3a000)]
  0x00007fa13680c000 JavaThread "Signal Dispatcher" daemon [_thread_blocked, id=17155, stack(0x0000700002a37000,0x0000700002b37000)]
  0x00007fa135829000 JavaThread "Finalizer" daemon [_thread_blocked, id=19715, stack(0x000070000282e000,0x000070000292e000)]
  0x00007fa134820000 JavaThread "Reference Handler" daemon [_thread_blocked, id=13315, stack(0x000070000272b000,0x000070000282b000)]
=>0x00007fa13480b000 JavaThread "main" [_thread_in_native, id=4099, stack(0x0000700001b07000,0x0000700001c07000)]

Other Threads:
  0x00007fa13481b000 VMThread [stack: 0x0000700002628000,0x0000700002728000] [id=20227]
  0x00007fa135029800 WatcherThread [stack: 0x0000700003049000,0x0000700003149000] [id=22275]

VM state:not at safepoint (normal execution)

VM Mutex/Monitor currently owned by a thread: None

Heap:
 PSYoungGen      total 76288K, used 12436K [0x000000076ab00000, 0x0000000770000000, 0x00000007c0000000)
  eden space 65536K, 18% used [0x000000076ab00000,0x000000076b7252d0,0x000000076eb00000)
  from space 10752K, 0% used [0x000000076f580000,0x000000076f580000,0x0000000770000000)
  to   space 10752K, 0% used [0x000000076eb00000,0x000000076eb00000,0x000000076f580000)
 ParOldGen       total 175104K, used 0K [0x00000006c0000000, 0x00000006cab00000, 0x000000076ab00000)
  object space 175104K, 0% used [0x00000006c0000000,0x00000006c0000000,0x00000006cab00000)
 Metaspace       used 6970K, capacity 7109K, committed 7168K, reserved 1056768K
  class space    used 699K, capacity 761K, committed 768K, reserved 1048576K

Card table byte_map: [0x000000010bbf5000,0x000000010c3f6000] byte_map_base: 0x00000001085f5000

Marking Bits: (ParMarkBitMap*) 0x000000010b0f76e0
 Begin Bits: [0x00000001235db000, 0x00000001275db000)
 End Bits:   [0x00000001275db000, 0x000000012b5db000)

Polling page: 0x00000001047fa000

CodeCache: size=245760Kb used=2071Kb max_used=2071Kb free=243688Kb
 bounds [0x00000001145db000, 0x000000011484b000, 0x00000001235db000]
 total_blobs=866 nmethods=463 adapters=317
 compilation: enabled

Compilation events (10 events):
Event: 5.975 Thread 0x00007fa135018800  459       3       java.security.CodeSource::getCertificates (98 bytes)
Event: 5.976 Thread 0x00007fa135018800 nmethod 459 0x00000001147de410 code [0x00000001147de640, 0x00000001147df238]
Event: 5.976 Thread 0x00007fa135018800  460       3       java.util.WeakHashMap::hash (28 bytes)
Event: 5.976 Thread 0x00007fa135018800 nmethod 460 0x00000001147dbdd0 code [0x00000001147dbf40, 0x00000001147dc188]
Event: 5.976 Thread 0x00007fa135018800  461       3       java.util.WeakHashMap::getTable (9 bytes)
Event: 5.976 Thread 0x00007fa135018800 nmethod 461 0x00000001147dba10 code [0x00000001147dbb80, 0x00000001147dbd28]
Event: 5.976 Thread 0x00007fa135018800  462   !   3       java.util.WeakHashMap::expungeStaleEntries (139 bytes)
Event: 5.976 Thread 0x00007fa135018800 nmethod 462 0x00000001147df650 code [0x00000001147df820, 0x00000001147e0348]
Event: 5.976 Thread 0x00007fa135018800  463       3       java.util.WeakHashMap::indexFor (6 bytes)
Event: 5.977 Thread 0x00007fa135018800 nmethod 463 0x00000001147db710 code [0x00000001147db860, 0x00000001147db990]

GC Heap History (0 events):
No events

Deoptimization events (1 events):
Event: 5.798 Thread 0x00007fa13480b000 Uncommon trap: reason=unstable_if action=reinterpret pc=0x000000011476bf00 method=java.lang.String.replace(CC)Ljava/lang/String; @ 26

Classes redefined (0 events):
No events

Internal exceptions (10 events):
Event: 0.028 Thread 0x00007fa13480b000 Exception <a 'java/lang/NoSuchMethodError': Method sun.misc.Unsafe.defineClass(Ljava/lang/String;[BII)Ljava/lang/Class; name or signature does not match> (0x000000076ab07cb0) thrown at [/Users/java_re/workspace/8-2-build-macosx-x86_64/jdk8u171/10807/hotsp
Event: 0.028 Thread 0x00007fa13480b000 Exception <a 'java/lang/NoSuchMethodError': Method sun.misc.Unsafe.prefetchRead(Ljava/lang/Object;J)V name or signature does not match> (0x000000076ab07f98) thrown at [/Users/java_re/workspace/8-2-build-macosx-x86_64/jdk8u171/10807/hotspot/src/share/vm/pr
Event: 0.113 Thread 0x00007fa13480b000 Exception <a 'java/security/PrivilegedActionException'> (0x000000076ac30bd0) thrown at [/Users/java_re/workspace/8-2-build-macosx-x86_64/jdk8u171/10807/hotspot/src/share/vm/prims/jvm.cpp, line 1435]
Event: 0.113 Thread 0x00007fa13480b000 Exception <a 'java/security/PrivilegedActionException'> (0x000000076ac30de0) thrown at [/Users/java_re/workspace/8-2-build-macosx-x86_64/jdk8u171/10807/hotspot/src/share/vm/prims/jvm.cpp, line 1435]
Event: 0.113 Thread 0x00007fa13480b000 Exception <a 'java/security/PrivilegedActionException'> (0x000000076ac35620) thrown at [/Users/java_re/workspace/8-2-build-macosx-x86_64/jdk8u171/10807/hotspot/src/share/vm/prims/jvm.cpp, line 1435]
Event: 0.113 Thread 0x00007fa13480b000 Exception <a 'java/security/PrivilegedActionException'> (0x000000076ac35830) thrown at [/Users/java_re/workspace/8-2-build-macosx-x86_64/jdk8u171/10807/hotspot/src/share/vm/prims/jvm.cpp, line 1435]
Event: 0.151 Thread 0x00007fa13480b000 Exception <a 'java/lang/NoSuchFieldError': method resolution failed> (0x000000076ae4da28) thrown at [/Users/java_re/workspace/8-2-build-macosx-x86_64/jdk8u171/10807/hotspot/src/share/vm/prims/methodHandles.cpp, line 1167]
Event: 0.153 Thread 0x00007fa13480b000 Exception <a 'java/lang/NoSuchFieldError': method resolution failed> (0x000000076ae5b178) thrown at [/Users/java_re/workspace/8-2-build-macosx-x86_64/jdk8u171/10807/hotspot/src/share/vm/prims/methodHandles.cpp, line 1167]
Event: 5.602 Thread 0x00007fa13480b000 Exception <a 'java/io/FileNotFoundException'> (0x000000076aed5ef0) thrown at [/Users/java_re/workspace/8-2-build-macosx-x86_64/jdk8u171/10807/hotspot/src/share/vm/prims/jni.cpp, line 709]
Event: 5.602 Thread 0x00007fa13480b000 Exception <a 'java/io/FileNotFoundException'> (0x000000076aed6a60) thrown at [/Users/java_re/workspace/8-2-build-macosx-x86_64/jdk8u171/10807/hotspot/src/share/vm/prims/jni.cpp, line 709]

Events (10 events):
Event: 5.977 Executing VM operation: RevokeBias
Event: 5.977 Executing VM operation: RevokeBias done
Event: 5.977 loading class toolbox/Maths
Event: 5.977 loading class toolbox/Maths done
Event: 5.978 loading class java/util/HashMap$KeySet
Event: 5.978 loading class java/util/HashMap$KeySet done
Event: 5.978 loading class java/util/HashMap$KeyIterator
Event: 5.978 loading class java/util/HashMap$KeyIterator done
Event: 5.978 loading class org/lwjgl/opengl/GL13
Event: 5.978 loading class org/lwjgl/opengl/GL13 done


Dynamic libraries:
0x0000000000435000 	/System/Library/Frameworks/Cocoa.framework/Versions/A/Cocoa
0x0000000000435000 	/System/Library/Frameworks/Security.framework/Versions/A/Security
0x0000000000435000 	/System/Library/Frameworks/ApplicationServices.framework/Versions/A/ApplicationServices
0x0000000000435000 	/usr/lib/libz.1.dylib
0x0000000000435000 	/usr/lib/libSystem.B.dylib
0x0000000000435000 	/usr/lib/libobjc.A.dylib
0x0000000000435000 	/System/Library/Frameworks/CoreFoundation.framework/Versions/A/CoreFoundation
0x0000000000435000 	/System/Library/Frameworks/Foundation.framework/Versions/C/Foundation
0x0000000000435000 	/System/Library/Frameworks/AppKit.framework/Versions/C/AppKit
0x0000000000435000 	/System/Library/Frameworks/CoreData.framework/Versions/A/CoreData
0x0000000000435000 	/System/Library/PrivateFrameworks/UIFoundation.framework/Versions/A/UIFoundation
0x0000000000435000 	/System/Library/PrivateFrameworks/RemoteViewServices.framework/Versions/A/RemoteViewServices
0x0000000000435000 	/System/Library/PrivateFrameworks/XCTTargetBootstrap.framework/Versions/A/XCTTargetBootstrap
0x0000000000435000 	/usr/lib/libspindump.dylib
0x0000000000435000 	/System/Library/Frameworks/UniformTypeIdentifiers.framework/Versions/A/UniformTypeIdentifiers
0x0000000000435000 	/usr/lib/libapp_launch_measurement.dylib
0x0000000000435000 	/System/Library/PrivateFrameworks/CoreAutoLayout.framework/Versions/A/CoreAutoLayout
0x0000000000435000 	/System/Library/Frameworks/Metal.framework/Versions/A/Metal
0x0000000000435000 	/usr/lib/liblangid.dylib
0x0000000000435000 	/System/Library/PrivateFrameworks/CoreSVG.framework/Versions/A/CoreSVG
0x0000000000435000 	/System/Library/PrivateFrameworks/SkyLight.framework/Versions/A/SkyLight
0x0000000000435000 	/System/Library/Frameworks/CoreGraphics.framework/Versions/A/CoreGraphics
0x0000000000435000 	/System/Library/Frameworks/Accelerate.framework/Versions/A/Accelerate
0x0000000000435000 	/System/Library/PrivateFrameworks/IconServices.framework/Versions/A/IconServices
0x0000000000435000 	/System/Library/Frameworks/IOSurface.framework/Versions/A/IOSurface
0x0000000000435000 	/usr/lib/libDiagnosticMessagesClient.dylib
0x0000000000435000 	/System/Library/PrivateFrameworks/DFRFoundation.framework/Versions/A/DFRFoundation
0x0000000000435000 	/usr/lib/libicucore.A.dylib
0x0000000000435000 	/System/Library/Frameworks/AudioToolbox.framework/Versions/A/AudioToolbox
0x0000000000435000 	/System/Library/PrivateFrameworks/DataDetectorsCore.framework/Versions/A/DataDetectorsCore
0x0000000000435000 	/usr/lib/libMobileGestalt.dylib
0x0000000000435000 	/System/Library/Frameworks/Carbon.framework/Versions/A/Frameworks/HIToolbox.framework/Versions/A/HIToolbox
0x0000000000435000 	/System/Library/Frameworks/QuartzCore.framework/Versions/A/QuartzCore
0x0000000000435000 	/System/Library/Frameworks/Carbon.framework/Versions/A/Frameworks/SpeechRecognition.framework/Versions/A/SpeechRecognition
0x0000000000435000 	/System/Library/PrivateFrameworks/CoreUI.framework/Versions/A/CoreUI
0x0000000000435000 	/System/Library/Frameworks/CoreAudio.framework/Versions/A/CoreAudio
0x0000000000435000 	/System/Library/Frameworks/DiskArbitration.framework/Versions/A/DiskArbitration
0x0000000000435000 	/System/Library/PrivateFrameworks/MultitouchSupport.framework/Versions/A/MultitouchSupport
0x0000000000435000 	/System/Library/PrivateFrameworks/InternationalSupport.framework/Versions/A/InternationalSupport
0x0000000000435000 	/usr/lib/libenergytrace.dylib
0x0000000000435000 	/System/Library/Frameworks/IOKit.framework/Versions/A/IOKit
0x0000000000435000 	/System/Library/Frameworks/CoreServices.framework/Versions/A/CoreServices
0x0000000000435000 	/System/Library/PrivateFrameworks/PerformanceAnalysis.framework/Versions/A/PerformanceAnalysis
0x0000000000435000 	/System/Library/Frameworks/OpenGL.framework/Versions/A/OpenGL
0x0000000000435000 	/System/Library/PrivateFrameworks/UserActivity.framework/Versions/A/UserActivity
0x0000000000435000 	/System/Library/Frameworks/ColorSync.framework/Versions/A/ColorSync
0x0000000000435000 	/System/Library/Frameworks/CoreImage.framework/Versions/A/CoreImage
0x0000000000435000 	/System/Library/Frameworks/CoreText.framework/Versions/A/CoreText
0x0000000000435000 	/System/Library/Frameworks/ImageIO.framework/Versions/A/ImageIO
0x0000000000435000 	/System/Library/PrivateFrameworks/SoftLinking.framework/Versions/A/SoftLinking
0x0000000000435000 	/usr/lib/libxml2.2.dylib
0x0000000000435000 	/usr/lib/libc++.1.dylib
0x0000000000435000 	/usr/lib/libcompression.dylib
0x0000000000435000 	/System/Library/PrivateFrameworks/TextureIO.framework/Versions/A/TextureIO
0x0000000000435000 	/usr/lib/libate.dylib
0x0000000000435000 	/usr/lib/system/libcache.dylib
0x0000000000435000 	/usr/lib/system/libcommonCrypto.dylib
0x0000000000435000 	/usr/lib/system/libcompiler_rt.dylib
0x0000000000435000 	/usr/lib/system/libcopyfile.dylib
0x0000000000435000 	/usr/lib/system/libcorecrypto.dylib
0x0000000000435000 	/usr/lib/system/libdispatch.dylib
0x0000000000435000 	/usr/lib/system/libdyld.dylib
0x0000000000435000 	/usr/lib/system/libkeymgr.dylib
0x0000000000435000 	/usr/lib/system/liblaunch.dylib
0x0000000000435000 	/usr/lib/system/libmacho.dylib
0x0000000000435000 	/usr/lib/system/libquarantine.dylib
0x0000000000435000 	/usr/lib/system/libremovefile.dylib
0x0000000000435000 	/usr/lib/system/libsystem_asl.dylib
0x0000000000435000 	/usr/lib/system/libsystem_blocks.dylib
0x0000000000435000 	/usr/lib/system/libsystem_c.dylib
0x0000000000435000 	/usr/lib/system/libsystem_collections.dylib
0x0000000000435000 	/usr/lib/system/libsystem_configuration.dylib
0x0000000000435000 	/usr/lib/system/libsystem_containermanager.dylib
0x0000000000435000 	/usr/lib/system/libsystem_coreservices.dylib
0x0000000000435000 	/usr/lib/system/libsystem_darwin.dylib
0x0000000000435000 	/usr/lib/system/libsystem_dnssd.dylib
0x0000000000435000 	/usr/lib/system/libsystem_featureflags.dylib
0x0000000000435000 	/usr/lib/system/libsystem_info.dylib
0x0000000000435000 	/usr/lib/system/libsystem_m.dylib
0x0000000000435000 	/usr/lib/system/libsystem_malloc.dylib
0x0000000000435000 	/usr/lib/system/libsystem_networkextension.dylib
0x0000000000435000 	/usr/lib/system/libsystem_notify.dylib
0x0000000000435000 	/usr/lib/system/libsystem_product_info_filter.dylib
0x0000000000435000 	/usr/lib/system/libsystem_sandbox.dylib
0x0000000000435000 	/usr/lib/system/libsystem_secinit.dylib
0x0000000000435000 	/usr/lib/system/libsystem_kernel.dylib
0x0000000000435000 	/usr/lib/system/libsystem_platform.dylib
0x0000000000435000 	/usr/lib/system/libsystem_pthread.dylib
0x0000000000435000 	/usr/lib/system/libsystem_symptoms.dylib
0x0000000000435000 	/usr/lib/system/libsystem_trace.dylib
0x0000000000435000 	/usr/lib/system/libunwind.dylib
0x0000000000435000 	/usr/lib/system/libxpc.dylib
0x0000000000435000 	/usr/lib/libc++abi.dylib
0x0000000000435000 	/usr/lib/liboah.dylib
0x0000000000435000 	/usr/lib/liblzma.5.dylib
0x0000000000435000 	/System/Library/Frameworks/SystemConfiguration.framework/Versions/A/SystemConfiguration
0x0000000000435000 	/usr/lib/libfakelink.dylib
0x0000000000435000 	/System/Library/Frameworks/CFNetwork.framework/Versions/A/CFNetwork
0x0000000000435000 	/usr/lib/libarchive.2.dylib
0x0000000000435000 	/usr/lib/libCRFSuite.dylib
0x0000000000435000 	/usr/lib/libbsm.0.dylib
0x0000000000435000 	/usr/lib/libnetwork.dylib
0x0000000000435000 	/usr/lib/libpcap.A.dylib
0x0000000000435000 	/usr/lib/libdns_services.dylib
0x0000000000435000 	/usr/lib/libcoretls_cfhelpers.dylib
0x0000000000435000 	/usr/lib/libapple_nghttp2.dylib
0x0000000000435000 	/usr/lib/system/libkxld.dylib
0x0000000000435000 	/usr/lib/libsqlite3.dylib
0x0000000000435000 	/System/Library/PrivateFrameworks/AppleFSCompression.framework/Versions/A/AppleFSCompression
0x0000000000435000 	/usr/lib/libcoretls.dylib
0x0000000000435000 	/usr/lib/libpam.2.dylib
0x0000000000435000 	/usr/lib/libxar.1.dylib
0x0000000000435000 	/System/Library/PrivateFrameworks/AppleSystemInfo.framework/Versions/A/AppleSystemInfo
0x0000000000435000 	/System/Library/PrivateFrameworks/IOMobileFramebuffer.framework/Versions/A/IOMobileFramebuffer
0x0000000000435000 	/usr/lib/libbz2.1.0.dylib
0x0000000000435000 	/usr/lib/libiconv.2.dylib
0x0000000000435000 	/usr/lib/libcharset.1.dylib
0x0000000000435000 	/System/Library/Frameworks/CoreServices.framework/Versions/A/Frameworks/FSEvents.framework/Versions/A/FSEvents
0x0000000000435000 	/System/Library/Frameworks/CoreServices.framework/Versions/A/Frameworks/CarbonCore.framework/Versions/A/CarbonCore
0x0000000000435000 	/System/Library/Frameworks/CoreServices.framework/Versions/A/Frameworks/Metadata.framework/Versions/A/Metadata
0x0000000000435000 	/System/Library/Frameworks/CoreServices.framework/Versions/A/Frameworks/OSServices.framework/Versions/A/OSServices
0x0000000000435000 	/System/Library/Frameworks/CoreServices.framework/Versions/A/Frameworks/SearchKit.framework/Versions/A/SearchKit
0x0000000000435000 	/System/Library/Frameworks/CoreServices.framework/Versions/A/Frameworks/AE.framework/Versions/A/AE
0x0000000000435000 	/System/Library/Frameworks/CoreServices.framework/Versions/A/Frameworks/LaunchServices.framework/Versions/A/LaunchServices
0x0000000000435000 	/System/Library/Frameworks/CoreServices.framework/Versions/A/Frameworks/DictionaryServices.framework/Versions/A/DictionaryServices
0x0000000000435000 	/System/Library/Frameworks/CoreServices.framework/Versions/A/Frameworks/SharedFileList.framework/Versions/A/SharedFileList
0x0000000000435000 	/usr/lib/libCheckFix.dylib
0x0000000000435000 	/System/Library/PrivateFrameworks/TCC.framework/Versions/A/TCC
0x0000000000435000 	/System/Library/PrivateFrameworks/CoreNLP.framework/Versions/A/CoreNLP
0x0000000000435000 	/System/Library/PrivateFrameworks/MetadataUtilities.framework/Versions/A/MetadataUtilities
0x0000000000435000 	/usr/lib/libmecabra.dylib
0x0000000000435000 	/System/Library/Frameworks/MLCompute.framework/Versions/A/MLCompute
0x0000000000435000 	/usr/lib/libmecab.dylib
0x0000000000435000 	/usr/lib/libgermantok.dylib
0x0000000000435000 	/usr/lib/libThaiTokenizer.dylib
0x0000000000435000 	/usr/lib/libChineseTokenizer.dylib
0x0000000000435000 	/System/Library/Frameworks/MetalPerformanceShaders.framework/Versions/A/MetalPerformanceShaders
0x0000000000435000 	/System/Library/Frameworks/Accelerate.framework/Versions/A/Frameworks/vImage.framework/Versions/A/vImage
0x0000000000435000 	/System/Library/Frameworks/Accelerate.framework/Versions/A/Frameworks/vecLib.framework/Versions/A/vecLib
0x0000000000435000 	/System/Library/Frameworks/Accelerate.framework/Versions/A/Frameworks/vecLib.framework/Versions/A/libvMisc.dylib
0x0000000000435000 	/System/Library/Frameworks/Accelerate.framework/Versions/A/Frameworks/vecLib.framework/Versions/A/libvDSP.dylib
0x0000000000435000 	/System/Library/Frameworks/Accelerate.framework/Versions/A/Frameworks/vecLib.framework/Versions/A/libBLAS.dylib
0x0000000000435000 	/System/Library/Frameworks/Accelerate.framework/Versions/A/Frameworks/vecLib.framework/Versions/A/libLAPACK.dylib
0x0000000000435000 	/System/Library/Frameworks/Accelerate.framework/Versions/A/Frameworks/vecLib.framework/Versions/A/libLinearAlgebra.dylib
0x0000000000435000 	/System/Library/Frameworks/Accelerate.framework/Versions/A/Frameworks/vecLib.framework/Versions/A/libSparseBLAS.dylib
0x0000000000435000 	/System/Library/Frameworks/Accelerate.framework/Versions/A/Frameworks/vecLib.framework/Versions/A/libQuadrature.dylib
0x0000000000435000 	/System/Library/Frameworks/Accelerate.framework/Versions/A/Frameworks/vecLib.framework/Versions/A/libBNNS.dylib
0x0000000000435000 	/System/Library/Frameworks/Accelerate.framework/Versions/A/Frameworks/vecLib.framework/Versions/A/libSparse.dylib
0x0000000000435000 	/System/Library/Frameworks/MetalPerformanceShaders.framework/Versions/A/Frameworks/MPSCore.framework/Versions/A/MPSCore
0x0000000000435000 	/System/Library/Frameworks/MetalPerformanceShaders.framework/Versions/A/Frameworks/MPSImage.framework/Versions/A/MPSImage
0x0000000000435000 	/System/Library/Frameworks/MetalPerformanceShaders.framework/Versions/A/Frameworks/MPSNeuralNetwork.framework/Versions/A/MPSNeuralNetwork
0x0000000000435000 	/System/Library/Frameworks/MetalPerformanceShaders.framework/Versions/A/Frameworks/MPSMatrix.framework/Versions/A/MPSMatrix
0x0000000000435000 	/System/Library/Frameworks/MetalPerformanceShaders.framework/Versions/A/Frameworks/MPSRayIntersector.framework/Versions/A/MPSRayIntersector
0x0000000000435000 	/System/Library/Frameworks/MetalPerformanceShaders.framework/Versions/A/Frameworks/MPSNDArray.framework/Versions/A/MPSNDArray
0x0000000000435000 	/System/Library/PrivateFrameworks/MetalTools.framework/Versions/A/MetalTools
0x0000000000435000 	/System/Library/PrivateFrameworks/AggregateDictionary.framework/Versions/A/AggregateDictionary
0x0000000000435000 	/System/Library/PrivateFrameworks/CoreAnalytics.framework/Versions/A/CoreAnalytics
0x0000000000435000 	/System/Library/PrivateFrameworks/AppleSauce.framework/Versions/A/AppleSauce
0x0000000000435000 	/System/Library/PrivateFrameworks/IOAccelerator.framework/Versions/A/IOAccelerator
0x0000000000435000 	/System/Library/Frameworks/OpenGL.framework/Versions/A/Libraries/libCoreFSCache.dylib
0x0000000000435000 	/System/Library/PrivateFrameworks/LanguageModeling.framework/Versions/A/LanguageModeling
0x0000000000435000 	/System/Library/PrivateFrameworks/CoreEmoji.framework/Versions/A/CoreEmoji
0x0000000000435000 	/System/Library/PrivateFrameworks/LinguisticData.framework/Versions/A/LinguisticData
0x0000000000435000 	/System/Library/PrivateFrameworks/Lexicon.framework/Versions/A/Lexicon
0x0000000000435000 	/usr/lib/libcmph.dylib
0x0000000000435000 	/System/Library/Frameworks/OpenDirectory.framework/Versions/A/Frameworks/CFOpenDirectory.framework/Versions/A/CFOpenDirectory
0x0000000000435000 	/System/Library/Frameworks/OpenDirectory.framework/Versions/A/OpenDirectory
0x0000000000435000 	/System/Library/PrivateFrameworks/APFS.framework/Versions/A/APFS
0x0000000000435000 	/System/Library/Frameworks/SecurityFoundation.framework/Versions/A/SecurityFoundation
0x0000000000435000 	/usr/lib/libutil.dylib
0x0000000000435000 	/System/Library/PrivateFrameworks/CoreServicesStore.framework/Versions/A/CoreServicesStore
0x0000000000435000 	/System/Library/Frameworks/ServiceManagement.framework/Versions/A/ServiceManagement
0x0000000000435000 	/usr/lib/libxslt.1.dylib
0x0000000000435000 	/System/Library/PrivateFrameworks/BackgroundTaskManagement.framework/Versions/A/BackgroundTaskManagement
0x0000000000435000 	/System/Library/Frameworks/ImageIO.framework/Versions/A/Resources/libRadiance.dylib
0x0000000000435000 	/System/Library/Frameworks/ImageIO.framework/Versions/A/Resources/libJPEG.dylib
0x0000000000435000 	/System/Library/Frameworks/ImageIO.framework/Versions/A/Resources/libPng.dylib
0x0000000000435000 	/System/Library/Frameworks/ImageIO.framework/Versions/A/Resources/libTIFF.dylib
0x0000000000435000 	/System/Library/Frameworks/ImageIO.framework/Versions/A/Resources/libGIF.dylib
0x0000000000435000 	/System/Library/Frameworks/ImageIO.framework/Versions/A/Resources/libJP2.dylib
0x0000000000435000 	/usr/lib/libexpat.1.dylib
0x0000000000435000 	/System/Library/PrivateFrameworks/AppleJPEG.framework/Versions/A/AppleJPEG
0x0000000000435000 	/System/Library/PrivateFrameworks/FontServices.framework/libFontParser.dylib
0x0000000000435000 	/System/Library/PrivateFrameworks/RunningBoardServices.framework/Versions/A/RunningBoardServices
0x0000000000435000 	/System/Library/PrivateFrameworks/WatchdogClient.framework/Versions/A/WatchdogClient
0x0000000000435000 	/System/Library/Frameworks/CoreDisplay.framework/Versions/A/CoreDisplay
0x0000000000435000 	/System/Library/Frameworks/CoreMedia.framework/Versions/A/CoreMedia
0x0000000000435000 	/System/Library/Frameworks/CoreVideo.framework/Versions/A/CoreVideo
0x0000000000435000 	/System/Library/Frameworks/VideoToolbox.framework/Versions/A/VideoToolbox
0x0000000000435000 	/System/Library/PrivateFrameworks/BaseBoard.framework/Versions/A/BaseBoard
0x0000000000435000 	/System/Library/PrivateFrameworks/PersistentConnection.framework/Versions/A/PersistentConnection
0x0000000000435000 	/System/Library/PrivateFrameworks/ProtocolBuffer.framework/Versions/A/ProtocolBuffer
0x0000000000435000 	/System/Library/PrivateFrameworks/CommonUtilities.framework/Versions/A/CommonUtilities
0x0000000000435000 	/System/Library/PrivateFrameworks/Bom.framework/Versions/A/Bom
0x0000000000435000 	/System/Library/PrivateFrameworks/GPUWrangler.framework/Versions/A/GPUWrangler
0x0000000000435000 	/System/Library/PrivateFrameworks/IOPresentment.framework/Versions/A/IOPresentment
0x0000000000435000 	/System/Library/PrivateFrameworks/DSExternalDisplay.framework/Versions/A/DSExternalDisplay
0x0000000000435000 	/System/Library/PrivateFrameworks/CMCaptureCore.framework/Versions/A/CMCaptureCore
0x0000000000435000 	/System/Library/PrivateFrameworks/AppServerSupport.framework/Versions/A/AppServerSupport
0x0000000000435000 	/System/Library/PrivateFrameworks/perfdata.framework/Versions/A/perfdata
0x0000000000435000 	/System/Library/PrivateFrameworks/AssertionServices.framework/Versions/A/AssertionServices
0x0000000000435000 	/System/Library/PrivateFrameworks/AudioToolboxCore.framework/Versions/A/AudioToolboxCore
0x0000000000435000 	/System/Library/PrivateFrameworks/caulk.framework/Versions/A/caulk
0x0000000000435000 	/System/Library/PrivateFrameworks/SystemPolicy.framework/Versions/A/SystemPolicy
0x0000000000435000 	/usr/lib/libIOReport.dylib
0x0000000000435000 	/usr/lib/libSMC.dylib
0x0000000000435000 	/usr/lib/libAudioToolboxUtility.dylib
0x0000000000435000 	/usr/lib/libmis.dylib
0x0000000000435000 	/System/Library/Frameworks/OpenGL.framework/Versions/A/Libraries/libGLU.dylib
0x0000000000435000 	/System/Library/Frameworks/OpenGL.framework/Versions/A/Libraries/libGFXShared.dylib
0x0000000000435000 	/System/Library/Frameworks/OpenGL.framework/Versions/A/Libraries/libGL.dylib
0x0000000000435000 	/System/Library/Frameworks/OpenGL.framework/Versions/A/Libraries/libGLImage.dylib
0x0000000000435000 	/System/Library/Frameworks/OpenGL.framework/Versions/A/Libraries/libCVMSPluginSupport.dylib
0x0000000000435000 	/System/Library/Frameworks/OpenGL.framework/Versions/A/Libraries/libCoreVMClient.dylib
0x0000000000435000 	/System/Library/Frameworks/OpenCL.framework/Versions/A/OpenCL
0x0000000000435000 	/System/Library/PrivateFrameworks/GraphVisualizer.framework/Versions/A/GraphVisualizer
0x0000000000435000 	/System/Library/PrivateFrameworks/FaceCore.framework/Versions/A/FaceCore
0x0000000000435000 	/System/Library/PrivateFrameworks/OTSVG.framework/Versions/A/OTSVG
0x0000000000435000 	/System/Library/Frameworks/ApplicationServices.framework/Versions/A/Frameworks/ATS.framework/Versions/A/Resources/libFontRegistry.dylib
0x0000000000435000 	/System/Library/PrivateFrameworks/FontServices.framework/libhvf.dylib
0x0000000000435000 	/System/Library/PrivateFrameworks/AppleVA.framework/Versions/A/AppleVA
0x0000000000435000 	/System/Library/Frameworks/ApplicationServices.framework/Versions/A/Frameworks/ATS.framework/Versions/A/ATS
0x0000000000435000 	/System/Library/Frameworks/ApplicationServices.framework/Versions/A/Frameworks/ColorSyncLegacy.framework/Versions/A/ColorSyncLegacy
0x0000000000435000 	/System/Library/Frameworks/ApplicationServices.framework/Versions/A/Frameworks/HIServices.framework/Versions/A/HIServices
0x0000000000435000 	/System/Library/Frameworks/ApplicationServices.framework/Versions/A/Frameworks/LangAnalysis.framework/Versions/A/LangAnalysis
0x0000000000435000 	/System/Library/Frameworks/ApplicationServices.framework/Versions/A/Frameworks/PrintCore.framework/Versions/A/PrintCore
0x0000000000435000 	/System/Library/Frameworks/ApplicationServices.framework/Versions/A/Frameworks/QD.framework/Versions/A/QD
0x0000000000435000 	/System/Library/Frameworks/ApplicationServices.framework/Versions/A/Frameworks/SpeechSynthesis.framework/Versions/A/SpeechSynthesis
0x0000000000435000 	/System/Library/Frameworks/ApplicationServices.framework/Versions/A/Frameworks/ATSUI.framework/Versions/A/ATSUI
0x0000000000435000 	/usr/lib/libcups.2.dylib
0x0000000000435000 	/System/Library/PrivateFrameworks/NetAuth.framework/Versions/A/NetAuth
0x0000000000435000 	/System/Library/Frameworks/Kerberos.framework/Versions/A/Kerberos
0x0000000000435000 	/System/Library/Frameworks/GSS.framework/Versions/A/GSS
0x0000000000435000 	/usr/lib/libresolv.9.dylib
0x0000000000435000 	/System/Library/PrivateFrameworks/Heimdal.framework/Versions/A/Heimdal
0x0000000000435000 	/System/Library/Frameworks/Kerberos.framework/Versions/A/Libraries/libHeimdalProxy.dylib
0x0000000000435000 	/System/Library/Frameworks/Network.framework/Versions/A/Network
0x0000000000435000 	/usr/lib/libheimdal-asn1.dylib
0x0000000000435000 	/System/Library/PrivateFrameworks/CommonAuth.framework/Versions/A/CommonAuth
0x0000000000435000 	/System/Library/PrivateFrameworks/login.framework/Versions/A/Frameworks/loginsupport.framework/Versions/A/loginsupport
0x0000000000435000 	/System/Library/PrivateFrameworks/AudioSession.framework/Versions/A/AudioSession
0x0000000000435000 	/usr/lib/libAudioStatistics.dylib
0x0000000000435000 	/System/Library/PrivateFrameworks/MediaExperience.framework/Versions/A/MediaExperience
0x0000000000435000 	/System/Library/PrivateFrameworks/AudioSession.framework/libSessionUtility.dylib
0x0000000000435000 	/usr/lib/libperfcheck.dylib
0x0000000000435000 	/System/Library/PrivateFrameworks/AudioResourceArbitration.framework/Versions/A/AudioResourceArbitration
0x0000000000435000 	/System/Library/PrivateFrameworks/IconFoundation.framework/Versions/A/IconFoundation
0x0000000000435000 	/System/Library/PrivateFrameworks/SpeechRecognitionCore.framework/Versions/A/SpeechRecognitionCore
0x000000010a800000 	/Library/Internet Plug-Ins/JavaAppletPlugin.plugin/Contents/Home/lib/server/libjvm.dylib
0x0000000000435000 	/usr/lib/libstdc++.6.dylib
0x00000001047ec000 	/Library/Internet Plug-Ins/JavaAppletPlugin.plugin/Contents/Home/lib/libverify.dylib
0x000000010b7ae000 	/Library/Internet Plug-Ins/JavaAppletPlugin.plugin/Contents/Home/lib/libjava.dylib
0x000000010b82c000 	/Library/Internet Plug-Ins/JavaAppletPlugin.plugin/Contents/Home/lib/libzip.dylib
0x000000010f948000 	/Library/Internet Plug-Ins/JavaAppletPlugin.plugin/Contents/Home/lib/libawt.dylib
0x000000010f9f2000 	/Library/Internet Plug-Ins/JavaAppletPlugin.plugin/Contents/Home/lib/libmlib_image.dylib
0x0000000000435000 	/System/Library/Frameworks/JavaNativeFoundation.framework/Versions/A/JavaNativeFoundation
0x0000000000435000 	/System/Library/Frameworks/JavaRuntimeSupport.framework/Versions/A/JavaRuntimeSupport
0x0000000000435000 	/System/Library/Frameworks/Carbon.framework/Versions/A/Carbon
0x0000000000435000 	/System/Library/PrivateFrameworks/CoreSymbolication.framework/Versions/A/CoreSymbolication
0x0000000000435000 	/System/Library/Frameworks/Carbon.framework/Versions/A/Frameworks/CommonPanels.framework/Versions/A/CommonPanels
0x0000000000435000 	/System/Library/Frameworks/Carbon.framework/Versions/A/Frameworks/Help.framework/Versions/A/Help
0x0000000000435000 	/System/Library/Frameworks/Carbon.framework/Versions/A/Frameworks/ImageCapture.framework/Versions/A/ImageCapture
0x0000000000435000 	/System/Library/Frameworks/Carbon.framework/Versions/A/Frameworks/OpenScripting.framework/Versions/A/OpenScripting
0x0000000000435000 	/System/Library/Frameworks/Carbon.framework/Versions/A/Frameworks/Ink.framework/Versions/A/Ink
0x0000000000435000 	/System/Library/Frameworks/Carbon.framework/Versions/A/Frameworks/Print.framework/Versions/A/Print
0x0000000000435000 	/System/Library/Frameworks/Carbon.framework/Versions/A/Frameworks/SecurityHI.framework/Versions/A/SecurityHI
0x0000000000435000 	/System/Library/PrivateFrameworks/DebugSymbols.framework/Versions/A/DebugSymbols
0x000000010fabe000 	/Library/Internet Plug-Ins/JavaAppletPlugin.plugin/Contents/Home/lib/libawt_lwawt.dylib
0x000000010fb78000 	/Library/Internet Plug-Ins/JavaAppletPlugin.plugin/Contents/Home/lib/libosxapp.dylib
0x0000000000435000 	/System/Library/Frameworks/ExceptionHandling.framework/Versions/A/ExceptionHandling
0x0000000000435000 	/System/Library/PrivateFrameworks/CoreServicesInternal.framework/Versions/A/CoreServicesInternal
0x0000000000435000 	/System/Library/Frameworks/FileProvider.framework/Versions/A/FileProvider
0x0000000000435000 	/System/Library/Frameworks/Accounts.framework/Versions/A/Accounts
0x0000000000435000 	/System/Library/PrivateFrameworks/GenerationalStorage.framework/Versions/A/GenerationalStorage
0x0000000000435000 	/System/Library/PrivateFrameworks/SymptomDiagnosticReporter.framework/Versions/A/SymptomDiagnosticReporter
0x0000000000435000 	/System/Library/PrivateFrameworks/DesktopServicesPriv.framework/Versions/A/DesktopServicesPriv
0x0000000000435000 	/usr/lib/libsandbox.1.dylib
0x0000000000435000 	/System/Library/PrivateFrameworks/UserManagement.framework/Versions/A/UserManagement
0x0000000000435000 	/System/Library/PrivateFrameworks/MobileKeyBag.framework/Versions/A/MobileKeyBag
0x0000000000435000 	/System/Library/PrivateFrameworks/ChunkingLibrary.framework/Versions/A/ChunkingLibrary
0x0000000000435000 	/System/Library/PrivateFrameworks/Sharing.framework/Versions/A/Sharing
0x0000000000435000 	/System/Library/PrivateFrameworks/Apple80211.framework/Versions/A/Apple80211
0x0000000000435000 	/System/Library/PrivateFrameworks/AuthKit.framework/Versions/A/AuthKit
0x0000000000435000 	/System/Library/PrivateFrameworks/CoreUtils.framework/Versions/A/CoreUtils
0x0000000000435000 	/System/Library/Frameworks/CoreWLAN.framework/Versions/A/CoreWLAN
0x0000000000435000 	/System/Library/Frameworks/IOBluetooth.framework/Versions/A/IOBluetooth
0x0000000000435000 	/System/Library/PrivateFrameworks/CoreWiFi.framework/Versions/A/CoreWiFi
0x0000000000435000 	/System/Library/PrivateFrameworks/CorePhoneNumbers.framework/Versions/A/CorePhoneNumbers
0x0000000000435000 	/System/Library/PrivateFrameworks/DiskManagement.framework/Versions/A/DiskManagement
0x0000000000435000 	/System/Library/PrivateFrameworks/AppleIDAuthSupport.framework/Versions/A/AppleIDAuthSupport
0x0000000000435000 	/System/Library/PrivateFrameworks/KeychainCircle.framework/Versions/A/KeychainCircle
0x0000000000435000 	/System/Library/PrivateFrameworks/MediaKit.framework/Versions/A/MediaKit
0x0000000000435000 	/System/Library/Frameworks/DiscRecording.framework/Versions/A/DiscRecording
0x0000000000435000 	/usr/lib/libCoreStorage.dylib
0x0000000000435000 	/usr/lib/libcsfde.dylib
0x0000000000435000 	/System/Library/PrivateFrameworks/ProtectedCloudStorage.framework/Versions/A/ProtectedCloudStorage
0x0000000000435000 	/System/Library/PrivateFrameworks/EFILogin.framework/Versions/A/EFILogin
0x0000000000435000 	/System/Library/Frameworks/AudioUnit.framework/Versions/A/AudioUnit
0x0000000000435000 	/System/Library/Frameworks/CoreBluetooth.framework/Versions/A/CoreBluetooth
0x0000000000435000 	/usr/lib/libMatch.1.dylib
0x0000000000435000 	/System/Library/CoreServices/RawCamera.bundle/Contents/MacOS/RawCamera
0x0000000000435000 	/System/Library/PrivateFrameworks/MobileAsset.framework/Versions/A/MobileAsset
0x0000000000435000 	/System/Library/PrivateFrameworks/StreamingZip.framework/Versions/A/StreamingZip
0x0000000000435000 	/System/Library/Frameworks/MediaToolbox.framework/Versions/A/MediaToolbox
0x0000000000435000 	/System/Library/PrivateFrameworks/CoreAVCHD.framework/Versions/A/CoreAVCHD
0x0000000000435000 	/System/Library/Frameworks/MediaAccessibility.framework/Versions/A/MediaAccessibility
0x0000000000435000 	/System/Library/PrivateFrameworks/Mangrove.framework/Versions/A/Mangrove
0x0000000000435000 	/System/Library/PrivateFrameworks/AlgosScoreFramework.framework/Versions/A/AlgosScoreFramework
0x0000000000435000 	/System/Library/PrivateFrameworks/AppleVPA.framework/Versions/A/AppleVPA
0x0000000000435000 	/System/Library/PrivateFrameworks/CoreAUC.framework/Versions/A/CoreAUC
0x0000000000435000 	/System/Library/Frameworks/Accelerate.framework/Versions/A/Frameworks/vImage.framework/Versions/A/Libraries/libCGInterfaces.dylib
0x0000000111d0c000 	/usr/lib/libobjc-trampolines.dylib
0x0000000000435000 	/System/Library/PrivateFrameworks/FamilyControls.framework/Versions/A/FamilyControls
0x0000000000435000 	/System/Library/PrivateFrameworks/CommerceKit.framework/Versions/A/Frameworks/CommerceCore.framework/Versions/A/CommerceCore
0x0000000000435000 	/System/Library/PrivateFrameworks/SystemAdministration.framework/Versions/A/SystemAdministration
0x0000000000435000 	/System/Library/PrivateFrameworks/AppContainer.framework/Versions/A/AppContainer
0x0000000000435000 	/System/Library/PrivateFrameworks/SecCodeWrapper.framework/Versions/A/SecCodeWrapper
0x0000000000435000 	/System/Library/PrivateFrameworks/CrashReporterSupport.framework/Versions/A/CrashReporterSupport
0x0000000000435000 	/System/Library/PrivateFrameworks/OSAnalytics.framework/Versions/A/OSAnalytics
0x0000000000435000 	/usr/lib/libRosetta.dylib
0x0000000000435000 	/System/Library/PrivateFrameworks/RemoteServiceDiscovery.framework/Versions/A/RemoteServiceDiscovery
0x0000000000435000 	/System/Library/PrivateFrameworks/Symbolication.framework/Versions/A/Symbolication
0x0000000000435000 	/System/Library/PrivateFrameworks/MallocStackLogging.framework/Versions/A/MallocStackLogging
0x0000000000435000 	/System/Library/PrivateFrameworks/login.framework/Versions/A/login
0x0000000000435000 	/System/Library/Frameworks/DirectoryService.framework/Versions/A/DirectoryService
0x0000000000435000 	/System/Library/PrivateFrameworks/DiskImages.framework/Versions/A/DiskImages
0x0000000000435000 	/System/Library/PrivateFrameworks/LoginUIKit.framework/Versions/A/Frameworks/LoginUICore.framework/Versions/A/LoginUICore
0x0000000000435000 	/usr/lib/libodfde.dylib
0x0000000000435000 	/usr/lib/libcurl.4.dylib
0x0000000000435000 	/usr/lib/libcrypto.44.dylib
0x0000000000435000 	/usr/lib/libssl.46.dylib
0x0000000000435000 	/System/Library/Frameworks/LDAP.framework/Versions/A/LDAP
0x0000000000435000 	/System/Library/PrivateFrameworks/TrustEvaluationAgent.framework/Versions/A/TrustEvaluationAgent
0x0000000000435000 	/usr/lib/libsasl2.2.dylib
0x0000000000435000 	/System/Library/PrivateFrameworks/CoreDaemon.framework/Versions/B/CoreDaemon
0x0000000000435000 	/System/Library/PrivateFrameworks/AppleSRP.framework/Versions/A/AppleSRP
0x0000000000435000 	/System/Library/PrivateFrameworks/ViewBridge.framework/Versions/A/ViewBridge
0x0000000000435000 	/usr/lib/libFosl_dynamic.dylib
0x0000000000435000 	/usr/lib/libncurses.5.4.dylib
0x000000012baf4000 	/System/Library/Extensions/AMDRadeonX6000MTLDriver.bundle/Contents/MacOS/AMDRadeonX6000MTLDriver
0x0000000000435000 	/System/Library/PrivateFrameworks/IOAccelMemoryInfo.framework/Versions/A/IOAccelMemoryInfo
0x0000000000435000 	/System/Library/Extensions/AppleIntelKBLGraphicsMTLDriver.bundle/Contents/MacOS/AppleIntelKBLGraphicsMTLDriver
0x0000000000435000 	/System/Library/PrivateFrameworks/GPURawCounter.framework/Versions/A/GPURawCounter
0x0000000000435000 	/System/Library/PrivateFrameworks/GPUCompiler.framework/Versions/31001/Libraries/libmetal_timestamp.dylib
0x000000012b81b000 	/Library/Internet Plug-Ins/JavaAppletPlugin.plugin/Contents/Home/lib/libfontmanager.dylib
0x000000012b882000 	/Users/agazioriitano/Documents/GitHub/AppStrangerT/AppStrangerThings/Gioco1/lib/natives/liblwjgl.dylib
0x0000000112b2f000 	/Library/Internet Plug-Ins/JavaAppletPlugin.plugin/Contents/Home/lib/libjawt.dylib
0x0000000000435000 	/System/Library/Frameworks/OpenGL.framework/Versions/A/Resources/GLEngine.bundle/GLEngine
0x0000000000435000 	/System/Library/Frameworks/OpenGL.framework/Versions/A/Libraries/libGLProgrammability.dylib
0x0000000000435000 	/System/Library/Extensions/AppleIntelKBLGraphicsGLDriver.bundle/Contents/MacOS/AppleIntelKBLGraphicsGLDriver
0x0000000000435000 	/System/Library/PrivateFrameworks/GPUSupport.framework/Versions/A/Libraries/libGPUSupportMercury.dylib
0x000000012cc93000 	/System/Library/Extensions/AMDRadeonX6000GLDriver.bundle/Contents/MacOS/AMDRadeonX6000GLDriver
0x0000000000435000 	/System/Library/Extensions/AMDRadeonX6000GLDriver.bundle/Contents/MacOS/ATIRadeonX6000SCLib.dylib
0x0000000000435000 	/System/Library/Extensions/AMDShared.bundle/Contents/PlugIns/libSC.dylib
0x0000000000435000 	/System/Library/Frameworks/OpenGL.framework/Versions/A/Resources/GLRendererFloat.bundle/GLRendererFloat

VM Arguments:
jvm_args: -Djava.library.path=/Users/agazioriitano/Documents/GitHub/AppStrangerT/AppStrangerThings/Gioco1/lib/natives -Dfile.encoding=UTF-8 
java_command: engineTester.MainGameLoop
java_class_path (initial): /Users/agazioriitano/Documents/GitHub/AppStrangerT/AppStrangerThings/Gioco1/bin:/Users/agazioriitano/Documents/GitHub/AppStrangerT/AppStrangerThings/Gioco1/lib/jars/lwjgl_util.jar:/Users/agazioriitano/Documents/GitHub/AppStrangerT/AppStrangerThings/Gioco1/lib/jars/lwjgl.jar:/Users/agazioriitano/Documents/GitHub/AppStrangerT/AppStrangerThings/Gioco1/lib/jars/slick-util.jar
Launcher Type: SUN_STANDARD

Environment Variables:
PATH=/usr/bin:/bin:/usr/sbin:/sbin
SHELL=/bin/zsh

Signal Handlers:
SIGSEGV: [libjvm.dylib+0x5b512d], sa_mask[0]=11111111011111110111111111111111, sa_flags=SA_ONSTACK|SA_RESTART|SA_SIGINFO
SIGBUS: [libjvm.dylib+0x5b512d], sa_mask[0]=11111111011111110111111111111111, sa_flags=SA_RESTART|SA_SIGINFO
SIGFPE: [libjvm.dylib+0x48aa90], sa_mask[0]=11111111011111110111111111111111, sa_flags=SA_RESTART|SA_SIGINFO
SIGPIPE: [libjvm.dylib+0x48aa90], sa_mask[0]=11111111011111110111111111111111, sa_flags=SA_RESTART|SA_SIGINFO
SIGXFSZ: [libjvm.dylib+0x48aa90], sa_mask[0]=11111111011111110111111111111111, sa_flags=SA_RESTART|SA_SIGINFO
SIGILL: [libjvm.dylib+0x48aa90], sa_mask[0]=11111111011111110111111111111111, sa_flags=SA_RESTART|SA_SIGINFO
SIGUSR1: SIG_DFL, sa_mask[0]=00000000000000000000000000000000, sa_flags=none
SIGUSR2: [libjvm.dylib+0x48a5ae], sa_mask[0]=00100000000000000000000000000000, sa_flags=SA_RESTART|SA_SIGINFO
SIGHUP: [libjvm.dylib+0x488b79], sa_mask[0]=11111111011111110111111111111111, sa_flags=SA_RESTART|SA_SIGINFO
SIGINT: [libjvm.dylib+0x488b79], sa_mask[0]=11111111011111110111111111111111, sa_flags=SA_RESTART|SA_SIGINFO
SIGTERM: [libjvm.dylib+0x488b79], sa_mask[0]=11111111011111110111111111111111, sa_flags=SA_RESTART|SA_SIGINFO
SIGQUIT: [libjvm.dylib+0x488b79], sa_mask[0]=11111111011111110111111111111111, sa_flags=SA_RESTART|SA_SIGINFO


---------------  S Y S T E M  ---------------

OS:Bsduname:Darwin 20.4.0 Darwin Kernel Version 20.4.0: Fri Mar  5 01:14:14 PST 2021; root:xnu-7195.101.1~3/RELEASE_X86_64 x86_64
rlimit: STACK 8192k, CORE 0k, NPROC 2784, NOFILE 10240, AS infinity
load average:2.72 2.33 2.20

CPU:total 12 (initial active 12) (6 cores per cpu, 2 threads per core) family 6 model 158 stepping 10, cmov, cx8, fxsr, mmx, sse, sse2, sse3, ssse3, sse4.1, sse4.2, popcnt, avx, avx2, aes, clmul, erms, 3dnowpref, lzcnt, ht, tsc, tscinvbit, bmi1, bmi2, adx

Memory: 4k page, physical 16777216k(394216k free)

/proc/meminfo:


vm_info: Java HotSpot(TM) 64-Bit Server VM (25.171-b11) for bsd-amd64 JRE (1.8.0_171-b11), built on Mar 28 2018 12:50:57 by "java_re" with gcc 4.2.1 (Based on Apple Inc. build 5658) (LLVM build 2336.11.00)

time: Thu May 27 20:11:21 2021
elapsed time: 6 seconds (0d 0h 0m 6s)

