#
# A fatal error has been detected by the Java Runtime Environment:
#
#  SIGSEGV (0xb) at pc=0x00007fff204cd9bf, pid=2143, tid=0x0000000000000d03
#
# JRE version: Java(TM) SE Runtime Environment (8.0_162-b12) (build 1.8.0_162-b12)
# Java VM: Java HotSpot(TM) 64-Bit Server VM (25.162-b12 mixed mode bsd-amd64 compressed oops)
# Problematic frame:
# C  [libobjc.A.dylib+0x79bf]  objc_release+0x1f
#
# Failed to write core dump. Core dumps have been disabled. To enable core dumping, try "ulimit -c unlimited" before starting Java again
#
# If you would like to submit a bug report, please visit:
#   http://bugreport.java.com/bugreport/crash.jsp
# The crash happened outside the Java Virtual Machine in native code.
# See problematic frame for where to report the bug.
#

---------------  T H R E A D  ---------------

Current thread (0x00007fc2da00a000):  JavaThread "main" [_thread_in_native, id=3331, stack(0x0000700008605000,0x0000700008705000)]

siginfo: si_signo: 11 (SIGSEGV), si_code: 1 (SEGV_MAPERR), si_addr: 0x000007fc2d9c96a8

Registers:
RAX=0x400007fc2d9c968d, RBX=0x0000000000000001, RCX=0x000007fc2d9c9688, RDX=0x0000000000000005
RSP=0x0000700008704468, RBP=0x00007000087044a0, RSI=0x00007fc2d9e80a20, RDI=0x00007fc2d9c96bb0
R8 =0x00007fc2d9f49b30, R9 =0x000000000000001f, R10=0x000000012abacc60, R11=0x00007fff22f12617
R12=0x00007fc2d9c96bb0, R13=0xa3a3a3a3a3a3a3a3, R14=0x00007fc2da030090, R15=0x00007fc2da030000
RIP=0x00007fff204cd9bf, EFLAGS=0x0000000000010206, ERR=0x0000000000000004
  TRAPNO=0x000000000000000e

Top of Stack: (sp=0x0000700008704468)
0x0000700008704468:   00007fff204eb39d 0000000000000000
0x0000700008704478:   00007fc2da030000 00007fc2d9f32f50
0x0000700008704488:   00000001162c5b98 00007fff7c5a8e8f
0x0000700008704498:   00007fc2da00a1f8 00007000087044c0
0x00007000087044a8:   00007fff204ce33e 0000000000000000
0x00007000087044b8:   00007fc2da030090 00007000087044e0
0x00007000087044c8:   00007fff206e81f0 0000000000000000
0x00007000087044d8:   00007fc2d9f32f50 0000700008704520
0x00007000087044e8:   00007fff21471dfd 00007fff8083c588
0x00007000087044f8:   0000000000000000 00007fc2d9f45e30
0x0000700008704508:   de94794ee2a000d4 00007fc2d9f3c930
0x0000700008704518:   00007fc2d9e7bb70 0000700008704550
0x0000700008704528:   000000012ab84cce 00000001162c5ba0
0x0000700008704538:   0000000000000000 00007000087045e0
0x0000700008704548:   00007fc2da00a000 00007000087045b8
0x0000700008704558:   00000001197a6667 00007000087045b8
0x0000700008704568:   00000001197a63c7 00000001197a6382
0x0000700008704578:   0000700008704578 00000001162c5b98
0x0000700008704588:   00007000087045e0 00000001162c6100
0x0000700008704598:   0000000000000000 00000001162c5ba0
0x00007000087045a8:   0000000000000000 00007000087045d8
0x00007000087045b8:   0000700008704628 00000001197962bd
0x00007000087045c8:   0000000795a12958 000000011979fd18
0x00007000087045d8:   0000000795a1f0a0 000000079598bba8
0x00007000087045e8:   00007000087045e8 00000001162c5a9f
0x00007000087045f8:   0000700008704658 00000001162c6100
0x0000700008704608:   0000000000000000 00000001162c5b10
0x0000700008704618:   00007000087045d8 0000700008704648
0x0000700008704628:   00007000087046b0 0000000119796302
0x0000700008704638:   0000000000000000 000000079598bba8
0x0000700008704648:   0000000795a1f0a0 000000079598baf0
0x0000700008704658:   0000000795a129e8 0000000000000001 

Instructions: (pc=0x00007fff204cd9bf)
0x00007fff204cd99f:   90 48 85 ff 74 76 89 f8 83 e0 01 48 85 c0 75 6c
0x00007fff204cd9af:   48 8b 07 48 b9 f8 ff ff ff ff 7f 00 00 48 21 c1
0x00007fff204cd9bf:   48 8b 51 20 f6 c2 04 74 54 a8 01 74 6f 48 b9 00
0x00007fff204cd9cf:   00 00 00 00 00 80 00 48 ba 00 00 00 00 00 00 00 

Register to memory mapping:

RAX=0x400007fc2d9c968d is an unknown value
RBX=0x0000000000000001 is an unknown value
RCX=0x000007fc2d9c9688 is an unknown value
RDX=0x0000000000000005 is an unknown value
RSP=0x0000700008704468 is pointing into the stack for thread: 0x00007fc2da00a000
RBP=0x00007000087044a0 is pointing into the stack for thread: 0x00007fc2da00a000
RSI=0x00007fc2d9e80a20 is an unknown value
RDI=0x00007fc2d9c96bb0 is an unknown value
R8 =0x00007fc2d9f49b30 is an unknown value
R9 =0x000000000000001f is an unknown value
R10=0x000000012abacc60: OBJC_CLASS_$_MacOSXOpenGLView+0 in /Users/Mez/eclipse-workspace/Gioco1/lib/natives/liblwjgl.dylib at 0x000000012ab6e000
R11=0x00007fff22f12617: -[NSResponder release]+0 in /System/Library/Frameworks/AppKit.framework/Versions/C/AppKit at 0x00007fff22f07000
R12=0x00007fc2d9c96bb0 is an unknown value
R13=0xa3a3a3a3a3a3a3a3 is an unknown value
R14=0x00007fc2da030090 is an unknown value
R15=0x00007fc2da030000 is an unknown value


Stack: [0x0000700008605000,0x0000700008705000],  sp=0x0000700008704468,  free space=1021k
Native frames: (J=compiled Java code, j=interpreted, Vv=VM code, C=native code)
C  [libobjc.A.dylib+0x79bf]  objc_release+0x1f
C  [libobjc.A.dylib+0x833e]  objc_autoreleasePoolPop+0xa1
C  [CoreFoundation+0x421f0]  _CFAutoreleasePoolPop+0x16
C  [Foundation+0x1edfd]  -[NSAutoreleasePool release]+0x81
C  [liblwjgl.dylib+0x16cce]  Java_org_lwjgl_opengl_MacOSXContextImplementation_setView+0x10e
j  org.lwjgl.opengl.MacOSXContextImplementation.setView(Ljava/nio/ByteBuffer;Ljava/nio/ByteBuffer;)V+0
j  org.lwjgl.opengl.MacOSXContextImplementation.makeCurrent(Lorg/lwjgl/opengl/PeerInfo;Ljava/nio/ByteBuffer;)V+7
j  org.lwjgl.opengl.ContextGL.makeCurrent()V+46
j  org.lwjgl.opengl.DrawableGL.makeCurrent()V+14
j  org.lwjgl.opengl.Display.makeCurrent()V+3
j  org.lwjgl.opengl.Display.makeCurrentAndSetSwapInterval()V+0
j  org.lwjgl.opengl.Display.create(Lorg/lwjgl/opengl/PixelFormat;Lorg/lwjgl/opengl/Drawable;Lorg/lwjgl/opengl/ContextAttribs;)V+108
j  org.lwjgl.opengl.Display.create(Lorg/lwjgl/opengl/PixelFormat;Lorg/lwjgl/opengl/ContextAttribs;)V+9
j  renderEngine.DisplayManager.createDisplay()V+42
j  engineTester.MainGameLoop.main([Ljava/lang/String;)V+0
v  ~StubRoutines::call_stub
V  [libjvm.dylib+0x2ef6ce]
V  [libjvm.dylib+0x326565]
V  [libjvm.dylib+0x31f2f1]
C  [java+0x38ca]  JavaMain+0x9c4
C  [libsystem_pthread.dylib+0x6950]  _pthread_start+0xe0
C  [libsystem_pthread.dylib+0x247b]  thread_start+0xf
C  0x0000000000000000

Java frames: (J=compiled Java code, j=interpreted, Vv=VM code)
j  org.lwjgl.opengl.MacOSXContextImplementation.setView(Ljava/nio/ByteBuffer;Ljava/nio/ByteBuffer;)V+0
j  org.lwjgl.opengl.MacOSXContextImplementation.makeCurrent(Lorg/lwjgl/opengl/PeerInfo;Ljava/nio/ByteBuffer;)V+7
j  org.lwjgl.opengl.ContextGL.makeCurrent()V+46
j  org.lwjgl.opengl.DrawableGL.makeCurrent()V+14
j  org.lwjgl.opengl.Display.makeCurrent()V+3
j  org.lwjgl.opengl.Display.makeCurrentAndSetSwapInterval()V+0
j  org.lwjgl.opengl.Display.create(Lorg/lwjgl/opengl/PixelFormat;Lorg/lwjgl/opengl/Drawable;Lorg/lwjgl/opengl/ContextAttribs;)V+108
j  org.lwjgl.opengl.Display.create(Lorg/lwjgl/opengl/PixelFormat;Lorg/lwjgl/opengl/ContextAttribs;)V+9
j  renderEngine.DisplayManager.createDisplay()V+42
j  engineTester.MainGameLoop.main([Ljava/lang/String;)V+0
v  ~StubRoutines::call_stub

---------------  P R O C E S S  ---------------

Java Threads: ( => current thread )
  0x00007fc2db982000 JavaThread "AWT-Shutdown" [_thread_blocked, id=39451, stack(0x00007000095b8000,0x00007000096b8000)]
  0x00007fc2db886800 JavaThread "AppKit Thread" daemon [_thread_in_native, id=775, stack(0x00007ffee1555000,0x00007ffee1d55000)]
  0x00007fc2da07a000 JavaThread "Service Thread" daemon [_thread_blocked, id=16131, stack(0x00007000093b2000,0x00007000094b2000)]
  0x00007fc2da815000 JavaThread "C1 CompilerThread2" daemon [_thread_blocked, id=18691, stack(0x00007000092af000,0x00007000093af000)]
  0x00007fc2da039000 JavaThread "C2 CompilerThread1" daemon [_thread_blocked, id=18947, stack(0x00007000091ac000,0x00007000092ac000)]
  0x00007fc2da032000 JavaThread "C2 CompilerThread0" daemon [_thread_blocked, id=19459, stack(0x00007000090a9000,0x00007000091a9000)]
  0x00007fc2db832000 JavaThread "Signal Dispatcher" daemon [_thread_blocked, id=15363, stack(0x0000700008fa6000,0x00007000090a6000)]
  0x00007fc2db82a000 JavaThread "Finalizer" daemon [_thread_blocked, id=21251, stack(0x0000700008d1a000,0x0000700008e1a000)]
  0x00007fc2db829000 JavaThread "Reference Handler" daemon [_thread_blocked, id=11523, stack(0x0000700008c17000,0x0000700008d17000)]
=>0x00007fc2da00a000 JavaThread "main" [_thread_in_native, id=3331, stack(0x0000700008605000,0x0000700008705000)]

Other Threads:
  0x00007fc2db824800 VMThread [stack: 0x0000700008b14000,0x0000700008c14000] [id=11011]
  0x00007fc2da842800 WatcherThread [stack: 0x00007000094b5000,0x00007000095b5000] [id=16387]

VM state:not at safepoint (normal execution)

VM Mutex/Monitor currently owned by a thread: None

Heap:
 PSYoungGen      total 38400K, used 5348K [0x0000000795580000, 0x0000000798000000, 0x00000007c0000000)
  eden space 33280K, 16% used [0x0000000795580000,0x0000000795ab9110,0x0000000797600000)
  from space 5120K, 0% used [0x0000000797b00000,0x0000000797b00000,0x0000000798000000)
  to   space 5120K, 0% used [0x0000000797600000,0x0000000797600000,0x0000000797b00000)
 ParOldGen       total 87552K, used 0K [0x0000000740000000, 0x0000000745580000, 0x0000000795580000)
  object space 87552K, 0% used [0x0000000740000000,0x0000000740000000,0x0000000745580000)
 Metaspace       used 5369K, capacity 5490K, committed 5632K, reserved 1056768K
  class space    used 600K, capacity 665K, committed 768K, reserved 1048576K

Card table byte_map: [0x000000011136e000,0x000000011176f000] byte_map_base: 0x000000010d96e000

Marking Bits: (ParMarkBitMap*) 0x00000001108f76c0
 Begin Bits: [0x0000000111a1a000, 0x0000000113a1a000)
 End Bits:   [0x0000000113a1a000, 0x0000000115a1a000)

Polling page: 0x000000010df1e000

CodeCache: size=245760Kb used=1678Kb max_used=1678Kb free=244081Kb
 bounds [0x000000011978e000, 0x00000001199fe000, 0x000000012878e000]
 total_blobs=589 nmethods=309 adapters=194
 compilation: enabled

Compilation events (10 events):
Event: 0.910 Thread 0x00007fc2da815000  304       3       java.nio.DirectLongBufferU::get (16 bytes)
Event: 0.910 Thread 0x00007fc2da815000 nmethod 304 0x000000011992f5d0 code [0x000000011992f740, 0x000000011992f9b0]
Event: 0.910 Thread 0x00007fc2da815000  306       3       java.nio.DirectLongBufferU::put (18 bytes)
Event: 0.910 Thread 0x00007fc2da815000 nmethod 306 0x000000011992fad0 code [0x000000011992fc40, 0x000000011992feb0]
Event: 0.910 Thread 0x00007fc2da815000  307       1       java.net.URL::getUserInfo (5 bytes)
Event: 0.910 Thread 0x00007fc2da815000 nmethod 307 0x000000011992ffd0 code [0x0000000119930120, 0x0000000119930230]
Event: 0.912 Thread 0x00007fc2da815000  308       3       sun.net.www.ParseUtil::encodePath (336 bytes)
Event: 0.914 Thread 0x00007fc2da815000 nmethod 308 0x0000000119930290 code [0x0000000119930500, 0x00000001199314f8]
Event: 0.914 Thread 0x00007fc2da815000  309       1       sun.misc.URLClassPath$JarLoader::access$700 (5 bytes)
Event: 0.914 Thread 0x00007fc2da815000 nmethod 309 0x0000000119931c90 code [0x0000000119931de0, 0x0000000119931ed0]

GC Heap History (0 events):
No events

Deoptimization events (0 events):
No events

Classes redefined (0 events):
No events

Internal exceptions (10 events):
Event: 0.081 Thread 0x00007fc2da00a000 Exception <a 'java/lang/NoSuchMethodError': Method sun.misc.Unsafe.defineClass(Ljava/lang/String;[BII)Ljava/lang/Class; name or signature does not match> (0x0000000795587ca0) thrown at [/Users/java_re/workspace/8-2-build-macosx-x86_64/jdk8u162/10278/hotsp
Event: 0.082 Thread 0x00007fc2da00a000 Exception <a 'java/lang/NoSuchMethodError': Method sun.misc.Unsafe.prefetchRead(Ljava/lang/Object;J)V name or signature does not match> (0x0000000795587f88) thrown at [/Users/java_re/workspace/8-2-build-macosx-x86_64/jdk8u162/10278/hotspot/src/share/vm/pr
Event: 0.313 Thread 0x00007fc2da00a000 Exception <a 'java/security/PrivilegedActionException'> (0x0000000795746fd8) thrown at [/Users/java_re/workspace/8-2-build-macosx-x86_64/jdk8u162/10278/hotspot/src/share/vm/prims/jvm.cpp, line 1390]
Event: 0.313 Thread 0x00007fc2da00a000 Exception <a 'java/security/PrivilegedActionException'> (0x00000007957471e8) thrown at [/Users/java_re/workspace/8-2-build-macosx-x86_64/jdk8u162/10278/hotspot/src/share/vm/prims/jvm.cpp, line 1390]
Event: 0.314 Thread 0x00007fc2da00a000 Exception <a 'java/security/PrivilegedActionException'> (0x000000079574ba28) thrown at [/Users/java_re/workspace/8-2-build-macosx-x86_64/jdk8u162/10278/hotspot/src/share/vm/prims/jvm.cpp, line 1390]
Event: 0.314 Thread 0x00007fc2da00a000 Exception <a 'java/security/PrivilegedActionException'> (0x000000079574bc38) thrown at [/Users/java_re/workspace/8-2-build-macosx-x86_64/jdk8u162/10278/hotspot/src/share/vm/prims/jvm.cpp, line 1390]
Event: 0.432 Thread 0x00007fc2da00a000 Exception <a 'java/lang/NoSuchFieldError': method resolution failed> (0x000000079581c4a8) thrown at [/Users/java_re/workspace/8-2-build-macosx-x86_64/jdk8u162/10278/hotspot/src/share/vm/prims/methodHandles.cpp, line 1167]
Event: 0.434 Thread 0x00007fc2da00a000 Exception <a 'java/lang/NoSuchFieldError': method resolution failed> (0x0000000795829c30) thrown at [/Users/java_re/workspace/8-2-build-macosx-x86_64/jdk8u162/10278/hotspot/src/share/vm/prims/methodHandles.cpp, line 1167]
Event: 0.735 Thread 0x00007fc2da00a000 Exception <a 'java/io/FileNotFoundException'> (0x00000007958a4878) thrown at [/Users/java_re/workspace/8-2-build-macosx-x86_64/jdk8u162/10278/hotspot/src/share/vm/prims/jni.cpp, line 709]
Event: 0.735 Thread 0x00007fc2da00a000 Exception <a 'java/io/FileNotFoundException'> (0x00000007958a5390) thrown at [/Users/java_re/workspace/8-2-build-macosx-x86_64/jdk8u162/10278/hotspot/src/share/vm/prims/jni.cpp, line 709]

Events (10 events):
Event: 0.908 loading class org/lwjgl/opengl/ContextImplementation
Event: 0.908 loading class org/lwjgl/opengl/ContextImplementation done
Event: 0.909 loading class org/lwjgl/opengl/MacOSXContextImplementation
Event: 0.909 loading class org/lwjgl/opengl/MacOSXContextImplementation done
Event: 0.910 loading class org/lwjgl/opengl/GLContext
Event: 0.910 loading class org/lwjgl/opengl/GLContext done
Event: 0.911 loading class java/lang/NumberFormatException
Event: 0.911 loading class java/lang/NumberFormatException done
Event: 0.912 loading class org/lwjgl/opengl/GLContext$CapabilitiesCacheEntry
Event: 0.912 loading class org/lwjgl/opengl/GLContext$CapabilitiesCacheEntry done


Dynamic libraries:
0x000000000031e000 	/System/Library/Frameworks/Cocoa.framework/Versions/A/Cocoa
0x000000000031e000 	/System/Library/Frameworks/Security.framework/Versions/A/Security
0x000000000031e000 	/System/Library/Frameworks/ApplicationServices.framework/Versions/A/ApplicationServices
0x000000000031e000 	/usr/lib/libz.1.dylib
0x000000000031e000 	/usr/lib/libSystem.B.dylib
0x000000000031e000 	/usr/lib/libobjc.A.dylib
0x000000000031e000 	/System/Library/Frameworks/CoreFoundation.framework/Versions/A/CoreFoundation
0x000000000031e000 	/System/Library/Frameworks/Foundation.framework/Versions/C/Foundation
0x000000000031e000 	/System/Library/Frameworks/AppKit.framework/Versions/C/AppKit
0x000000000031e000 	/System/Library/Frameworks/CoreData.framework/Versions/A/CoreData
0x000000000031e000 	/System/Library/PrivateFrameworks/UIFoundation.framework/Versions/A/UIFoundation
0x000000000031e000 	/System/Library/PrivateFrameworks/RemoteViewServices.framework/Versions/A/RemoteViewServices
0x000000000031e000 	/System/Library/PrivateFrameworks/XCTTargetBootstrap.framework/Versions/A/XCTTargetBootstrap
0x000000000031e000 	/usr/lib/libspindump.dylib
0x000000000031e000 	/System/Library/Frameworks/UniformTypeIdentifiers.framework/Versions/A/UniformTypeIdentifiers
0x000000000031e000 	/usr/lib/libapp_launch_measurement.dylib
0x000000000031e000 	/System/Library/PrivateFrameworks/CoreAutoLayout.framework/Versions/A/CoreAutoLayout
0x000000000031e000 	/System/Library/Frameworks/Metal.framework/Versions/A/Metal
0x000000000031e000 	/usr/lib/liblangid.dylib
0x000000000031e000 	/System/Library/PrivateFrameworks/CoreSVG.framework/Versions/A/CoreSVG
0x000000000031e000 	/System/Library/PrivateFrameworks/SkyLight.framework/Versions/A/SkyLight
0x000000000031e000 	/System/Library/Frameworks/CoreGraphics.framework/Versions/A/CoreGraphics
0x000000000031e000 	/System/Library/Frameworks/Accelerate.framework/Versions/A/Accelerate
0x000000000031e000 	/System/Library/PrivateFrameworks/IconServices.framework/Versions/A/IconServices
0x000000000031e000 	/System/Library/Frameworks/IOSurface.framework/Versions/A/IOSurface
0x000000000031e000 	/usr/lib/libDiagnosticMessagesClient.dylib
0x000000000031e000 	/System/Library/PrivateFrameworks/DFRFoundation.framework/Versions/A/DFRFoundation
0x000000000031e000 	/usr/lib/libicucore.A.dylib
0x000000000031e000 	/System/Library/Frameworks/AudioToolbox.framework/Versions/A/AudioToolbox
0x000000000031e000 	/System/Library/PrivateFrameworks/DataDetectorsCore.framework/Versions/A/DataDetectorsCore
0x000000000031e000 	/System/Library/Frameworks/Carbon.framework/Versions/A/Frameworks/HIToolbox.framework/Versions/A/HIToolbox
0x000000000031e000 	/System/Library/Frameworks/QuartzCore.framework/Versions/A/QuartzCore
0x000000000031e000 	/System/Library/Frameworks/Carbon.framework/Versions/A/Frameworks/SpeechRecognition.framework/Versions/A/SpeechRecognition
0x000000000031e000 	/System/Library/PrivateFrameworks/CoreUI.framework/Versions/A/CoreUI
0x000000000031e000 	/System/Library/Frameworks/CoreAudio.framework/Versions/A/CoreAudio
0x000000000031e000 	/System/Library/Frameworks/DiskArbitration.framework/Versions/A/DiskArbitration
0x000000000031e000 	/System/Library/PrivateFrameworks/MultitouchSupport.framework/Versions/A/MultitouchSupport
0x000000000031e000 	/System/Library/PrivateFrameworks/InternationalSupport.framework/Versions/A/InternationalSupport
0x000000000031e000 	/usr/lib/libenergytrace.dylib
0x000000000031e000 	/System/Library/Frameworks/IOKit.framework/Versions/A/IOKit
0x000000000031e000 	/System/Library/Frameworks/CoreServices.framework/Versions/A/CoreServices
0x000000000031e000 	/System/Library/PrivateFrameworks/PerformanceAnalysis.framework/Versions/A/PerformanceAnalysis
0x000000000031e000 	/System/Library/Frameworks/OpenGL.framework/Versions/A/OpenGL
0x000000000031e000 	/System/Library/PrivateFrameworks/UserActivity.framework/Versions/A/UserActivity
0x000000000031e000 	/System/Library/Frameworks/ColorSync.framework/Versions/A/ColorSync
0x000000000031e000 	/System/Library/Frameworks/CoreImage.framework/Versions/A/CoreImage
0x000000000031e000 	/System/Library/Frameworks/CoreText.framework/Versions/A/CoreText
0x000000000031e000 	/System/Library/Frameworks/ImageIO.framework/Versions/A/ImageIO
0x000000000031e000 	/System/Library/PrivateFrameworks/SoftLinking.framework/Versions/A/SoftLinking
0x000000000031e000 	/usr/lib/libxml2.2.dylib
0x000000000031e000 	/usr/lib/libc++.1.dylib
0x000000000031e000 	/usr/lib/libcompression.dylib
0x000000000031e000 	/usr/lib/libMobileGestalt.dylib
0x000000000031e000 	/System/Library/PrivateFrameworks/TextureIO.framework/Versions/A/TextureIO
0x000000000031e000 	/usr/lib/libate.dylib
0x000000000031e000 	/usr/lib/system/libcache.dylib
0x000000000031e000 	/usr/lib/system/libcommonCrypto.dylib
0x000000000031e000 	/usr/lib/system/libcompiler_rt.dylib
0x000000000031e000 	/usr/lib/system/libcopyfile.dylib
0x000000000031e000 	/usr/lib/system/libcorecrypto.dylib
0x000000000031e000 	/usr/lib/system/libdispatch.dylib
0x000000000031e000 	/usr/lib/system/libdyld.dylib
0x000000000031e000 	/usr/lib/system/libkeymgr.dylib
0x000000000031e000 	/usr/lib/system/liblaunch.dylib
0x000000000031e000 	/usr/lib/system/libmacho.dylib
0x000000000031e000 	/usr/lib/system/libquarantine.dylib
0x000000000031e000 	/usr/lib/system/libremovefile.dylib
0x000000000031e000 	/usr/lib/system/libsystem_asl.dylib
0x000000000031e000 	/usr/lib/system/libsystem_blocks.dylib
0x000000000031e000 	/usr/lib/system/libsystem_c.dylib
0x000000000031e000 	/usr/lib/system/libsystem_collections.dylib
0x000000000031e000 	/usr/lib/system/libsystem_configuration.dylib
0x000000000031e000 	/usr/lib/system/libsystem_containermanager.dylib
0x000000000031e000 	/usr/lib/system/libsystem_coreservices.dylib
0x000000000031e000 	/usr/lib/system/libsystem_darwin.dylib
0x000000000031e000 	/usr/lib/system/libsystem_dnssd.dylib
0x000000000031e000 	/usr/lib/system/libsystem_featureflags.dylib
0x000000000031e000 	/usr/lib/system/libsystem_info.dylib
0x000000000031e000 	/usr/lib/system/libsystem_m.dylib
0x000000000031e000 	/usr/lib/system/libsystem_malloc.dylib
0x000000000031e000 	/usr/lib/system/libsystem_networkextension.dylib
0x000000000031e000 	/usr/lib/system/libsystem_notify.dylib
0x000000000031e000 	/usr/lib/system/libsystem_product_info_filter.dylib
0x000000000031e000 	/usr/lib/system/libsystem_sandbox.dylib
0x000000000031e000 	/usr/lib/system/libsystem_secinit.dylib
0x000000000031e000 	/usr/lib/system/libsystem_kernel.dylib
0x000000000031e000 	/usr/lib/system/libsystem_platform.dylib
0x000000000031e000 	/usr/lib/system/libsystem_pthread.dylib
0x000000000031e000 	/usr/lib/system/libsystem_symptoms.dylib
0x000000000031e000 	/usr/lib/system/libsystem_trace.dylib
0x000000000031e000 	/usr/lib/system/libunwind.dylib
0x000000000031e000 	/usr/lib/system/libxpc.dylib
0x000000000031e000 	/usr/lib/libc++abi.dylib
0x000000000031e000 	/usr/lib/liboah.dylib
0x000000000031e000 	/usr/lib/liblzma.5.dylib
0x000000000031e000 	/System/Library/Frameworks/SystemConfiguration.framework/Versions/A/SystemConfiguration
0x000000000031e000 	/usr/lib/libfakelink.dylib
0x000000000031e000 	/System/Library/Frameworks/CFNetwork.framework/Versions/A/CFNetwork
0x000000000031e000 	/usr/lib/libarchive.2.dylib
0x000000000031e000 	/usr/lib/libCRFSuite.dylib
0x000000000031e000 	/usr/lib/libbsm.0.dylib
0x000000000031e000 	/usr/lib/libnetwork.dylib
0x000000000031e000 	/usr/lib/libpcap.A.dylib
0x000000000031e000 	/usr/lib/libdns_services.dylib
0x000000000031e000 	/usr/lib/libcoretls_cfhelpers.dylib
0x000000000031e000 	/usr/lib/libapple_nghttp2.dylib
0x000000000031e000 	/usr/lib/system/libkxld.dylib
0x000000000031e000 	/usr/lib/libsqlite3.dylib
0x000000000031e000 	/System/Library/PrivateFrameworks/AppleFSCompression.framework/Versions/A/AppleFSCompression
0x000000000031e000 	/usr/lib/libcoretls.dylib
0x000000000031e000 	/usr/lib/libpam.2.dylib
0x000000000031e000 	/usr/lib/libxar.1.dylib
0x000000000031e000 	/System/Library/PrivateFrameworks/AppleSystemInfo.framework/Versions/A/AppleSystemInfo
0x000000000031e000 	/System/Library/PrivateFrameworks/IOMobileFramebuffer.framework/Versions/A/IOMobileFramebuffer
0x000000000031e000 	/usr/lib/libbz2.1.0.dylib
0x000000000031e000 	/usr/lib/libiconv.2.dylib
0x000000000031e000 	/usr/lib/libcharset.1.dylib
0x000000000031e000 	/System/Library/Frameworks/CoreServices.framework/Versions/A/Frameworks/FSEvents.framework/Versions/A/FSEvents
0x000000000031e000 	/System/Library/Frameworks/CoreServices.framework/Versions/A/Frameworks/CarbonCore.framework/Versions/A/CarbonCore
0x000000000031e000 	/System/Library/Frameworks/CoreServices.framework/Versions/A/Frameworks/Metadata.framework/Versions/A/Metadata
0x000000000031e000 	/System/Library/Frameworks/CoreServices.framework/Versions/A/Frameworks/OSServices.framework/Versions/A/OSServices
0x000000000031e000 	/System/Library/Frameworks/CoreServices.framework/Versions/A/Frameworks/SearchKit.framework/Versions/A/SearchKit
0x000000000031e000 	/System/Library/Frameworks/CoreServices.framework/Versions/A/Frameworks/AE.framework/Versions/A/AE
0x000000000031e000 	/System/Library/Frameworks/CoreServices.framework/Versions/A/Frameworks/LaunchServices.framework/Versions/A/LaunchServices
0x000000000031e000 	/System/Library/Frameworks/CoreServices.framework/Versions/A/Frameworks/DictionaryServices.framework/Versions/A/DictionaryServices
0x000000000031e000 	/System/Library/Frameworks/CoreServices.framework/Versions/A/Frameworks/SharedFileList.framework/Versions/A/SharedFileList
0x000000000031e000 	/usr/lib/libCheckFix.dylib
0x000000000031e000 	/System/Library/PrivateFrameworks/TCC.framework/Versions/A/TCC
0x000000000031e000 	/System/Library/PrivateFrameworks/CoreNLP.framework/Versions/A/CoreNLP
0x000000000031e000 	/System/Library/PrivateFrameworks/MetadataUtilities.framework/Versions/A/MetadataUtilities
0x000000000031e000 	/usr/lib/libmecabra.dylib
0x000000000031e000 	/System/Library/Frameworks/MLCompute.framework/Versions/A/MLCompute
0x000000000031e000 	/usr/lib/libmecab.dylib
0x000000000031e000 	/usr/lib/libgermantok.dylib
0x000000000031e000 	/usr/lib/libThaiTokenizer.dylib
0x000000000031e000 	/usr/lib/libChineseTokenizer.dylib
0x000000000031e000 	/System/Library/Frameworks/MetalPerformanceShaders.framework/Versions/A/MetalPerformanceShaders
0x000000000031e000 	/System/Library/Frameworks/Accelerate.framework/Versions/A/Frameworks/vImage.framework/Versions/A/vImage
0x000000000031e000 	/System/Library/Frameworks/Accelerate.framework/Versions/A/Frameworks/vecLib.framework/Versions/A/vecLib
0x000000000031e000 	/System/Library/Frameworks/Accelerate.framework/Versions/A/Frameworks/vecLib.framework/Versions/A/libvMisc.dylib
0x000000000031e000 	/System/Library/Frameworks/Accelerate.framework/Versions/A/Frameworks/vecLib.framework/Versions/A/libvDSP.dylib
0x000000000031e000 	/System/Library/Frameworks/Accelerate.framework/Versions/A/Frameworks/vecLib.framework/Versions/A/libBLAS.dylib
0x000000000031e000 	/System/Library/Frameworks/Accelerate.framework/Versions/A/Frameworks/vecLib.framework/Versions/A/libLAPACK.dylib
0x000000000031e000 	/System/Library/Frameworks/Accelerate.framework/Versions/A/Frameworks/vecLib.framework/Versions/A/libLinearAlgebra.dylib
0x000000000031e000 	/System/Library/Frameworks/Accelerate.framework/Versions/A/Frameworks/vecLib.framework/Versions/A/libSparseBLAS.dylib
0x000000000031e000 	/System/Library/Frameworks/Accelerate.framework/Versions/A/Frameworks/vecLib.framework/Versions/A/libQuadrature.dylib
0x000000000031e000 	/System/Library/Frameworks/Accelerate.framework/Versions/A/Frameworks/vecLib.framework/Versions/A/libBNNS.dylib
0x000000000031e000 	/System/Library/Frameworks/Accelerate.framework/Versions/A/Frameworks/vecLib.framework/Versions/A/libSparse.dylib
0x000000000031e000 	/System/Library/Frameworks/MetalPerformanceShaders.framework/Versions/A/Frameworks/MPSCore.framework/Versions/A/MPSCore
0x000000000031e000 	/System/Library/Frameworks/MetalPerformanceShaders.framework/Versions/A/Frameworks/MPSImage.framework/Versions/A/MPSImage
0x000000000031e000 	/System/Library/Frameworks/MetalPerformanceShaders.framework/Versions/A/Frameworks/MPSNeuralNetwork.framework/Versions/A/MPSNeuralNetwork
0x000000000031e000 	/System/Library/Frameworks/MetalPerformanceShaders.framework/Versions/A/Frameworks/MPSMatrix.framework/Versions/A/MPSMatrix
0x000000000031e000 	/System/Library/Frameworks/MetalPerformanceShaders.framework/Versions/A/Frameworks/MPSRayIntersector.framework/Versions/A/MPSRayIntersector
0x000000000031e000 	/System/Library/Frameworks/MetalPerformanceShaders.framework/Versions/A/Frameworks/MPSNDArray.framework/Versions/A/MPSNDArray
0x000000000031e000 	/System/Library/PrivateFrameworks/MetalTools.framework/Versions/A/MetalTools
0x000000000031e000 	/System/Library/PrivateFrameworks/AggregateDictionary.framework/Versions/A/AggregateDictionary
0x000000000031e000 	/System/Library/PrivateFrameworks/CoreAnalytics.framework/Versions/A/CoreAnalytics
0x000000000031e000 	/System/Library/PrivateFrameworks/AppleSauce.framework/Versions/A/AppleSauce
0x000000000031e000 	/System/Library/PrivateFrameworks/IOAccelerator.framework/Versions/A/IOAccelerator
0x000000000031e000 	/System/Library/Frameworks/OpenGL.framework/Versions/A/Libraries/libCoreFSCache.dylib
0x000000000031e000 	/System/Library/PrivateFrameworks/LanguageModeling.framework/Versions/A/LanguageModeling
0x000000000031e000 	/System/Library/PrivateFrameworks/CoreEmoji.framework/Versions/A/CoreEmoji
0x000000000031e000 	/System/Library/PrivateFrameworks/LinguisticData.framework/Versions/A/LinguisticData
0x000000000031e000 	/System/Library/PrivateFrameworks/Lexicon.framework/Versions/A/Lexicon
0x000000000031e000 	/usr/lib/libcmph.dylib
0x000000000031e000 	/System/Library/Frameworks/OpenDirectory.framework/Versions/A/Frameworks/CFOpenDirectory.framework/Versions/A/CFOpenDirectory
0x000000000031e000 	/System/Library/Frameworks/OpenDirectory.framework/Versions/A/OpenDirectory
0x000000000031e000 	/System/Library/PrivateFrameworks/APFS.framework/Versions/A/APFS
0x000000000031e000 	/System/Library/Frameworks/SecurityFoundation.framework/Versions/A/SecurityFoundation
0x000000000031e000 	/usr/lib/libutil.dylib
0x000000000031e000 	/System/Library/PrivateFrameworks/CoreServicesStore.framework/Versions/A/CoreServicesStore
0x000000000031e000 	/System/Library/Frameworks/ServiceManagement.framework/Versions/A/ServiceManagement
0x000000000031e000 	/usr/lib/libxslt.1.dylib
0x000000000031e000 	/System/Library/PrivateFrameworks/BackgroundTaskManagement.framework/Versions/A/BackgroundTaskManagement
0x000000000031e000 	/System/Library/Frameworks/ImageIO.framework/Versions/A/Resources/libRadiance.dylib
0x000000000031e000 	/System/Library/Frameworks/ImageIO.framework/Versions/A/Resources/libJPEG.dylib
0x000000000031e000 	/System/Library/Frameworks/ImageIO.framework/Versions/A/Resources/libPng.dylib
0x000000000031e000 	/System/Library/Frameworks/ImageIO.framework/Versions/A/Resources/libTIFF.dylib
0x000000000031e000 	/System/Library/Frameworks/ImageIO.framework/Versions/A/Resources/libGIF.dylib
0x000000000031e000 	/System/Library/Frameworks/ImageIO.framework/Versions/A/Resources/libJP2.dylib
0x000000000031e000 	/usr/lib/libexpat.1.dylib
0x000000000031e000 	/System/Library/PrivateFrameworks/AppleJPEG.framework/Versions/A/AppleJPEG
0x000000000031e000 	/System/Library/PrivateFrameworks/FontServices.framework/libFontParser.dylib
0x000000000031e000 	/System/Library/PrivateFrameworks/RunningBoardServices.framework/Versions/A/RunningBoardServices
0x000000000031e000 	/System/Library/PrivateFrameworks/WatchdogClient.framework/Versions/A/WatchdogClient
0x000000000031e000 	/System/Library/Frameworks/CoreDisplay.framework/Versions/A/CoreDisplay
0x000000000031e000 	/System/Library/Frameworks/CoreMedia.framework/Versions/A/CoreMedia
0x000000000031e000 	/System/Library/Frameworks/CoreVideo.framework/Versions/A/CoreVideo
0x000000000031e000 	/System/Library/Frameworks/VideoToolbox.framework/Versions/A/VideoToolbox
0x000000000031e000 	/System/Library/PrivateFrameworks/BaseBoard.framework/Versions/A/BaseBoard
0x000000000031e000 	/System/Library/PrivateFrameworks/PersistentConnection.framework/Versions/A/PersistentConnection
0x000000000031e000 	/System/Library/PrivateFrameworks/ProtocolBuffer.framework/Versions/A/ProtocolBuffer
0x000000000031e000 	/System/Library/PrivateFrameworks/CommonUtilities.framework/Versions/A/CommonUtilities
0x000000000031e000 	/System/Library/PrivateFrameworks/Bom.framework/Versions/A/Bom
0x000000000031e000 	/System/Library/PrivateFrameworks/GPUWrangler.framework/Versions/A/GPUWrangler
0x000000000031e000 	/System/Library/PrivateFrameworks/IOPresentment.framework/Versions/A/IOPresentment
0x000000000031e000 	/System/Library/PrivateFrameworks/DSExternalDisplay.framework/Versions/A/DSExternalDisplay
0x000000000031e000 	/System/Library/PrivateFrameworks/CMCaptureCore.framework/Versions/A/CMCaptureCore
0x000000000031e000 	/System/Library/PrivateFrameworks/AppServerSupport.framework/Versions/A/AppServerSupport
0x000000000031e000 	/System/Library/PrivateFrameworks/perfdata.framework/Versions/A/perfdata
0x000000000031e000 	/System/Library/PrivateFrameworks/AssertionServices.framework/Versions/A/AssertionServices
0x000000000031e000 	/System/Library/PrivateFrameworks/AudioToolboxCore.framework/Versions/A/AudioToolboxCore
0x000000000031e000 	/System/Library/PrivateFrameworks/caulk.framework/Versions/A/caulk
0x000000000031e000 	/System/Library/PrivateFrameworks/SystemPolicy.framework/Versions/A/SystemPolicy
0x000000000031e000 	/usr/lib/libIOReport.dylib
0x000000000031e000 	/usr/lib/libSMC.dylib
0x000000000031e000 	/usr/lib/libAudioToolboxUtility.dylib
0x000000000031e000 	/usr/lib/libmis.dylib
0x000000000031e000 	/System/Library/Frameworks/OpenGL.framework/Versions/A/Libraries/libGLU.dylib
0x000000000031e000 	/System/Library/Frameworks/OpenGL.framework/Versions/A/Libraries/libGFXShared.dylib
0x000000000031e000 	/System/Library/Frameworks/OpenGL.framework/Versions/A/Libraries/libGL.dylib
0x000000000031e000 	/System/Library/Frameworks/OpenGL.framework/Versions/A/Libraries/libGLImage.dylib
0x000000000031e000 	/System/Library/Frameworks/OpenGL.framework/Versions/A/Libraries/libCVMSPluginSupport.dylib
0x000000000031e000 	/System/Library/Frameworks/OpenGL.framework/Versions/A/Libraries/libCoreVMClient.dylib
0x000000000031e000 	/System/Library/Frameworks/OpenCL.framework/Versions/A/OpenCL
0x000000000031e000 	/System/Library/PrivateFrameworks/GraphVisualizer.framework/Versions/A/GraphVisualizer
0x000000000031e000 	/System/Library/PrivateFrameworks/FaceCore.framework/Versions/A/FaceCore
0x000000000031e000 	/System/Library/PrivateFrameworks/OTSVG.framework/Versions/A/OTSVG
0x000000000031e000 	/System/Library/Frameworks/ApplicationServices.framework/Versions/A/Frameworks/ATS.framework/Versions/A/Resources/libFontRegistry.dylib
0x000000000031e000 	/System/Library/PrivateFrameworks/FontServices.framework/libhvf.dylib
0x000000000031e000 	/System/Library/PrivateFrameworks/AppleVA.framework/Versions/A/AppleVA
0x000000000031e000 	/System/Library/Frameworks/ApplicationServices.framework/Versions/A/Frameworks/ATS.framework/Versions/A/ATS
0x000000000031e000 	/System/Library/Frameworks/ApplicationServices.framework/Versions/A/Frameworks/ColorSyncLegacy.framework/Versions/A/ColorSyncLegacy
0x000000000031e000 	/System/Library/Frameworks/ApplicationServices.framework/Versions/A/Frameworks/HIServices.framework/Versions/A/HIServices
0x000000000031e000 	/System/Library/Frameworks/ApplicationServices.framework/Versions/A/Frameworks/LangAnalysis.framework/Versions/A/LangAnalysis
0x000000000031e000 	/System/Library/Frameworks/ApplicationServices.framework/Versions/A/Frameworks/PrintCore.framework/Versions/A/PrintCore
0x000000000031e000 	/System/Library/Frameworks/ApplicationServices.framework/Versions/A/Frameworks/QD.framework/Versions/A/QD
0x000000000031e000 	/System/Library/Frameworks/ApplicationServices.framework/Versions/A/Frameworks/SpeechSynthesis.framework/Versions/A/SpeechSynthesis
0x000000000031e000 	/System/Library/Frameworks/ApplicationServices.framework/Versions/A/Frameworks/ATSUI.framework/Versions/A/ATSUI
0x000000000031e000 	/usr/lib/libcups.2.dylib
0x000000000031e000 	/System/Library/PrivateFrameworks/NetAuth.framework/Versions/A/NetAuth
0x000000000031e000 	/System/Library/Frameworks/Kerberos.framework/Versions/A/Kerberos
0x000000000031e000 	/System/Library/Frameworks/GSS.framework/Versions/A/GSS
0x000000000031e000 	/usr/lib/libresolv.9.dylib
0x000000000031e000 	/System/Library/PrivateFrameworks/Heimdal.framework/Versions/A/Heimdal
0x000000000031e000 	/System/Library/Frameworks/Kerberos.framework/Versions/A/Libraries/libHeimdalProxy.dylib
0x000000000031e000 	/System/Library/Frameworks/Network.framework/Versions/A/Network
0x000000000031e000 	/usr/lib/libheimdal-asn1.dylib
0x000000000031e000 	/System/Library/PrivateFrameworks/CommonAuth.framework/Versions/A/CommonAuth
0x000000000031e000 	/System/Library/PrivateFrameworks/login.framework/Versions/A/Frameworks/loginsupport.framework/Versions/A/loginsupport
0x000000000031e000 	/System/Library/PrivateFrameworks/AudioSession.framework/Versions/A/AudioSession
0x000000000031e000 	/usr/lib/libAudioStatistics.dylib
0x000000000031e000 	/System/Library/PrivateFrameworks/MediaExperience.framework/Versions/A/MediaExperience
0x000000000031e000 	/System/Library/PrivateFrameworks/AudioSession.framework/libSessionUtility.dylib
0x000000000031e000 	/usr/lib/libperfcheck.dylib
0x000000000031e000 	/System/Library/PrivateFrameworks/AudioResourceArbitration.framework/Versions/A/AudioResourceArbitration
0x000000000031e000 	/System/Library/PrivateFrameworks/IconFoundation.framework/Versions/A/IconFoundation
0x000000000031e000 	/System/Library/PrivateFrameworks/SpeechRecognitionCore.framework/Versions/A/SpeechRecognitionCore
0x0000000110000000 	/Library/Internet Plug-Ins/JavaAppletPlugin.plugin/Contents/Home/lib/server/libjvm.dylib
0x000000000031e000 	/usr/lib/libstdc++.6.dylib
0x000000010deda000 	/Library/Internet Plug-Ins/JavaAppletPlugin.plugin/Contents/Home/lib/libverify.dylib
0x000000010dee8000 	/Library/Internet Plug-Ins/JavaAppletPlugin.plugin/Contents/Home/lib/libjava.dylib
0x000000010df68000 	/Library/Internet Plug-Ins/JavaAppletPlugin.plugin/Contents/Home/lib/libzip.dylib
0x00000001183dc000 	/Library/Internet Plug-Ins/JavaAppletPlugin.plugin/Contents/Home/lib/libawt.dylib
0x0000000118486000 	/Library/Internet Plug-Ins/JavaAppletPlugin.plugin/Contents/Home/lib/libmlib_image.dylib
0x000000000031e000 	/System/Library/Frameworks/JavaNativeFoundation.framework/Versions/A/JavaNativeFoundation
0x000000000031e000 	/System/Library/Frameworks/JavaRuntimeSupport.framework/Versions/A/JavaRuntimeSupport
0x000000000031e000 	/System/Library/Frameworks/Carbon.framework/Versions/A/Carbon
0x000000000031e000 	/System/Library/PrivateFrameworks/CoreSymbolication.framework/Versions/A/CoreSymbolication
0x000000000031e000 	/System/Library/Frameworks/Carbon.framework/Versions/A/Frameworks/CommonPanels.framework/Versions/A/CommonPanels
0x000000000031e000 	/System/Library/Frameworks/Carbon.framework/Versions/A/Frameworks/Help.framework/Versions/A/Help
0x000000000031e000 	/System/Library/Frameworks/Carbon.framework/Versions/A/Frameworks/ImageCapture.framework/Versions/A/ImageCapture
0x000000000031e000 	/System/Library/Frameworks/Carbon.framework/Versions/A/Frameworks/OpenScripting.framework/Versions/A/OpenScripting
0x000000000031e000 	/System/Library/Frameworks/Carbon.framework/Versions/A/Frameworks/Ink.framework/Versions/A/Ink
0x000000000031e000 	/System/Library/Frameworks/Carbon.framework/Versions/A/Frameworks/Print.framework/Versions/A/Print
0x000000000031e000 	/System/Library/Frameworks/Carbon.framework/Versions/A/Frameworks/SecurityHI.framework/Versions/A/SecurityHI
0x000000000031e000 	/System/Library/PrivateFrameworks/DebugSymbols.framework/Versions/A/DebugSymbols
0x0000000118552000 	/Library/Internet Plug-Ins/JavaAppletPlugin.plugin/Contents/Home/lib/libawt_lwawt.dylib
0x000000010dfcd000 	/Library/Internet Plug-Ins/JavaAppletPlugin.plugin/Contents/Home/lib/libosxapp.dylib
0x000000000031e000 	/System/Library/Frameworks/ExceptionHandling.framework/Versions/A/ExceptionHandling
0x000000000031e000 	/System/Library/PrivateFrameworks/CoreServicesInternal.framework/Versions/A/CoreServicesInternal
0x000000000031e000 	/System/Library/Frameworks/FileProvider.framework/Versions/A/FileProvider
0x000000000031e000 	/System/Library/Frameworks/Accounts.framework/Versions/A/Accounts
0x000000000031e000 	/System/Library/PrivateFrameworks/GenerationalStorage.framework/Versions/A/GenerationalStorage
0x000000000031e000 	/System/Library/PrivateFrameworks/SymptomDiagnosticReporter.framework/Versions/A/SymptomDiagnosticReporter
0x000000000031e000 	/System/Library/PrivateFrameworks/AppContainer.framework/Versions/A/AppContainer
0x000000000031e000 	/System/Library/PrivateFrameworks/DesktopServicesPriv.framework/Versions/A/DesktopServicesPriv
0x000000000031e000 	/usr/lib/libsandbox.1.dylib
0x000000000031e000 	/System/Library/PrivateFrameworks/UserManagement.framework/Versions/A/UserManagement
0x000000000031e000 	/System/Library/PrivateFrameworks/MobileKeyBag.framework/Versions/A/MobileKeyBag
0x000000000031e000 	/System/Library/PrivateFrameworks/ChunkingLibrary.framework/Versions/A/ChunkingLibrary
0x000000000031e000 	/System/Library/PrivateFrameworks/SecCodeWrapper.framework/Versions/A/SecCodeWrapper
0x000000000031e000 	/System/Library/PrivateFrameworks/CrashReporterSupport.framework/Versions/A/CrashReporterSupport
0x000000000031e000 	/System/Library/PrivateFrameworks/OSAnalytics.framework/Versions/A/OSAnalytics
0x000000000031e000 	/usr/lib/libRosetta.dylib
0x000000000031e000 	/System/Library/PrivateFrameworks/RemoteServiceDiscovery.framework/Versions/A/RemoteServiceDiscovery
0x000000000031e000 	/System/Library/PrivateFrameworks/Symbolication.framework/Versions/A/Symbolication
0x000000000031e000 	/System/Library/PrivateFrameworks/RemoteXPC.framework/Versions/A/RemoteXPC
0x000000000031e000 	/System/Library/PrivateFrameworks/OSAServicesClient.framework/Versions/A/OSAServicesClient
0x000000000031e000 	/System/Library/PrivateFrameworks/MallocStackLogging.framework/Versions/A/MallocStackLogging
0x000000000031e000 	/System/Library/PrivateFrameworks/Sharing.framework/Versions/A/Sharing
0x000000000031e000 	/System/Library/PrivateFrameworks/Apple80211.framework/Versions/A/Apple80211
0x000000000031e000 	/System/Library/PrivateFrameworks/AuthKit.framework/Versions/A/AuthKit
0x000000000031e000 	/System/Library/PrivateFrameworks/CoreUtils.framework/Versions/A/CoreUtils
0x000000000031e000 	/System/Library/Frameworks/CoreWLAN.framework/Versions/A/CoreWLAN
0x000000000031e000 	/System/Library/Frameworks/IOBluetooth.framework/Versions/A/IOBluetooth
0x000000000031e000 	/System/Library/PrivateFrameworks/CoreWiFi.framework/Versions/A/CoreWiFi
0x000000000031e000 	/System/Library/PrivateFrameworks/CorePhoneNumbers.framework/Versions/A/CorePhoneNumbers
0x000000000031e000 	/System/Library/PrivateFrameworks/DiskManagement.framework/Versions/A/DiskManagement
0x000000000031e000 	/System/Library/PrivateFrameworks/AppleIDAuthSupport.framework/Versions/A/AppleIDAuthSupport
0x000000000031e000 	/System/Library/PrivateFrameworks/KeychainCircle.framework/Versions/A/KeychainCircle
0x000000000031e000 	/System/Library/PrivateFrameworks/MediaKit.framework/Versions/A/MediaKit
0x000000000031e000 	/System/Library/Frameworks/DiscRecording.framework/Versions/A/DiscRecording
0x000000000031e000 	/usr/lib/libCoreStorage.dylib
0x000000000031e000 	/usr/lib/libcsfde.dylib
0x000000000031e000 	/System/Library/PrivateFrameworks/ProtectedCloudStorage.framework/Versions/A/ProtectedCloudStorage
0x000000000031e000 	/System/Library/PrivateFrameworks/EFILogin.framework/Versions/A/EFILogin
0x000000000031e000 	/System/Library/Frameworks/AudioUnit.framework/Versions/A/AudioUnit
0x000000000031e000 	/System/Library/Frameworks/CoreBluetooth.framework/Versions/A/CoreBluetooth
0x000000000031e000 	/usr/lib/libMatch.1.dylib
0x000000000031e000 	/System/Library/CoreServices/RawCamera.bundle/Contents/MacOS/RawCamera
0x000000000031e000 	/System/Library/PrivateFrameworks/MobileAsset.framework/Versions/A/MobileAsset
0x000000000031e000 	/System/Library/PrivateFrameworks/StreamingZip.framework/Versions/A/StreamingZip
0x000000000031e000 	/System/Library/Frameworks/MediaToolbox.framework/Versions/A/MediaToolbox
0x000000000031e000 	/System/Library/PrivateFrameworks/CoreAVCHD.framework/Versions/A/CoreAVCHD
0x000000000031e000 	/System/Library/Frameworks/MediaAccessibility.framework/Versions/A/MediaAccessibility
0x000000000031e000 	/System/Library/PrivateFrameworks/Mangrove.framework/Versions/A/Mangrove
0x000000000031e000 	/System/Library/PrivateFrameworks/AlgosScoreFramework.framework/Versions/A/AlgosScoreFramework
0x000000000031e000 	/System/Library/PrivateFrameworks/AppleVPA.framework/Versions/A/AppleVPA
0x000000000031e000 	/System/Library/PrivateFrameworks/CoreAUC.framework/Versions/A/CoreAUC
0x000000000031e000 	/System/Library/Frameworks/Accelerate.framework/Versions/A/Frameworks/vImage.framework/Versions/A/Libraries/libCGInterfaces.dylib
0x00000001293e9000 	/usr/lib/libobjc-trampolines.dylib
0x000000000031e000 	/System/Library/PrivateFrameworks/FamilyControls.framework/Versions/A/FamilyControls
0x000000000031e000 	/System/Library/PrivateFrameworks/CommerceKit.framework/Versions/A/Frameworks/CommerceCore.framework/Versions/A/CommerceCore
0x000000000031e000 	/System/Library/PrivateFrameworks/SystemAdministration.framework/Versions/A/SystemAdministration
0x000000000031e000 	/System/Library/PrivateFrameworks/login.framework/Versions/A/login
0x000000000031e000 	/System/Library/Frameworks/DirectoryService.framework/Versions/A/DirectoryService
0x000000000031e000 	/System/Library/PrivateFrameworks/DiskImages.framework/Versions/A/DiskImages
0x000000000031e000 	/System/Library/PrivateFrameworks/LoginUIKit.framework/Versions/A/Frameworks/LoginUICore.framework/Versions/A/LoginUICore
0x000000000031e000 	/usr/lib/libodfde.dylib
0x000000000031e000 	/usr/lib/libcurl.4.dylib
0x000000000031e000 	/usr/lib/libcrypto.44.dylib
0x000000000031e000 	/usr/lib/libssl.46.dylib
0x000000000031e000 	/System/Library/Frameworks/LDAP.framework/Versions/A/LDAP
0x000000000031e000 	/System/Library/PrivateFrameworks/TrustEvaluationAgent.framework/Versions/A/TrustEvaluationAgent
0x000000000031e000 	/usr/lib/libsasl2.2.dylib
0x000000000031e000 	/System/Library/PrivateFrameworks/CoreDaemon.framework/Versions/B/CoreDaemon
0x000000000031e000 	/System/Library/PrivateFrameworks/AppleSRP.framework/Versions/A/AppleSRP
0x000000000031e000 	/System/Library/PrivateFrameworks/ViewBridge.framework/Versions/A/ViewBridge
0x000000012ab07000 	/Library/Internet Plug-Ins/JavaAppletPlugin.plugin/Contents/Home/lib/libfontmanager.dylib
0x000000012ab6e000 	/Users/Mez/eclipse-workspace/Gioco1/lib/natives/liblwjgl.dylib
0x000000012a1b4000 	/Library/Internet Plug-Ins/JavaAppletPlugin.plugin/Contents/Home/lib/libjawt.dylib
0x000000000031e000 	/System/Library/Frameworks/OpenGL.framework/Versions/A/Resources/GLEngine.bundle/GLEngine
0x000000000031e000 	/System/Library/Frameworks/OpenGL.framework/Versions/A/Libraries/libGLProgrammability.dylib
0x000000000031e000 	/System/Library/Extensions/AppleIntelBDWGraphicsGLDriver.bundle/Contents/MacOS/AppleIntelBDWGraphicsGLDriver
0x000000000031e000 	/System/Library/PrivateFrameworks/GPUSupport.framework/Versions/A/Libraries/libGPUSupportMercury.dylib
0x000000000031e000 	/System/Library/Frameworks/OpenGL.framework/Versions/A/Resources/GLRendererFloat.bundle/GLRendererFloat

VM Arguments:
jvm_args: -Djava.library.path=/Users/Mez/eclipse-workspace/Gioco1/lib/natives -Dfile.encoding=UTF-8 
java_command: engineTester.MainGameLoop
java_class_path (initial): /Users/Mez/eclipse-workspace/Gioco1/bin:/Users/Mez/eclipse-workspace/Gioco1/lib/jars/lwjgl_util.jar:/Users/Mez/eclipse-workspace/Gioco1/lib/jars/lwjgl.jar:/Users/Mez/eclipse-workspace/Gioco1/lib/jars/slick-util.jar
Launcher Type: SUN_STANDARD

Environment Variables:
PATH=/usr/bin:/bin:/usr/sbin:/sbin
SHELL=/bin/bash

Signal Handlers:
SIGSEGV: [libjvm.dylib+0x5b52b5], sa_mask[0]=11111111011111110111111111111111, sa_flags=SA_ONSTACK|SA_RESTART|SA_SIGINFO
SIGBUS: [libjvm.dylib+0x5b52b5], sa_mask[0]=11111111011111110111111111111111, sa_flags=SA_RESTART|SA_SIGINFO
SIGFPE: [libjvm.dylib+0x48ac5c], sa_mask[0]=11111111011111110111111111111111, sa_flags=SA_RESTART|SA_SIGINFO
SIGPIPE: [libjvm.dylib+0x48ac5c], sa_mask[0]=11111111011111110111111111111111, sa_flags=SA_RESTART|SA_SIGINFO
SIGXFSZ: [libjvm.dylib+0x48ac5c], sa_mask[0]=11111111011111110111111111111111, sa_flags=SA_RESTART|SA_SIGINFO
SIGILL: [libjvm.dylib+0x48ac5c], sa_mask[0]=11111111011111110111111111111111, sa_flags=SA_RESTART|SA_SIGINFO
SIGUSR1: SIG_DFL, sa_mask[0]=00000000000000000000000000000000, sa_flags=none
SIGUSR2: [libjvm.dylib+0x48a77a], sa_mask[0]=00100000000000000000000000000000, sa_flags=SA_RESTART|SA_SIGINFO
SIGHUP: [libjvm.dylib+0x488d45], sa_mask[0]=11111111011111110111111111111111, sa_flags=SA_RESTART|SA_SIGINFO
SIGINT: [libjvm.dylib+0x488d45], sa_mask[0]=11111111011111110111111111111111, sa_flags=SA_RESTART|SA_SIGINFO
SIGTERM: [libjvm.dylib+0x488d45], sa_mask[0]=11111111011111110111111111111111, sa_flags=SA_RESTART|SA_SIGINFO
SIGQUIT: [libjvm.dylib+0x488d45], sa_mask[0]=11111111011111110111111111111111, sa_flags=SA_RESTART|SA_SIGINFO


---------------  S Y S T E M  ---------------

OS:Bsduname:Darwin 20.3.0 Darwin Kernel Version 20.3.0: Thu Jan 21 00:07:06 PST 2021; root:xnu-7195.81.3~1/RELEASE_X86_64 x86_64
rlimit: STACK 8192k, CORE 0k, NPROC 1392, NOFILE 10240, AS infinity
load average:5.35 2.74 2.27

CPU:total 4 (initial active 4) (2 cores per cpu, 2 threads per core) family 6 model 61 stepping 4, cmov, cx8, fxsr, mmx, sse, sse2, sse3, ssse3, sse4.1, sse4.2, popcnt, avx, avx2, aes, clmul, erms, 3dnowpref, lzcnt, ht, tsc, tscinvbit, bmi1, bmi2, adx

Memory: 4k page, physical 8388608k(38856k free)

/proc/meminfo:


vm_info: Java HotSpot(TM) 64-Bit Server VM (25.162-b12) for bsd-amd64 JRE (1.8.0_162-b12), built on Dec 19 2017 17:33:35 by "java_re" with gcc 4.2.1 (Based on Apple Inc. build 5658) (LLVM build 2336.11.00)

time: Thu May 20 17:58:47 2021
elapsed time: 0 seconds (0d 0h 0m 0s)

