#
# A fatal error has been detected by the Java Runtime Environment:
#
#  SIGSEGV (0xb) at pc=0x00007fff6c003ee6, pid=4225, tid=0x0000000000000c03
#
# JRE version: Java(TM) SE Runtime Environment (8.0_171-b11) (build 1.8.0_171-b11)
# Java VM: Java HotSpot(TM) 64-Bit Server VM (25.171-b11 mixed mode bsd-amd64 compressed oops)
# Problematic frame:
# C  [GLEngine+0x12eee6]  gleRunVertexSubmitImmediate+0x1be6
#
# Failed to write core dump. Core dumps have been disabled. To enable core dumping, try "ulimit -c unlimited" before starting Java again
#
# If you would like to submit a bug report, please visit:
#   http://bugreport.java.com/bugreport/crash.jsp
# The crash happened outside the Java Virtual Machine in native code.
# See problematic frame for where to report the bug.
#

---------------  T H R E A D  ---------------

Current thread (0x00007fc1b380e800):  JavaThread "main" [_thread_in_native, id=3075, stack(0x0000700000420000,0x0000700000520000)]

siginfo: si_signo: 11 (SIGSEGV), si_code: 1 (SEGV_MAPERR), si_addr: 0x0000000000000050

Registers:
RAX=0x0000000000000048, RBX=0x0000000000000003, RCX=0x00007fff6c003a20, RDX=0x00007fff6c004cb4
RSP=0x000070000051f520, RBP=0x000070000051f6b0, RSI=0x0000000000000006, RDI=0x0000000000000006
R8 =0x0000000000000003, R9 =0x00007fc1b48974e0, R10=0x0000000000000001, R11=0x0000000000000006
R12=0x0000000000000000, R13=0x00000c3300849000, R14=0x0000000000000000, R15=0x0000000000849000
RIP=0x00007fff6c003ee6, EFLAGS=0x0000000000010297, ERR=0x0000000000000004
  TRAPNO=0x000000000000000e

Top of Stack: (sp=0x000070000051f520)
0x000070000051f520:   0000000000000000 00007fc1b9c11170
0x000070000051f530:   00007fc1b9c11140 00007fc1b9c111a0
0x000070000051f540:   00007fc1b9c11160 00007fc1b9c11180
0x000070000051f550:   00007fc1b9c11150 0000000000000000
0x000070000051f560:   0000000000000000 00007fc1b9c11190
0x000070000051f570:   0000000000000003 00007fc1b48974e0
0x000070000051f580:   fffffffffffffffe 00007fc1b3872400
0x000070000051f590:   0000000000000000 0000000000000000
0x000070000051f5a0:   00007fc1b9c115f0 00000000b3872400
0x000070000051f5b0:   00007fc1b9c11140 000000013160a0a7
0x000070000051f5c0:   0000000000000000 0000000000849000
0x000070000051f5d0:   00000000000001c0 08090910030004cb
0x000070000051f5e0:   d3d5a56fdc570035 00007fc1b9c11000
0x000070000051f5f0:   0000000000000001 0000000000000008
0x000070000051f600:   00007fc1b9c11000 0000000000000004
0x000070000051f610:   0000000000000006 0000000000000000
0x000070000051f620:   0000000000000000 00007fc1b3872400
0x000070000051f630:   000070000051f694 00007fc1b38753d8
0x000070000051f640:   0000000000000048 0000000131a19200
0x000070000051f650:   0000000131a19220 000000013197d000
0x000070000051f660:   00007fc1b9c14e70 00007fc1b9c15080
0x000070000051f670:   00007fc1b417adc0 0000000000000000
0x000070000051f680:   d3d5a56fdc570035 0000000000000000
0x000070000051f690:   00007fc1b9c11000 00007fc1b417aa00
0x000070000051f6a0:   0000000000000001 0000000000000001
0x000070000051f6b0:   000070000051f710 00007fff6bf80f50
0x000070000051f6c0:   00007fc1b417ae40 0000000000000004
0x000070000051f6d0:   0000000000000004 0000000000000001
0x000070000051f6e0:   000000012a7e2d10 000000012a7e2d10
0x000070000051f6f0:   0000000000000000 000000012a7e2d10
0x000070000051f700:   000070000051f7f0 00007fc1b380e800
0x000070000051f710:   000070000051f7a0 0000000111d88667 

Instructions: (pc=0x00007fff6c003ee6)
0x00007fff6c003ec6:   c6 00 00 80 ff f7 c7 00 02 00 00 74 ed 81 e2 fe
0x00007fff6c003ed6:   03 00 00 eb 20 c1 e6 0d 81 c6 00 00 00 38 eb 15
0x00007fff6c003ee6:   f3 0f 10 40 08 f2 0f 10 20 0f 16 e0 e9 68 f2 ff
0x00007fff6c003ef6:   ff 31 f6 31 d2 c1 e2 0d 09 f2 c1 e1 10 81 e1 00 

Register to memory mapping:

RAX=0x0000000000000048 is an unknown value
RBX=0x0000000000000003 is an unknown value
RCX=0x00007fff6c003a20: gleRunVertexSubmitImmediate+0x1720 in /System/Library/Frameworks/OpenGL.framework/Versions/A/Resources/GLEngine.bundle/GLEngine at 0x00007fff6bed5000
RDX=0x00007fff6c004cb4: gleRunVertexSubmitImmediate+0x29b4 in /System/Library/Frameworks/OpenGL.framework/Versions/A/Resources/GLEngine.bundle/GLEngine at 0x00007fff6bed5000
RSP=0x000070000051f520 is pointing into the stack for thread: 0x00007fc1b380e800
RBP=0x000070000051f6b0 is pointing into the stack for thread: 0x00007fc1b380e800
RSI=0x0000000000000006 is an unknown value
RDI=0x0000000000000006 is an unknown value
R8 =0x0000000000000003 is an unknown value
R9 =0x00007fc1b48974e0 is an unknown value
R10=0x0000000000000001 is an unknown value
R11=0x0000000000000006 is an unknown value
R12=0x0000000000000000 is an unknown value
R13=0x00000c3300849000 is an unknown value
R14=0x0000000000000000 is an unknown value
R15=0x0000000000849000 is an unknown value


Stack: [0x0000700000420000,0x0000700000520000],  sp=0x000070000051f520,  free space=1021k
Native frames: (J=compiled Java code, j=interpreted, Vv=VM code, C=native code)
C  [GLEngine+0x12eee6]  gleRunVertexSubmitImmediate+0x1be6
C  [GLEngine+0xabf50]  glDrawElements_GL3Exec+0x2bf
j  org.lwjgl.opengl.GL11.nglDrawElementsBO(IIIJJ)V+0
j  org.lwjgl.opengl.GL11.glDrawElements(IIIJ)V+28
j  renderEngine.Renderer.render(Ljava/util/Map;)V+84
j  renderEngine.MasterRenderer.render(Lentities/Light;Lentities/Camera;)V+38
j  engineTester.MainGameLoop.main([Ljava/lang/String;)V+159
v  ~StubRoutines::call_stub
V  [libjvm.dylib+0x2ef1f6]
V  [libjvm.dylib+0x326185]
V  [libjvm.dylib+0x31ef11]
C  [java+0x38ca]  JavaMain+0x9c4
C  [libsystem_pthread.dylib+0x6954]  _pthread_start+0xe0
C  [libsystem_pthread.dylib+0x24a7]  thread_start+0xf
C  0x0000000000000000

Java frames: (J=compiled Java code, j=interpreted, Vv=VM code)
j  org.lwjgl.opengl.GL11.nglDrawElementsBO(IIIJJ)V+0
j  org.lwjgl.opengl.GL11.glDrawElements(IIIJ)V+28
j  renderEngine.Renderer.render(Ljava/util/Map;)V+84
j  renderEngine.MasterRenderer.render(Lentities/Light;Lentities/Camera;)V+38
j  engineTester.MainGameLoop.main([Ljava/lang/String;)V+159
v  ~StubRoutines::call_stub

---------------  P R O C E S S  ---------------

Java Threads: ( => current thread )
  0x00007fc1b383b000 JavaThread "AWT-Shutdown" [_thread_blocked, id=27419, stack(0x0000700001ae8000,0x0000700001be8000)]
  0x00007fc1b68be000 JavaThread "AppKit Thread" daemon [_thread_in_native, id=259, stack(0x00007ffee4c8a000,0x00007ffee548a000)]
  0x00007fc1b5827800 JavaThread "Service Thread" daemon [_thread_blocked, id=21763, stack(0x000070000185f000,0x000070000195f000)]
  0x00007fc1b4020000 JavaThread "C1 CompilerThread3" daemon [_thread_blocked, id=14851, stack(0x000070000175c000,0x000070000185c000)]
  0x00007fc1b6847800 JavaThread "C2 CompilerThread2" daemon [_thread_blocked, id=14595, stack(0x0000700001659000,0x0000700001759000)]
  0x00007fc1b500d000 JavaThread "C2 CompilerThread1" daemon [_thread_blocked, id=14339, stack(0x0000700001556000,0x0000700001656000)]
  0x00007fc1b300f000 JavaThread "C2 CompilerThread0" daemon [_thread_blocked, id=16131, stack(0x0000700001453000,0x0000700001553000)]
  0x00007fc1b5011800 JavaThread "Signal Dispatcher" daemon [_thread_blocked, id=14083, stack(0x0000700001350000,0x0000700001450000)]
  0x00007fc1b500a800 JavaThread "Finalizer" daemon [_thread_blocked, id=18691, stack(0x0000700001147000,0x0000700001247000)]
  0x00007fc1b5822800 JavaThread "Reference Handler" daemon [_thread_blocked, id=19203, stack(0x0000700001044000,0x0000700001144000)]
=>0x00007fc1b380e800 JavaThread "main" [_thread_in_native, id=3075, stack(0x0000700000420000,0x0000700000520000)]

Other Threads:
  0x00007fc1b381e800 VMThread [stack: 0x0000700000f41000,0x0000700001041000] [id=19715]
  0x00007fc1b585c800 WatcherThread [stack: 0x0000700001962000,0x0000700001a62000] [id=43011]

VM state:not at safepoint (normal execution)

VM Mutex/Monitor currently owned by a thread: None

Heap:
 PSYoungGen      total 76288K, used 12436K [0x000000076ab00000, 0x0000000770000000, 0x00000007c0000000)
  eden space 65536K, 18% used [0x000000076ab00000,0x000000076b7252d0,0x000000076eb00000)
  from space 10752K, 0% used [0x000000076f580000,0x000000076f580000,0x0000000770000000)
  to   space 10752K, 0% used [0x000000076eb00000,0x000000076eb00000,0x000000076f580000)
 ParOldGen       total 175104K, used 0K [0x00000006c0000000, 0x00000006cab00000, 0x000000076ab00000)
  object space 175104K, 0% used [0x00000006c0000000,0x00000006c0000000,0x00000006cab00000)
 Metaspace       used 6966K, capacity 7109K, committed 7168K, reserved 1056768K
  class space    used 700K, capacity 761K, committed 768K, reserved 1048576K

Card table byte_map: [0x0000000120d70000,0x0000000121571000] byte_map_base: 0x000000011d770000

Marking Bits: (ParMarkBitMap*) 0x00000001110f76e0
 Begin Bits: [0x0000000121ac7000, 0x0000000125ac7000)
 End Bits:   [0x0000000125ac7000, 0x0000000129ac7000)

Polling page: 0x000000010a7f3000

CodeCache: size=245760Kb used=2070Kb max_used=2070Kb free=243689Kb
 bounds [0x0000000111d70000, 0x0000000111fe0000, 0x0000000120d70000]
 total_blobs=866 nmethods=463 adapters=317
 compilation: enabled

Compilation events (10 events):
Event: 0.775 Thread 0x00007fc1b4020000  460       3       java.security.CodeSource::getCertificates (98 bytes)
Event: 0.776 Thread 0x00007fc1b4020000 nmethod 460 0x0000000111f72fd0 code [0x0000000111f73200, 0x0000000111f73df8]
Event: 0.776 Thread 0x00007fc1b4020000  461       3       java.util.WeakHashMap::hash (28 bytes)
Event: 0.776 Thread 0x00007fc1b4020000 nmethod 461 0x0000000111f70990 code [0x0000000111f70b00, 0x0000000111f70d48]
Event: 0.776 Thread 0x00007fc1b4020000  462       3       java.util.WeakHashMap::getTable (9 bytes)
Event: 0.776 Thread 0x00007fc1b4020000 nmethod 462 0x0000000111f705d0 code [0x0000000111f70740, 0x0000000111f708e8]
Event: 0.776 Thread 0x00007fc1b4020000  463   !   3       java.util.WeakHashMap::expungeStaleEntries (139 bytes)
Event: 0.776 Thread 0x00007fc1b4020000 nmethod 463 0x0000000111f74210 code [0x0000000111f743e0, 0x0000000111f74f08]
Event: 0.776 Thread 0x00007fc1b4020000  464       3       java.util.WeakHashMap::indexFor (6 bytes)
Event: 0.777 Thread 0x00007fc1b4020000 nmethod 464 0x0000000111f702d0 code [0x0000000111f70420, 0x0000000111f70550]

GC Heap History (0 events):
No events

Deoptimization events (1 events):
Event: 0.605 Thread 0x00007fc1b380e800 Uncommon trap: reason=unstable_if action=reinterpret pc=0x0000000111f03b40 method=java.lang.String.replace(CC)Ljava/lang/String; @ 26

Classes redefined (0 events):
No events

Internal exceptions (10 events):
Event: 0.031 Thread 0x00007fc1b380e800 Exception <a 'java/lang/NoSuchMethodError': Method sun.misc.Unsafe.defineClass(Ljava/lang/String;[BII)Ljava/lang/Class; name or signature does not match> (0x000000076ab07cb0) thrown at [/Users/java_re/workspace/8-2-build-macosx-x86_64/jdk8u171/10807/hotsp
Event: 0.031 Thread 0x00007fc1b380e800 Exception <a 'java/lang/NoSuchMethodError': Method sun.misc.Unsafe.prefetchRead(Ljava/lang/Object;J)V name or signature does not match> (0x000000076ab07f98) thrown at [/Users/java_re/workspace/8-2-build-macosx-x86_64/jdk8u171/10807/hotspot/src/share/vm/pr
Event: 0.113 Thread 0x00007fc1b380e800 Exception <a 'java/security/PrivilegedActionException'> (0x000000076ac30bd0) thrown at [/Users/java_re/workspace/8-2-build-macosx-x86_64/jdk8u171/10807/hotspot/src/share/vm/prims/jvm.cpp, line 1435]
Event: 0.113 Thread 0x00007fc1b380e800 Exception <a 'java/security/PrivilegedActionException'> (0x000000076ac30de0) thrown at [/Users/java_re/workspace/8-2-build-macosx-x86_64/jdk8u171/10807/hotspot/src/share/vm/prims/jvm.cpp, line 1435]
Event: 0.113 Thread 0x00007fc1b380e800 Exception <a 'java/security/PrivilegedActionException'> (0x000000076ac35620) thrown at [/Users/java_re/workspace/8-2-build-macosx-x86_64/jdk8u171/10807/hotspot/src/share/vm/prims/jvm.cpp, line 1435]
Event: 0.113 Thread 0x00007fc1b380e800 Exception <a 'java/security/PrivilegedActionException'> (0x000000076ac35830) thrown at [/Users/java_re/workspace/8-2-build-macosx-x86_64/jdk8u171/10807/hotspot/src/share/vm/prims/jvm.cpp, line 1435]
Event: 0.155 Thread 0x00007fc1b380e800 Exception <a 'java/lang/NoSuchFieldError': method resolution failed> (0x000000076ae4da28) thrown at [/Users/java_re/workspace/8-2-build-macosx-x86_64/jdk8u171/10807/hotspot/src/share/vm/prims/methodHandles.cpp, line 1167]
Event: 0.157 Thread 0x00007fc1b380e800 Exception <a 'java/lang/NoSuchFieldError': method resolution failed> (0x000000076ae5b178) thrown at [/Users/java_re/workspace/8-2-build-macosx-x86_64/jdk8u171/10807/hotspot/src/share/vm/prims/methodHandles.cpp, line 1167]
Event: 0.347 Thread 0x00007fc1b380e800 Exception <a 'java/io/FileNotFoundException'> (0x000000076aed5ef0) thrown at [/Users/java_re/workspace/8-2-build-macosx-x86_64/jdk8u171/10807/hotspot/src/share/vm/prims/jni.cpp, line 709]
Event: 0.347 Thread 0x00007fc1b380e800 Exception <a 'java/io/FileNotFoundException'> (0x000000076aed6a60) thrown at [/Users/java_re/workspace/8-2-build-macosx-x86_64/jdk8u171/10807/hotspot/src/share/vm/prims/jni.cpp, line 709]

Events (10 events):
Event: 0.776 loading class org/lwjgl/util/vector/Matrix
Event: 0.776 loading class org/lwjgl/util/vector/Matrix done
Event: 0.777 loading class toolbox/Maths
Event: 0.777 loading class toolbox/Maths done
Event: 0.778 loading class java/util/HashMap$KeySet
Event: 0.778 loading class java/util/HashMap$KeySet done
Event: 0.778 loading class java/util/HashMap$KeyIterator
Event: 0.778 loading class java/util/HashMap$KeyIterator done
Event: 0.778 loading class org/lwjgl/opengl/GL13
Event: 0.778 loading class org/lwjgl/opengl/GL13 done


Dynamic libraries:
0x0000000000435000 	/System/Library/Frameworks/Cocoa.framework/Versions/A/Cocoa
0x0000000000435000 	/System/Library/Frameworks/Security.framework/Versions/A/Security
0x0000000000435000 	/System/Library/Frameworks/ApplicationServices.framework/Versions/A/ApplicationServices
0x0000000000435000 	/usr/lib/libz.1.dylib
0x0000000000435000 	/usr/lib/libSystem.B.dylib
0x0000000000435000 	/usr/lib/libobjc.A.dylib
0x0000000000435000 	/System/Library/Frameworks/CoreFoundation.framework/Versions/A/CoreFoundation
0x0000000000435000 	/System/Library/Frameworks/Foundation.framework/Versions/C/Foundation
0x0000000000435000 	/System/Library/Frameworks/AppKit.framework/Versions/C/AppKit
0x0000000000435000 	/System/Library/Frameworks/CoreData.framework/Versions/A/CoreData
0x0000000000435000 	/System/Library/PrivateFrameworks/UIFoundation.framework/Versions/A/UIFoundation
0x0000000000435000 	/System/Library/PrivateFrameworks/RemoteViewServices.framework/Versions/A/RemoteViewServices
0x0000000000435000 	/System/Library/PrivateFrameworks/XCTTargetBootstrap.framework/Versions/A/XCTTargetBootstrap
0x0000000000435000 	/usr/lib/libspindump.dylib
0x0000000000435000 	/System/Library/Frameworks/UniformTypeIdentifiers.framework/Versions/A/UniformTypeIdentifiers
0x0000000000435000 	/usr/lib/libapp_launch_measurement.dylib
0x0000000000435000 	/System/Library/PrivateFrameworks/CoreAutoLayout.framework/Versions/A/CoreAutoLayout
0x0000000000435000 	/System/Library/Frameworks/Metal.framework/Versions/A/Metal
0x0000000000435000 	/usr/lib/liblangid.dylib
0x0000000000435000 	/System/Library/PrivateFrameworks/CoreSVG.framework/Versions/A/CoreSVG
0x0000000000435000 	/System/Library/PrivateFrameworks/SkyLight.framework/Versions/A/SkyLight
0x0000000000435000 	/System/Library/Frameworks/CoreGraphics.framework/Versions/A/CoreGraphics
0x0000000000435000 	/System/Library/Frameworks/Accelerate.framework/Versions/A/Accelerate
0x0000000000435000 	/System/Library/PrivateFrameworks/IconServices.framework/Versions/A/IconServices
0x0000000000435000 	/System/Library/Frameworks/IOSurface.framework/Versions/A/IOSurface
0x0000000000435000 	/usr/lib/libDiagnosticMessagesClient.dylib
0x0000000000435000 	/System/Library/PrivateFrameworks/DFRFoundation.framework/Versions/A/DFRFoundation
0x0000000000435000 	/usr/lib/libicucore.A.dylib
0x0000000000435000 	/System/Library/Frameworks/AudioToolbox.framework/Versions/A/AudioToolbox
0x0000000000435000 	/System/Library/PrivateFrameworks/DataDetectorsCore.framework/Versions/A/DataDetectorsCore
0x0000000000435000 	/usr/lib/libMobileGestalt.dylib
0x0000000000435000 	/System/Library/Frameworks/Carbon.framework/Versions/A/Frameworks/HIToolbox.framework/Versions/A/HIToolbox
0x0000000000435000 	/System/Library/Frameworks/QuartzCore.framework/Versions/A/QuartzCore
0x0000000000435000 	/System/Library/Frameworks/Carbon.framework/Versions/A/Frameworks/SpeechRecognition.framework/Versions/A/SpeechRecognition
0x0000000000435000 	/System/Library/PrivateFrameworks/CoreUI.framework/Versions/A/CoreUI
0x0000000000435000 	/System/Library/Frameworks/CoreAudio.framework/Versions/A/CoreAudio
0x0000000000435000 	/System/Library/Frameworks/DiskArbitration.framework/Versions/A/DiskArbitration
0x0000000000435000 	/System/Library/PrivateFrameworks/MultitouchSupport.framework/Versions/A/MultitouchSupport
0x0000000000435000 	/System/Library/PrivateFrameworks/InternationalSupport.framework/Versions/A/InternationalSupport
0x0000000000435000 	/usr/lib/libenergytrace.dylib
0x0000000000435000 	/System/Library/Frameworks/IOKit.framework/Versions/A/IOKit
0x0000000000435000 	/System/Library/Frameworks/CoreServices.framework/Versions/A/CoreServices
0x0000000000435000 	/System/Library/PrivateFrameworks/PerformanceAnalysis.framework/Versions/A/PerformanceAnalysis
0x0000000000435000 	/System/Library/Frameworks/OpenGL.framework/Versions/A/OpenGL
0x0000000000435000 	/System/Library/PrivateFrameworks/UserActivity.framework/Versions/A/UserActivity
0x0000000000435000 	/System/Library/Frameworks/ColorSync.framework/Versions/A/ColorSync
0x0000000000435000 	/System/Library/Frameworks/CoreImage.framework/Versions/A/CoreImage
0x0000000000435000 	/System/Library/Frameworks/CoreText.framework/Versions/A/CoreText
0x0000000000435000 	/System/Library/Frameworks/ImageIO.framework/Versions/A/ImageIO
0x0000000000435000 	/System/Library/PrivateFrameworks/SoftLinking.framework/Versions/A/SoftLinking
0x0000000000435000 	/usr/lib/libxml2.2.dylib
0x0000000000435000 	/usr/lib/libc++.1.dylib
0x0000000000435000 	/usr/lib/libcompression.dylib
0x0000000000435000 	/System/Library/PrivateFrameworks/TextureIO.framework/Versions/A/TextureIO
0x0000000000435000 	/usr/lib/libate.dylib
0x0000000000435000 	/usr/lib/system/libcache.dylib
0x0000000000435000 	/usr/lib/system/libcommonCrypto.dylib
0x0000000000435000 	/usr/lib/system/libcompiler_rt.dylib
0x0000000000435000 	/usr/lib/system/libcopyfile.dylib
0x0000000000435000 	/usr/lib/system/libcorecrypto.dylib
0x0000000000435000 	/usr/lib/system/libdispatch.dylib
0x0000000000435000 	/usr/lib/system/libdyld.dylib
0x0000000000435000 	/usr/lib/system/libkeymgr.dylib
0x0000000000435000 	/usr/lib/system/liblaunch.dylib
0x0000000000435000 	/usr/lib/system/libmacho.dylib
0x0000000000435000 	/usr/lib/system/libquarantine.dylib
0x0000000000435000 	/usr/lib/system/libremovefile.dylib
0x0000000000435000 	/usr/lib/system/libsystem_asl.dylib
0x0000000000435000 	/usr/lib/system/libsystem_blocks.dylib
0x0000000000435000 	/usr/lib/system/libsystem_c.dylib
0x0000000000435000 	/usr/lib/system/libsystem_collections.dylib
0x0000000000435000 	/usr/lib/system/libsystem_configuration.dylib
0x0000000000435000 	/usr/lib/system/libsystem_containermanager.dylib
0x0000000000435000 	/usr/lib/system/libsystem_coreservices.dylib
0x0000000000435000 	/usr/lib/system/libsystem_darwin.dylib
0x0000000000435000 	/usr/lib/system/libsystem_dnssd.dylib
0x0000000000435000 	/usr/lib/system/libsystem_featureflags.dylib
0x0000000000435000 	/usr/lib/system/libsystem_info.dylib
0x0000000000435000 	/usr/lib/system/libsystem_m.dylib
0x0000000000435000 	/usr/lib/system/libsystem_malloc.dylib
0x0000000000435000 	/usr/lib/system/libsystem_networkextension.dylib
0x0000000000435000 	/usr/lib/system/libsystem_notify.dylib
0x0000000000435000 	/usr/lib/system/libsystem_product_info_filter.dylib
0x0000000000435000 	/usr/lib/system/libsystem_sandbox.dylib
0x0000000000435000 	/usr/lib/system/libsystem_secinit.dylib
0x0000000000435000 	/usr/lib/system/libsystem_kernel.dylib
0x0000000000435000 	/usr/lib/system/libsystem_platform.dylib
0x0000000000435000 	/usr/lib/system/libsystem_pthread.dylib
0x0000000000435000 	/usr/lib/system/libsystem_symptoms.dylib
0x0000000000435000 	/usr/lib/system/libsystem_trace.dylib
0x0000000000435000 	/usr/lib/system/libunwind.dylib
0x0000000000435000 	/usr/lib/system/libxpc.dylib
0x0000000000435000 	/usr/lib/libc++abi.dylib
0x0000000000435000 	/usr/lib/liboah.dylib
0x0000000000435000 	/usr/lib/liblzma.5.dylib
0x0000000000435000 	/System/Library/Frameworks/SystemConfiguration.framework/Versions/A/SystemConfiguration
0x0000000000435000 	/usr/lib/libfakelink.dylib
0x0000000000435000 	/System/Library/Frameworks/CFNetwork.framework/Versions/A/CFNetwork
0x0000000000435000 	/usr/lib/libarchive.2.dylib
0x0000000000435000 	/usr/lib/libCRFSuite.dylib
0x0000000000435000 	/usr/lib/libbsm.0.dylib
0x0000000000435000 	/usr/lib/libnetwork.dylib
0x0000000000435000 	/usr/lib/libpcap.A.dylib
0x0000000000435000 	/usr/lib/libdns_services.dylib
0x0000000000435000 	/usr/lib/libcoretls_cfhelpers.dylib
0x0000000000435000 	/usr/lib/libapple_nghttp2.dylib
0x0000000000435000 	/usr/lib/system/libkxld.dylib
0x0000000000435000 	/usr/lib/libsqlite3.dylib
0x0000000000435000 	/System/Library/PrivateFrameworks/AppleFSCompression.framework/Versions/A/AppleFSCompression
0x0000000000435000 	/usr/lib/libcoretls.dylib
0x0000000000435000 	/usr/lib/libpam.2.dylib
0x0000000000435000 	/usr/lib/libxar.1.dylib
0x0000000000435000 	/System/Library/PrivateFrameworks/AppleSystemInfo.framework/Versions/A/AppleSystemInfo
0x0000000000435000 	/System/Library/PrivateFrameworks/IOMobileFramebuffer.framework/Versions/A/IOMobileFramebuffer
0x0000000000435000 	/usr/lib/libbz2.1.0.dylib
0x0000000000435000 	/usr/lib/libiconv.2.dylib
0x0000000000435000 	/usr/lib/libcharset.1.dylib
0x0000000000435000 	/System/Library/Frameworks/CoreServices.framework/Versions/A/Frameworks/FSEvents.framework/Versions/A/FSEvents
0x0000000000435000 	/System/Library/Frameworks/CoreServices.framework/Versions/A/Frameworks/CarbonCore.framework/Versions/A/CarbonCore
0x0000000000435000 	/System/Library/Frameworks/CoreServices.framework/Versions/A/Frameworks/Metadata.framework/Versions/A/Metadata
0x0000000000435000 	/System/Library/Frameworks/CoreServices.framework/Versions/A/Frameworks/OSServices.framework/Versions/A/OSServices
0x0000000000435000 	/System/Library/Frameworks/CoreServices.framework/Versions/A/Frameworks/SearchKit.framework/Versions/A/SearchKit
0x0000000000435000 	/System/Library/Frameworks/CoreServices.framework/Versions/A/Frameworks/AE.framework/Versions/A/AE
0x0000000000435000 	/System/Library/Frameworks/CoreServices.framework/Versions/A/Frameworks/LaunchServices.framework/Versions/A/LaunchServices
0x0000000000435000 	/System/Library/Frameworks/CoreServices.framework/Versions/A/Frameworks/DictionaryServices.framework/Versions/A/DictionaryServices
0x0000000000435000 	/System/Library/Frameworks/CoreServices.framework/Versions/A/Frameworks/SharedFileList.framework/Versions/A/SharedFileList
0x0000000000435000 	/usr/lib/libCheckFix.dylib
0x0000000000435000 	/System/Library/PrivateFrameworks/TCC.framework/Versions/A/TCC
0x0000000000435000 	/System/Library/PrivateFrameworks/CoreNLP.framework/Versions/A/CoreNLP
0x0000000000435000 	/System/Library/PrivateFrameworks/MetadataUtilities.framework/Versions/A/MetadataUtilities
0x0000000000435000 	/usr/lib/libmecabra.dylib
0x0000000000435000 	/System/Library/Frameworks/MLCompute.framework/Versions/A/MLCompute
0x0000000000435000 	/usr/lib/libmecab.dylib
0x0000000000435000 	/usr/lib/libgermantok.dylib
0x0000000000435000 	/usr/lib/libThaiTokenizer.dylib
0x0000000000435000 	/usr/lib/libChineseTokenizer.dylib
0x0000000000435000 	/System/Library/Frameworks/MetalPerformanceShaders.framework/Versions/A/MetalPerformanceShaders
0x0000000000435000 	/System/Library/Frameworks/Accelerate.framework/Versions/A/Frameworks/vImage.framework/Versions/A/vImage
0x0000000000435000 	/System/Library/Frameworks/Accelerate.framework/Versions/A/Frameworks/vecLib.framework/Versions/A/vecLib
0x0000000000435000 	/System/Library/Frameworks/Accelerate.framework/Versions/A/Frameworks/vecLib.framework/Versions/A/libvMisc.dylib
0x0000000000435000 	/System/Library/Frameworks/Accelerate.framework/Versions/A/Frameworks/vecLib.framework/Versions/A/libvDSP.dylib
0x0000000000435000 	/System/Library/Frameworks/Accelerate.framework/Versions/A/Frameworks/vecLib.framework/Versions/A/libBLAS.dylib
0x0000000000435000 	/System/Library/Frameworks/Accelerate.framework/Versions/A/Frameworks/vecLib.framework/Versions/A/libLAPACK.dylib
0x0000000000435000 	/System/Library/Frameworks/Accelerate.framework/Versions/A/Frameworks/vecLib.framework/Versions/A/libLinearAlgebra.dylib
0x0000000000435000 	/System/Library/Frameworks/Accelerate.framework/Versions/A/Frameworks/vecLib.framework/Versions/A/libSparseBLAS.dylib
0x0000000000435000 	/System/Library/Frameworks/Accelerate.framework/Versions/A/Frameworks/vecLib.framework/Versions/A/libQuadrature.dylib
0x0000000000435000 	/System/Library/Frameworks/Accelerate.framework/Versions/A/Frameworks/vecLib.framework/Versions/A/libBNNS.dylib
0x0000000000435000 	/System/Library/Frameworks/Accelerate.framework/Versions/A/Frameworks/vecLib.framework/Versions/A/libSparse.dylib
0x0000000000435000 	/System/Library/Frameworks/MetalPerformanceShaders.framework/Versions/A/Frameworks/MPSCore.framework/Versions/A/MPSCore
0x0000000000435000 	/System/Library/Frameworks/MetalPerformanceShaders.framework/Versions/A/Frameworks/MPSImage.framework/Versions/A/MPSImage
0x0000000000435000 	/System/Library/Frameworks/MetalPerformanceShaders.framework/Versions/A/Frameworks/MPSNeuralNetwork.framework/Versions/A/MPSNeuralNetwork
0x0000000000435000 	/System/Library/Frameworks/MetalPerformanceShaders.framework/Versions/A/Frameworks/MPSMatrix.framework/Versions/A/MPSMatrix
0x0000000000435000 	/System/Library/Frameworks/MetalPerformanceShaders.framework/Versions/A/Frameworks/MPSRayIntersector.framework/Versions/A/MPSRayIntersector
0x0000000000435000 	/System/Library/Frameworks/MetalPerformanceShaders.framework/Versions/A/Frameworks/MPSNDArray.framework/Versions/A/MPSNDArray
0x0000000000435000 	/System/Library/PrivateFrameworks/MetalTools.framework/Versions/A/MetalTools
0x0000000000435000 	/System/Library/PrivateFrameworks/AggregateDictionary.framework/Versions/A/AggregateDictionary
0x0000000000435000 	/System/Library/PrivateFrameworks/CoreAnalytics.framework/Versions/A/CoreAnalytics
0x0000000000435000 	/System/Library/PrivateFrameworks/AppleSauce.framework/Versions/A/AppleSauce
0x0000000000435000 	/System/Library/PrivateFrameworks/IOAccelerator.framework/Versions/A/IOAccelerator
0x0000000000435000 	/System/Library/Frameworks/OpenGL.framework/Versions/A/Libraries/libCoreFSCache.dylib
0x0000000000435000 	/System/Library/PrivateFrameworks/LanguageModeling.framework/Versions/A/LanguageModeling
0x0000000000435000 	/System/Library/PrivateFrameworks/CoreEmoji.framework/Versions/A/CoreEmoji
0x0000000000435000 	/System/Library/PrivateFrameworks/LinguisticData.framework/Versions/A/LinguisticData
0x0000000000435000 	/System/Library/PrivateFrameworks/Lexicon.framework/Versions/A/Lexicon
0x0000000000435000 	/usr/lib/libcmph.dylib
0x0000000000435000 	/System/Library/Frameworks/OpenDirectory.framework/Versions/A/Frameworks/CFOpenDirectory.framework/Versions/A/CFOpenDirectory
0x0000000000435000 	/System/Library/Frameworks/OpenDirectory.framework/Versions/A/OpenDirectory
0x0000000000435000 	/System/Library/PrivateFrameworks/APFS.framework/Versions/A/APFS
0x0000000000435000 	/System/Library/Frameworks/SecurityFoundation.framework/Versions/A/SecurityFoundation
0x0000000000435000 	/usr/lib/libutil.dylib
0x0000000000435000 	/System/Library/PrivateFrameworks/CoreServicesStore.framework/Versions/A/CoreServicesStore
0x0000000000435000 	/System/Library/Frameworks/ServiceManagement.framework/Versions/A/ServiceManagement
0x0000000000435000 	/usr/lib/libxslt.1.dylib
0x0000000000435000 	/System/Library/PrivateFrameworks/BackgroundTaskManagement.framework/Versions/A/BackgroundTaskManagement
0x0000000000435000 	/System/Library/Frameworks/ImageIO.framework/Versions/A/Resources/libRadiance.dylib
0x0000000000435000 	/System/Library/Frameworks/ImageIO.framework/Versions/A/Resources/libJPEG.dylib
0x0000000000435000 	/System/Library/Frameworks/ImageIO.framework/Versions/A/Resources/libPng.dylib
0x0000000000435000 	/System/Library/Frameworks/ImageIO.framework/Versions/A/Resources/libTIFF.dylib
0x0000000000435000 	/System/Library/Frameworks/ImageIO.framework/Versions/A/Resources/libGIF.dylib
0x0000000000435000 	/System/Library/Frameworks/ImageIO.framework/Versions/A/Resources/libJP2.dylib
0x0000000000435000 	/usr/lib/libexpat.1.dylib
0x0000000000435000 	/System/Library/PrivateFrameworks/AppleJPEG.framework/Versions/A/AppleJPEG
0x0000000000435000 	/System/Library/PrivateFrameworks/FontServices.framework/libFontParser.dylib
0x0000000000435000 	/System/Library/PrivateFrameworks/RunningBoardServices.framework/Versions/A/RunningBoardServices
0x0000000000435000 	/System/Library/PrivateFrameworks/WatchdogClient.framework/Versions/A/WatchdogClient
0x0000000000435000 	/System/Library/Frameworks/CoreDisplay.framework/Versions/A/CoreDisplay
0x0000000000435000 	/System/Library/Frameworks/CoreMedia.framework/Versions/A/CoreMedia
0x0000000000435000 	/System/Library/Frameworks/CoreVideo.framework/Versions/A/CoreVideo
0x0000000000435000 	/System/Library/Frameworks/VideoToolbox.framework/Versions/A/VideoToolbox
0x0000000000435000 	/System/Library/PrivateFrameworks/BaseBoard.framework/Versions/A/BaseBoard
0x0000000000435000 	/System/Library/PrivateFrameworks/PersistentConnection.framework/Versions/A/PersistentConnection
0x0000000000435000 	/System/Library/PrivateFrameworks/ProtocolBuffer.framework/Versions/A/ProtocolBuffer
0x0000000000435000 	/System/Library/PrivateFrameworks/CommonUtilities.framework/Versions/A/CommonUtilities
0x0000000000435000 	/System/Library/PrivateFrameworks/Bom.framework/Versions/A/Bom
0x0000000000435000 	/System/Library/PrivateFrameworks/GPUWrangler.framework/Versions/A/GPUWrangler
0x0000000000435000 	/System/Library/PrivateFrameworks/IOPresentment.framework/Versions/A/IOPresentment
0x0000000000435000 	/System/Library/PrivateFrameworks/DSExternalDisplay.framework/Versions/A/DSExternalDisplay
0x0000000000435000 	/System/Library/PrivateFrameworks/CMCaptureCore.framework/Versions/A/CMCaptureCore
0x0000000000435000 	/System/Library/PrivateFrameworks/AppServerSupport.framework/Versions/A/AppServerSupport
0x0000000000435000 	/System/Library/PrivateFrameworks/perfdata.framework/Versions/A/perfdata
0x0000000000435000 	/System/Library/PrivateFrameworks/AssertionServices.framework/Versions/A/AssertionServices
0x0000000000435000 	/System/Library/PrivateFrameworks/AudioToolboxCore.framework/Versions/A/AudioToolboxCore
0x0000000000435000 	/System/Library/PrivateFrameworks/caulk.framework/Versions/A/caulk
0x0000000000435000 	/System/Library/PrivateFrameworks/SystemPolicy.framework/Versions/A/SystemPolicy
0x0000000000435000 	/usr/lib/libIOReport.dylib
0x0000000000435000 	/usr/lib/libSMC.dylib
0x0000000000435000 	/usr/lib/libAudioToolboxUtility.dylib
0x0000000000435000 	/usr/lib/libmis.dylib
0x0000000000435000 	/System/Library/Frameworks/OpenGL.framework/Versions/A/Libraries/libGLU.dylib
0x0000000000435000 	/System/Library/Frameworks/OpenGL.framework/Versions/A/Libraries/libGFXShared.dylib
0x0000000000435000 	/System/Library/Frameworks/OpenGL.framework/Versions/A/Libraries/libGL.dylib
0x0000000000435000 	/System/Library/Frameworks/OpenGL.framework/Versions/A/Libraries/libGLImage.dylib
0x0000000000435000 	/System/Library/Frameworks/OpenGL.framework/Versions/A/Libraries/libCVMSPluginSupport.dylib
0x0000000000435000 	/System/Library/Frameworks/OpenGL.framework/Versions/A/Libraries/libCoreVMClient.dylib
0x0000000000435000 	/System/Library/Frameworks/OpenCL.framework/Versions/A/OpenCL
0x0000000000435000 	/System/Library/PrivateFrameworks/GraphVisualizer.framework/Versions/A/GraphVisualizer
0x0000000000435000 	/System/Library/PrivateFrameworks/FaceCore.framework/Versions/A/FaceCore
0x0000000000435000 	/System/Library/PrivateFrameworks/OTSVG.framework/Versions/A/OTSVG
0x0000000000435000 	/System/Library/Frameworks/ApplicationServices.framework/Versions/A/Frameworks/ATS.framework/Versions/A/Resources/libFontRegistry.dylib
0x0000000000435000 	/System/Library/PrivateFrameworks/FontServices.framework/libhvf.dylib
0x0000000000435000 	/System/Library/PrivateFrameworks/AppleVA.framework/Versions/A/AppleVA
0x0000000000435000 	/System/Library/Frameworks/ApplicationServices.framework/Versions/A/Frameworks/ATS.framework/Versions/A/ATS
0x0000000000435000 	/System/Library/Frameworks/ApplicationServices.framework/Versions/A/Frameworks/ColorSyncLegacy.framework/Versions/A/ColorSyncLegacy
0x0000000000435000 	/System/Library/Frameworks/ApplicationServices.framework/Versions/A/Frameworks/HIServices.framework/Versions/A/HIServices
0x0000000000435000 	/System/Library/Frameworks/ApplicationServices.framework/Versions/A/Frameworks/LangAnalysis.framework/Versions/A/LangAnalysis
0x0000000000435000 	/System/Library/Frameworks/ApplicationServices.framework/Versions/A/Frameworks/PrintCore.framework/Versions/A/PrintCore
0x0000000000435000 	/System/Library/Frameworks/ApplicationServices.framework/Versions/A/Frameworks/QD.framework/Versions/A/QD
0x0000000000435000 	/System/Library/Frameworks/ApplicationServices.framework/Versions/A/Frameworks/SpeechSynthesis.framework/Versions/A/SpeechSynthesis
0x0000000000435000 	/System/Library/Frameworks/ApplicationServices.framework/Versions/A/Frameworks/ATSUI.framework/Versions/A/ATSUI
0x0000000000435000 	/usr/lib/libcups.2.dylib
0x0000000000435000 	/System/Library/PrivateFrameworks/NetAuth.framework/Versions/A/NetAuth
0x0000000000435000 	/System/Library/Frameworks/Kerberos.framework/Versions/A/Kerberos
0x0000000000435000 	/System/Library/Frameworks/GSS.framework/Versions/A/GSS
0x0000000000435000 	/usr/lib/libresolv.9.dylib
0x0000000000435000 	/System/Library/PrivateFrameworks/Heimdal.framework/Versions/A/Heimdal
0x0000000000435000 	/System/Library/Frameworks/Kerberos.framework/Versions/A/Libraries/libHeimdalProxy.dylib
0x0000000000435000 	/System/Library/Frameworks/Network.framework/Versions/A/Network
0x0000000000435000 	/usr/lib/libheimdal-asn1.dylib
0x0000000000435000 	/System/Library/PrivateFrameworks/CommonAuth.framework/Versions/A/CommonAuth
0x0000000000435000 	/System/Library/PrivateFrameworks/login.framework/Versions/A/Frameworks/loginsupport.framework/Versions/A/loginsupport
0x0000000000435000 	/System/Library/PrivateFrameworks/AudioSession.framework/Versions/A/AudioSession
0x0000000000435000 	/usr/lib/libAudioStatistics.dylib
0x0000000000435000 	/System/Library/PrivateFrameworks/MediaExperience.framework/Versions/A/MediaExperience
0x0000000000435000 	/System/Library/PrivateFrameworks/AudioSession.framework/libSessionUtility.dylib
0x0000000000435000 	/usr/lib/libperfcheck.dylib
0x0000000000435000 	/System/Library/PrivateFrameworks/AudioResourceArbitration.framework/Versions/A/AudioResourceArbitration
0x0000000000435000 	/System/Library/PrivateFrameworks/IconFoundation.framework/Versions/A/IconFoundation
0x0000000000435000 	/System/Library/PrivateFrameworks/SpeechRecognitionCore.framework/Versions/A/SpeechRecognitionCore
0x0000000110800000 	/Library/Internet Plug-Ins/JavaAppletPlugin.plugin/Contents/Home/lib/server/libjvm.dylib
0x0000000000435000 	/usr/lib/libstdc++.6.dylib
0x000000010a7af000 	/Library/Internet Plug-Ins/JavaAppletPlugin.plugin/Contents/Home/lib/libverify.dylib
0x000000010a7bd000 	/Library/Internet Plug-Ins/JavaAppletPlugin.plugin/Contents/Home/lib/libjava.dylib
0x00000001117ee000 	/Library/Internet Plug-Ins/JavaAppletPlugin.plugin/Contents/Home/lib/libzip.dylib
0x000000012ca53000 	/Library/Internet Plug-Ins/JavaAppletPlugin.plugin/Contents/Home/lib/libawt.dylib
0x000000012cafd000 	/Library/Internet Plug-Ins/JavaAppletPlugin.plugin/Contents/Home/lib/libmlib_image.dylib
0x0000000000435000 	/System/Library/Frameworks/JavaNativeFoundation.framework/Versions/A/JavaNativeFoundation
0x0000000000435000 	/System/Library/Frameworks/JavaRuntimeSupport.framework/Versions/A/JavaRuntimeSupport
0x0000000000435000 	/System/Library/Frameworks/Carbon.framework/Versions/A/Carbon
0x0000000000435000 	/System/Library/PrivateFrameworks/CoreSymbolication.framework/Versions/A/CoreSymbolication
0x0000000000435000 	/System/Library/Frameworks/Carbon.framework/Versions/A/Frameworks/CommonPanels.framework/Versions/A/CommonPanels
0x0000000000435000 	/System/Library/Frameworks/Carbon.framework/Versions/A/Frameworks/Help.framework/Versions/A/Help
0x0000000000435000 	/System/Library/Frameworks/Carbon.framework/Versions/A/Frameworks/ImageCapture.framework/Versions/A/ImageCapture
0x0000000000435000 	/System/Library/Frameworks/Carbon.framework/Versions/A/Frameworks/OpenScripting.framework/Versions/A/OpenScripting
0x0000000000435000 	/System/Library/Frameworks/Carbon.framework/Versions/A/Frameworks/Ink.framework/Versions/A/Ink
0x0000000000435000 	/System/Library/Frameworks/Carbon.framework/Versions/A/Frameworks/Print.framework/Versions/A/Print
0x0000000000435000 	/System/Library/Frameworks/Carbon.framework/Versions/A/Frameworks/SecurityHI.framework/Versions/A/SecurityHI
0x0000000000435000 	/System/Library/PrivateFrameworks/DebugSymbols.framework/Versions/A/DebugSymbols
0x000000012cbc9000 	/Library/Internet Plug-Ins/JavaAppletPlugin.plugin/Contents/Home/lib/libawt_lwawt.dylib
0x0000000111c2b000 	/Library/Internet Plug-Ins/JavaAppletPlugin.plugin/Contents/Home/lib/libosxapp.dylib
0x0000000000435000 	/System/Library/Frameworks/ExceptionHandling.framework/Versions/A/ExceptionHandling
0x0000000000435000 	/System/Library/PrivateFrameworks/CoreServicesInternal.framework/Versions/A/CoreServicesInternal
0x0000000000435000 	/System/Library/Frameworks/FileProvider.framework/Versions/A/FileProvider
0x0000000000435000 	/System/Library/Frameworks/Accounts.framework/Versions/A/Accounts
0x0000000000435000 	/System/Library/PrivateFrameworks/GenerationalStorage.framework/Versions/A/GenerationalStorage
0x0000000000435000 	/System/Library/PrivateFrameworks/SymptomDiagnosticReporter.framework/Versions/A/SymptomDiagnosticReporter
0x0000000000435000 	/System/Library/PrivateFrameworks/DesktopServicesPriv.framework/Versions/A/DesktopServicesPriv
0x0000000000435000 	/usr/lib/libsandbox.1.dylib
0x0000000000435000 	/System/Library/PrivateFrameworks/UserManagement.framework/Versions/A/UserManagement
0x0000000000435000 	/System/Library/PrivateFrameworks/MobileKeyBag.framework/Versions/A/MobileKeyBag
0x0000000000435000 	/System/Library/PrivateFrameworks/ChunkingLibrary.framework/Versions/A/ChunkingLibrary
0x0000000000435000 	/System/Library/PrivateFrameworks/Sharing.framework/Versions/A/Sharing
0x0000000000435000 	/System/Library/PrivateFrameworks/Apple80211.framework/Versions/A/Apple80211
0x0000000000435000 	/System/Library/PrivateFrameworks/AuthKit.framework/Versions/A/AuthKit
0x0000000000435000 	/System/Library/PrivateFrameworks/CoreUtils.framework/Versions/A/CoreUtils
0x0000000000435000 	/System/Library/Frameworks/CoreWLAN.framework/Versions/A/CoreWLAN
0x0000000000435000 	/System/Library/Frameworks/IOBluetooth.framework/Versions/A/IOBluetooth
0x0000000000435000 	/System/Library/PrivateFrameworks/CoreWiFi.framework/Versions/A/CoreWiFi
0x0000000000435000 	/System/Library/PrivateFrameworks/CorePhoneNumbers.framework/Versions/A/CorePhoneNumbers
0x0000000000435000 	/System/Library/PrivateFrameworks/DiskManagement.framework/Versions/A/DiskManagement
0x0000000000435000 	/System/Library/PrivateFrameworks/AppleIDAuthSupport.framework/Versions/A/AppleIDAuthSupport
0x0000000000435000 	/System/Library/PrivateFrameworks/KeychainCircle.framework/Versions/A/KeychainCircle
0x0000000000435000 	/System/Library/PrivateFrameworks/MediaKit.framework/Versions/A/MediaKit
0x0000000000435000 	/System/Library/Frameworks/DiscRecording.framework/Versions/A/DiscRecording
0x0000000000435000 	/usr/lib/libCoreStorage.dylib
0x0000000000435000 	/usr/lib/libcsfde.dylib
0x0000000000435000 	/System/Library/PrivateFrameworks/ProtectedCloudStorage.framework/Versions/A/ProtectedCloudStorage
0x0000000000435000 	/System/Library/PrivateFrameworks/EFILogin.framework/Versions/A/EFILogin
0x0000000000435000 	/System/Library/Frameworks/AudioUnit.framework/Versions/A/AudioUnit
0x0000000000435000 	/System/Library/Frameworks/CoreBluetooth.framework/Versions/A/CoreBluetooth
0x0000000000435000 	/usr/lib/libMatch.1.dylib
0x0000000000435000 	/System/Library/CoreServices/RawCamera.bundle/Contents/MacOS/RawCamera
0x0000000000435000 	/System/Library/PrivateFrameworks/MobileAsset.framework/Versions/A/MobileAsset
0x0000000000435000 	/System/Library/PrivateFrameworks/StreamingZip.framework/Versions/A/StreamingZip
0x0000000000435000 	/System/Library/Frameworks/MediaToolbox.framework/Versions/A/MediaToolbox
0x0000000000435000 	/System/Library/PrivateFrameworks/CoreAVCHD.framework/Versions/A/CoreAVCHD
0x0000000000435000 	/System/Library/Frameworks/MediaAccessibility.framework/Versions/A/MediaAccessibility
0x0000000000435000 	/System/Library/PrivateFrameworks/Mangrove.framework/Versions/A/Mangrove
0x0000000000435000 	/System/Library/PrivateFrameworks/AlgosScoreFramework.framework/Versions/A/AlgosScoreFramework
0x0000000000435000 	/System/Library/PrivateFrameworks/AppleVPA.framework/Versions/A/AppleVPA
0x0000000000435000 	/System/Library/PrivateFrameworks/CoreAUC.framework/Versions/A/CoreAUC
0x0000000000435000 	/System/Library/Frameworks/Accelerate.framework/Versions/A/Frameworks/vImage.framework/Versions/A/Libraries/libCGInterfaces.dylib
0x000000012ede8000 	/usr/lib/libobjc-trampolines.dylib
0x0000000000435000 	/System/Library/PrivateFrameworks/FamilyControls.framework/Versions/A/FamilyControls
0x0000000000435000 	/System/Library/PrivateFrameworks/CommerceKit.framework/Versions/A/Frameworks/CommerceCore.framework/Versions/A/CommerceCore
0x0000000000435000 	/System/Library/PrivateFrameworks/SystemAdministration.framework/Versions/A/SystemAdministration
0x0000000000435000 	/System/Library/PrivateFrameworks/AppContainer.framework/Versions/A/AppContainer
0x0000000000435000 	/System/Library/PrivateFrameworks/SecCodeWrapper.framework/Versions/A/SecCodeWrapper
0x0000000000435000 	/System/Library/PrivateFrameworks/CrashReporterSupport.framework/Versions/A/CrashReporterSupport
0x0000000000435000 	/System/Library/PrivateFrameworks/OSAnalytics.framework/Versions/A/OSAnalytics
0x0000000000435000 	/usr/lib/libRosetta.dylib
0x0000000000435000 	/System/Library/PrivateFrameworks/RemoteServiceDiscovery.framework/Versions/A/RemoteServiceDiscovery
0x0000000000435000 	/System/Library/PrivateFrameworks/Symbolication.framework/Versions/A/Symbolication
0x0000000000435000 	/System/Library/PrivateFrameworks/MallocStackLogging.framework/Versions/A/MallocStackLogging
0x0000000000435000 	/System/Library/PrivateFrameworks/login.framework/Versions/A/login
0x0000000000435000 	/System/Library/Frameworks/DirectoryService.framework/Versions/A/DirectoryService
0x0000000000435000 	/System/Library/PrivateFrameworks/DiskImages.framework/Versions/A/DiskImages
0x0000000000435000 	/System/Library/PrivateFrameworks/LoginUIKit.framework/Versions/A/Frameworks/LoginUICore.framework/Versions/A/LoginUICore
0x0000000000435000 	/usr/lib/libodfde.dylib
0x0000000000435000 	/usr/lib/libcurl.4.dylib
0x0000000000435000 	/usr/lib/libcrypto.44.dylib
0x0000000000435000 	/usr/lib/libssl.46.dylib
0x0000000000435000 	/System/Library/Frameworks/LDAP.framework/Versions/A/LDAP
0x0000000000435000 	/System/Library/PrivateFrameworks/TrustEvaluationAgent.framework/Versions/A/TrustEvaluationAgent
0x0000000000435000 	/usr/lib/libsasl2.2.dylib
0x0000000000435000 	/System/Library/PrivateFrameworks/CoreDaemon.framework/Versions/B/CoreDaemon
0x0000000000435000 	/System/Library/PrivateFrameworks/AppleSRP.framework/Versions/A/AppleSRP
0x0000000000435000 	/System/Library/PrivateFrameworks/ViewBridge.framework/Versions/A/ViewBridge
0x00000001314c2000 	/Library/Internet Plug-Ins/JavaAppletPlugin.plugin/Contents/Home/lib/libfontmanager.dylib
0x0000000131529000 	/Users/agazioriitano/Documents/GitHub/AppStrangerT/AppStrangerThings/Gioco1/lib/natives/liblwjgl.dylib
0x000000012fbf0000 	/Library/Internet Plug-Ins/JavaAppletPlugin.plugin/Contents/Home/lib/libjawt.dylib
0x0000000000435000 	/System/Library/Frameworks/OpenGL.framework/Versions/A/Resources/GLEngine.bundle/GLEngine
0x0000000000435000 	/System/Library/Frameworks/OpenGL.framework/Versions/A/Libraries/libGLProgrammability.dylib
0x0000000000435000 	/System/Library/Extensions/AppleIntelKBLGraphicsGLDriver.bundle/Contents/MacOS/AppleIntelKBLGraphicsGLDriver
0x0000000000435000 	/System/Library/PrivateFrameworks/GPUSupport.framework/Versions/A/Libraries/libGPUSupportMercury.dylib
0x00000001315ab000 	/System/Library/Extensions/AMDRadeonX6000GLDriver.bundle/Contents/MacOS/AMDRadeonX6000GLDriver
0x0000000000435000 	/System/Library/Extensions/AMDRadeonX6000GLDriver.bundle/Contents/MacOS/ATIRadeonX6000SCLib.dylib
0x0000000000435000 	/System/Library/Extensions/AMDShared.bundle/Contents/PlugIns/libSC.dylib
0x0000000000435000 	/System/Library/Frameworks/OpenGL.framework/Versions/A/Resources/GLRendererFloat.bundle/GLRendererFloat

VM Arguments:
jvm_args: -Djava.library.path=/Users/agazioriitano/Documents/GitHub/AppStrangerT/AppStrangerThings/Gioco1/lib/natives -Dfile.encoding=UTF-8 
java_command: engineTester.MainGameLoop
java_class_path (initial): /Users/agazioriitano/Documents/GitHub/AppStrangerT/AppStrangerThings/Gioco1/bin:/Users/agazioriitano/Documents/GitHub/AppStrangerT/AppStrangerThings/Gioco1/lib/jars/lwjgl_util.jar:/Users/agazioriitano/Documents/GitHub/AppStrangerT/AppStrangerThings/Gioco1/lib/jars/lwjgl.jar:/Users/agazioriitano/Documents/GitHub/AppStrangerT/AppStrangerThings/Gioco1/lib/jars/slick-util.jar
Launcher Type: SUN_STANDARD

Environment Variables:
PATH=/usr/bin:/bin:/usr/sbin:/sbin
SHELL=/bin/zsh

Signal Handlers:
SIGSEGV: [libjvm.dylib+0x5b512d], sa_mask[0]=11111111011111110111111111111111, sa_flags=SA_ONSTACK|SA_RESTART|SA_SIGINFO
SIGBUS: [libjvm.dylib+0x5b512d], sa_mask[0]=11111111011111110111111111111111, sa_flags=SA_RESTART|SA_SIGINFO
SIGFPE: [libjvm.dylib+0x48aa90], sa_mask[0]=11111111011111110111111111111111, sa_flags=SA_RESTART|SA_SIGINFO
SIGPIPE: [libjvm.dylib+0x48aa90], sa_mask[0]=11111111011111110111111111111111, sa_flags=SA_RESTART|SA_SIGINFO
SIGXFSZ: [libjvm.dylib+0x48aa90], sa_mask[0]=11111111011111110111111111111111, sa_flags=SA_RESTART|SA_SIGINFO
SIGILL: [libjvm.dylib+0x48aa90], sa_mask[0]=11111111011111110111111111111111, sa_flags=SA_RESTART|SA_SIGINFO
SIGUSR1: SIG_DFL, sa_mask[0]=00000000000000000000000000000000, sa_flags=none
SIGUSR2: [libjvm.dylib+0x48a5ae], sa_mask[0]=00100000000000000000000000000000, sa_flags=SA_RESTART|SA_SIGINFO
SIGHUP: [libjvm.dylib+0x488b79], sa_mask[0]=11111111011111110111111111111111, sa_flags=SA_RESTART|SA_SIGINFO
SIGINT: [libjvm.dylib+0x488b79], sa_mask[0]=11111111011111110111111111111111, sa_flags=SA_RESTART|SA_SIGINFO
SIGTERM: [libjvm.dylib+0x488b79], sa_mask[0]=11111111011111110111111111111111, sa_flags=SA_RESTART|SA_SIGINFO
SIGQUIT: [libjvm.dylib+0x488b79], sa_mask[0]=11111111011111110111111111111111, sa_flags=SA_RESTART|SA_SIGINFO


---------------  S Y S T E M  ---------------

OS:Bsduname:Darwin 20.4.0 Darwin Kernel Version 20.4.0: Fri Mar  5 01:14:14 PST 2021; root:xnu-7195.101.1~3/RELEASE_X86_64 x86_64
rlimit: STACK 8192k, CORE 0k, NPROC 2784, NOFILE 10240, AS infinity
load average:2.52 2.28 2.18

CPU:total 12 (initial active 12) (6 cores per cpu, 2 threads per core) family 6 model 158 stepping 10, cmov, cx8, fxsr, mmx, sse, sse2, sse3, ssse3, sse4.1, sse4.2, popcnt, avx, avx2, aes, clmul, erms, 3dnowpref, lzcnt, ht, tsc, tscinvbit, bmi1, bmi2, adx

Memory: 4k page, physical 16777216k(41752k free)

/proc/meminfo:


vm_info: Java HotSpot(TM) 64-Bit Server VM (25.171-b11) for bsd-amd64 JRE (1.8.0_171-b11), built on Mar 28 2018 12:50:57 by "java_re" with gcc 4.2.1 (Based on Apple Inc. build 5658) (LLVM build 2336.11.00)

time: Thu May 27 20:11:06 2021
elapsed time: 0 seconds (0d 0h 0m 0s)

