#
# A fatal error has been detected by the Java Runtime Environment:
#
#  SIGSEGV (0xb) at pc=0x00007fff20414bc3, pid=11028, tid=0x0000000000000307
#
# JRE version: Java(TM) SE Runtime Environment (8.0_162-b12) (build 1.8.0_162-b12)
# Java VM: Java HotSpot(TM) 64-Bit Server VM (25.162-b12 mixed mode bsd-amd64 compressed oops)
# Problematic frame:
# C  [libobjc.A.dylib+0x5bc3]  objc_retain+0x23
#
# Failed to write core dump. Core dumps have been disabled. To enable core dumping, try "ulimit -c unlimited" before starting Java again
#
# If you would like to submit a bug report, please visit:
#   http://bugreport.java.com/bugreport/crash.jsp
# The crash happened outside the Java Virtual Machine in native code.
# See problematic frame for where to report the bug.
#

---------------  T H R E A D  ---------------

Current thread (0x00007ff98281d800):  JavaThread "AppKit Thread" daemon [_thread_in_native, id=775, stack(0x00007ffee087e000,0x00007ffee107e000)]

siginfo: si_signo: 11 (SIGSEGV), si_code: 1 (SEGV_MAPERR), si_addr: 0x00000006a0080020

Registers:
RAX=0x00000006a0080001, RBX=0x00007fff802969a0, RCX=0x00000006a0080000, RDX=0x00007fff2043ab28
RSP=0x00007ffee107a668, RBP=0x00007ffee107a680, RSI=0x00007fff7c4f26b1, RDI=0x00007ff98254c0b0
R8 =0x00007ff982761f40, R9 =0x00007ff982761ed0, R10=0x00007fff885d2670, R11=0x00007fff2060fb33
R12=0x00007fff89240c40, R13=0x0000000000000000, R14=0x0000000000000001, R15=0x00007ff982749620
RIP=0x00007fff20414bc3, EFLAGS=0x0000000000010206, ERR=0x0000000000000004
  TRAPNO=0x000000000000000e

Top of Stack: (sp=0x00007ffee107a668)
0x00007ffee107a668:   00007fff2890c32b 00007fff802969a0
0x00007ffee107a678:   0000000000000001 00007ffee107a6f0
0x00007ffee107a688:   00007fff2890b4e6 0000000000000000
0x00007ffee107a698:   0000000000000000 0000000000000001
0x00007ffee107a6a8:   0000000000000001 00007ffee107a6d0
0x00007ffee107a6b8:   00007fff28911200 0000000000000000
0x00007ffee107a6c8:   00007ff982749620 0000000000000000
0x00007ffee107a6d8:   00000000ffffd96e 0000000000000001
0x00007ffee107a6e8:   0000000000000001 00007ffee107a710
0x00007ffee107a6f8:   00007fff2890f30c 0000000000000000
0x00007ffee107a708:   0000000000000001 00007ffee107a750
0x00007ffee107a718:   00007fff2890f208 004fb4fb00000000
0x00007ffee107a728:   0000000200000000 01007ff982500000
0x00007ffee107a738:   0000000000000001 0000000000000000
0x00007ffee107a748:   0000000000000000 00007ffee107aab0
0x00007ffee107a758:   00007fff288cf400 00007ff9827505c0
0x00007ffee107a768:   00007ff982428810 00007ffee107a7e0
0x00007ffee107a778:   00007fff203a31f9 ffff800600000000
0x00007ffee107a788:   00007ff9825876b0 00007ff982500000
0x00007ffee107a798:   00000000825b2a10 00007ffee107a7c0
0x00007ffee107a7a8:   00007fff20574480 00007fff28a458c7
0x00007ffee107a7b8:   0000000000000070 0000000000000000
0x00007ffee107a7c8:   00007fff288cef71 00007fff885d2f08
0x00007ffee107a7d8:   0000000000000000 00007ffee107a930
0x00007ffee107a7e8:   00007fff2073b079 000000006170706c
0x00007ffee107a7f8:   00007ff982427250 00007ffee107a8c0
0x00007ffee107a808:   00007ff982426520 00007ffee107a8b0
0x00007ffee107a818:   00007fff288cece3 00007ff982882058
0x00007ffee107a828:   00007ffee107a8a8 00007ffee107ab38
0x00007ffee107a838:   0000000000000000 00007ff9827505c0
0x00007ffee107a848:   00007ff982427250 00007ffee107ab30
0x00007ffee107a858:   0000000000000000 0000000000000010 

Instructions: (pc=0x00007fff20414bc3)
0x00007fff20414ba3:   0f 84 80 00 00 00 89 f8 83 e0 01 48 85 c0 75 76
0x00007fff20414bb3:   48 8b 07 48 b9 f8 ff ff ff ff 7f 00 00 48 21 c1
0x00007fff20414bc3:   48 8b 51 20 f6 c2 04 74 38 a8 01 74 53 48 b9 00
0x00007fff20414bd3:   00 00 00 00 00 00 01 48 89 c2 48 c1 ea 37 74 46 

Register to memory mapping:

RAX=0x00000006a0080001 is an unknown value
RBX=0x00007fff802969a0: __kCFBooleanFalse+0 in /System/Library/Frameworks/CoreFoundation.framework/Versions/A/CoreFoundation at 0x00007fff205ef000
RCX=0x00000006a0080000 is an unknown value
RDX=0x00007fff2043ab28: objc_debug_isa_class_mask+0 in /usr/lib/libobjc.A.dylib at 0x00007fff2040f000
RSP=0x00007ffee107a668 is pointing into the stack for thread: 0x00007ff98281d800
RBP=0x00007ffee107a680 is pointing into the stack for thread: 0x00007ff98281d800
RSI=0x00007fff7c4f26b1: GCC_except_table772+0x5c0aeded in /usr/lib/libobjc.A.dylib at 0x00007fff2040f000
RDI=0x00007ff98254c0b0 is an unknown value
R8 =0x00007ff982761f40 is an unknown value
R9 =0x00007ff982761ed0 is an unknown value
R10=0x00007fff885d2670: OBJC_CLASS_$___NSArrayM+0 in /System/Library/Frameworks/CoreFoundation.framework/Versions/A/CoreFoundation at 0x00007fff205ef000
R11=0x00007fff2060fb33: -[__NSArrayM count]+0 in /System/Library/Frameworks/CoreFoundation.framework/Versions/A/CoreFoundation at 0x00007fff205ef000
R12=0x00007fff89240c40: gActiveDocID+0 in /System/Library/Frameworks/Carbon.framework/Versions/A/Frameworks/HIToolbox.framework/Versions/A/HIToolbox at 0x00007fff288c5000
R13=0x0000000000000000 is an unknown value
R14=0x0000000000000001 is an unknown value
R15=0x00007ff982749620 is an unknown value


Stack: [0x00007ffee087e000,0x00007ffee107e000],  sp=0x00007ffee107a668,  free space=8177k
Native frames: (J=compiled Java code, j=interpreted, Vv=VM code, C=native code)
C  [libobjc.A.dylib+0x5bc3]  objc_retain+0x23
C  [HIToolbox+0x464e6]  MyActivateTSMDocument+0x23a
C  [HIToolbox+0x4a30c]  TSMSimulateAppActivated+0x64
C  [HIToolbox+0x4a208]  TSMAppActivationHandler+0x438
C  [HIToolbox+0xa400]  DispatchEventToHandlers(EventTargetRec*, OpaqueEventRef*, HandlerCallRec*)+0x597
C  [HIToolbox+0x97d9]  SendEventToEventTargetInternal(OpaqueEventRef*, OpaqueEventTargetRef*, HandlerCallRec*)+0x149
C  [HIToolbox+0x9682]  SendEventToEventTargetWithOptions+0x2d
C  [HIToolbox+0x498ea]  ToolboxEventDispatcherHandler(OpaqueEventHandlerCallRef*, OpaqueEventRef*, void*)+0x537
C  [HIToolbox+0xa8fc]  DispatchEventToHandlers(EventTargetRec*, OpaqueEventRef*, HandlerCallRec*)+0xa93
C  [HIToolbox+0x97d9]  SendEventToEventTargetInternal(OpaqueEventRef*, OpaqueEventTargetRef*, HandlerCallRec*)+0x149
C  [HIToolbox+0x1f0ea]  SendEventToEventTarget+0x27
C  [AppKit+0x3d7e5]  -[NSApplication(NSEvent) _nextEventMatchingEventMask:untilDate:inMode:dequeue:]+0xbc4
C  [libosxapp.dylib+0x2328]  -[NSApplicationAWT nextEventMatchingMask:untilDate:inMode:dequeue:]+0x7c
C  [AppKit+0x2f68a]  -[NSApplication run]+0x24a
C  [libosxapp.dylib+0x1f72]  +[NSApplicationAWT runAWTLoopWithApp:]+0x9c
C  [libawt_lwawt.dylib+0x4711f]  -[AWTStarter starter:]+0x389
C  [Foundation+0x804d9]  __NSThreadPerformPerform+0xcc
C  [CoreFoundation+0x81a0c]  __CFRUNLOOP_IS_CALLING_OUT_TO_A_SOURCE0_PERFORM_FUNCTION__+0x11
C  [CoreFoundation+0x81974]  __CFRunLoopDoSource0+0xb4
C  [CoreFoundation+0x816ef]  __CFRunLoopDoSources0+0xf8
C  [CoreFoundation+0x80121]  __CFRunLoopRun+0x37a
C  [CoreFoundation+0x7f6ce]  CFRunLoopRunSpecific+0x233
C  [java+0x6472]  CreateExecutionEnvironment+0x367
C  [java+0x207c]  JLI_Launch+0x7a0
C  [java+0x84cf]  main+0x65
C  [java+0x18d4]  start+0x34
C  0x0000000000000006


---------------  P R O C E S S  ---------------

Java Threads: ( => current thread )
  0x00007ff9830f3800 JavaThread "AWT-Shutdown" [_thread_blocked, id=39195, stack(0x0000700009a57000,0x0000700009b57000)]
=>0x00007ff98281d800 JavaThread "AppKit Thread" daemon [_thread_in_native, id=775, stack(0x00007ffee087e000,0x00007ffee107e000)]
  0x00007ff983051000 JavaThread "Service Thread" daemon [_thread_blocked, id=17411, stack(0x000070000974b000,0x000070000984b000)]
  0x00007ff984087000 JavaThread "C1 CompilerThread2" daemon [_thread_blocked, id=14595, stack(0x0000700009648000,0x0000700009748000)]
  0x00007ff983048000 JavaThread "C2 CompilerThread1" daemon [_thread_blocked, id=17667, stack(0x0000700009545000,0x0000700009645000)]
  0x00007ff984026000 JavaThread "C2 CompilerThread0" daemon [_thread_blocked, id=14083, stack(0x0000700009442000,0x0000700009542000)]
  0x00007ff982813000 JavaThread "Signal Dispatcher" daemon [_thread_blocked, id=18179, stack(0x000070000933f000,0x000070000943f000)]
  0x00007ff98380b800 JavaThread "Finalizer" daemon [_thread_blocked, id=20739, stack(0x00007000090b3000,0x00007000091b3000)]
  0x00007ff983034800 JavaThread "Reference Handler" daemon [_thread_blocked, id=11267, stack(0x0000700008fb0000,0x00007000090b0000)]
  0x00007ff98300d800 JavaThread "main" [_thread_in_native, id=3331, stack(0x000070000899e000,0x0000700008a9e000)]

Other Threads:
  0x00007ff983032000 VMThread [stack: 0x0000700008ead000,0x0000700008fad000] [id=11011]
  0x00007ff982814800 WatcherThread [stack: 0x000070000984e000,0x000070000994e000] [id=15107]

VM state:not at safepoint (normal execution)

VM Mutex/Monitor currently owned by a thread: None

Heap:
 PSYoungGen      total 38400K, used 8675K [0x0000000795580000, 0x0000000798000000, 0x00000007c0000000)
  eden space 33280K, 26% used [0x0000000795580000,0x0000000795df8f78,0x0000000797600000)
  from space 5120K, 0% used [0x0000000797b00000,0x0000000797b00000,0x0000000798000000)
  to   space 5120K, 0% used [0x0000000797600000,0x0000000797600000,0x0000000797b00000)
 ParOldGen       total 87552K, used 0K [0x0000000740000000, 0x0000000745580000, 0x0000000795580000)
  object space 87552K, 0% used [0x0000000740000000,0x0000000740000000,0x0000000745580000)
 Metaspace       used 7103K, capacity 7221K, committed 7424K, reserved 1056768K
  class space    used 698K, capacity 761K, committed 768K, reserved 1048576K

Card table byte_map: [0x000000011236e000,0x000000011276f000] byte_map_base: 0x000000010e96e000

Marking Bits: (ParMarkBitMap*) 0x00000001118f76c0
 Begin Bits: [0x0000000121def000, 0x0000000123def000)
 End Bits:   [0x0000000123def000, 0x0000000125def000)

Polling page: 0x000000010ebf5000

CodeCache: size=245760Kb used=2830Kb max_used=2841Kb free=242930Kb
 bounds [0x0000000112def000, 0x00000001130bf000, 0x0000000121def000]
 total_blobs=1156 nmethods=753 adapters=317
 compilation: enabled

Compilation events (10 events):
Event: 14.633 Thread 0x00007ff984087000  749       1       java.util.HashMap::afterNodeInsertion (1 bytes)
Event: 14.633 Thread 0x00007ff984087000 nmethod 749 0x00000001130aea50 code [0x00000001130aeba0, 0x00000001130aecb0]
Event: 15.359 Thread 0x00007ff984026000  750       4       sun.nio.cs.UTF_8$Encoder::encodeArrayLoop (489 bytes)
Event: 15.384 Thread 0x00007ff984026000 nmethod 750 0x00000001130adf10 code [0x00000001130ae0a0, 0x00000001130ae5d8]
Event: 15.483 Thread 0x00007ff983048000  751       4       java.nio.DirectIntBufferU::get (16 bytes)
Event: 15.484 Thread 0x00007ff983048000 nmethod 751 0x00000001130adbd0 code [0x00000001130add20, 0x00000001130addd8]
Event: 15.923 Thread 0x00007ff984026000  752   !   4       org.lwjgl.opengl.Sync::sync (125 bytes)
Event: 15.953 Thread 0x00007ff984026000 nmethod 752 0x00000001130b1a50 code [0x00000001130b1ca0, 0x00000001130b28e8]
Event: 17.694 Thread 0x00007ff983048000  753   !   4       org.lwjgl.input.Keyboard::isKeyDown (45 bytes)
Event: 17.697 Thread 0x00007ff983048000 nmethod 753 0x00000001130b62d0 code [0x00000001130b6440, 0x00000001130b66f8]

GC Heap History (0 events):
No events

Deoptimization events (1 events):
Event: 2.373 Thread 0x00007ff98300d800 Uncommon trap: reason=unstable_if action=reinterpret pc=0x0000000112f99b80 method=java.lang.String.replace(CC)Ljava/lang/String; @ 26

Classes redefined (0 events):
No events

Internal exceptions (10 events):
Event: 0.089 Thread 0x00007ff98300d800 Exception <a 'java/lang/NoSuchMethodError': Method sun.misc.Unsafe.defineClass(Ljava/lang/String;[BII)Ljava/lang/Class; name or signature does not match> (0x0000000795587ca0) thrown at [/Users/java_re/workspace/8-2-build-macosx-x86_64/jdk8u162/10278/hotsp
Event: 0.089 Thread 0x00007ff98300d800 Exception <a 'java/lang/NoSuchMethodError': Method sun.misc.Unsafe.prefetchRead(Ljava/lang/Object;J)V name or signature does not match> (0x0000000795587f88) thrown at [/Users/java_re/workspace/8-2-build-macosx-x86_64/jdk8u162/10278/hotspot/src/share/vm/pr
Event: 0.648 Thread 0x00007ff98300d800 Exception <a 'java/security/PrivilegedActionException'> (0x000000079574d950) thrown at [/Users/java_re/workspace/8-2-build-macosx-x86_64/jdk8u162/10278/hotspot/src/share/vm/prims/jvm.cpp, line 1390]
Event: 0.648 Thread 0x00007ff98300d800 Exception <a 'java/security/PrivilegedActionException'> (0x000000079574db60) thrown at [/Users/java_re/workspace/8-2-build-macosx-x86_64/jdk8u162/10278/hotspot/src/share/vm/prims/jvm.cpp, line 1390]
Event: 0.649 Thread 0x00007ff98300d800 Exception <a 'java/security/PrivilegedActionException'> (0x00000007957523a0) thrown at [/Users/java_re/workspace/8-2-build-macosx-x86_64/jdk8u162/10278/hotspot/src/share/vm/prims/jvm.cpp, line 1390]
Event: 0.649 Thread 0x00007ff98300d800 Exception <a 'java/security/PrivilegedActionException'> (0x00000007957525b0) thrown at [/Users/java_re/workspace/8-2-build-macosx-x86_64/jdk8u162/10278/hotspot/src/share/vm/prims/jvm.cpp, line 1390]
Event: 0.922 Thread 0x00007ff98300d800 Exception <a 'java/lang/NoSuchFieldError': method resolution failed> (0x0000000795823090) thrown at [/Users/java_re/workspace/8-2-build-macosx-x86_64/jdk8u162/10278/hotspot/src/share/vm/prims/methodHandles.cpp, line 1167]
Event: 0.936 Thread 0x00007ff98300d800 Exception <a 'java/lang/NoSuchFieldError': method resolution failed> (0x00000007958307e0) thrown at [/Users/java_re/workspace/8-2-build-macosx-x86_64/jdk8u162/10278/hotspot/src/share/vm/prims/methodHandles.cpp, line 1167]
Event: 1.408 Thread 0x00007ff98300d800 Exception <a 'java/io/FileNotFoundException'> (0x00000007958ab4c0) thrown at [/Users/java_re/workspace/8-2-build-macosx-x86_64/jdk8u162/10278/hotspot/src/share/vm/prims/jni.cpp, line 709]
Event: 1.408 Thread 0x00007ff98300d800 Exception <a 'java/io/FileNotFoundException'> (0x00000007958abfd8) thrown at [/Users/java_re/workspace/8-2-build-macosx-x86_64/jdk8u162/10278/hotspot/src/share/vm/prims/jni.cpp, line 709]

Events (10 events):
Event: 2.499 loading class org/lwjgl/opengl/GL13
Event: 2.499 loading class org/lwjgl/opengl/GL13 done
Event: 2.550 loading class org/lwjgl/opengl/Sync
Event: 2.550 loading class org/lwjgl/opengl/Sync done
Event: 2.557 loading class org/lwjgl/opengl/Sync$RunningAvg
Event: 2.557 loading class org/lwjgl/opengl/Sync$RunningAvg done
Event: 3.944 loading class sun/misc/FDBigInteger
Event: 3.944 loading class sun/misc/FDBigInteger done
Event: 4.372 Executing VM operation: EnableBiasedLocking
Event: 4.372 Executing VM operation: EnableBiasedLocking done


Dynamic libraries:
0x0000000000267000 	/System/Library/Frameworks/Cocoa.framework/Versions/A/Cocoa
0x0000000000267000 	/System/Library/Frameworks/Security.framework/Versions/A/Security
0x0000000000267000 	/System/Library/Frameworks/ApplicationServices.framework/Versions/A/ApplicationServices
0x0000000000267000 	/usr/lib/libz.1.dylib
0x0000000000267000 	/usr/lib/libSystem.B.dylib
0x0000000000267000 	/usr/lib/libobjc.A.dylib
0x0000000000267000 	/System/Library/Frameworks/CoreFoundation.framework/Versions/A/CoreFoundation
0x0000000000267000 	/System/Library/Frameworks/Foundation.framework/Versions/C/Foundation
0x0000000000267000 	/System/Library/Frameworks/AppKit.framework/Versions/C/AppKit
0x0000000000267000 	/System/Library/Frameworks/CoreData.framework/Versions/A/CoreData
0x0000000000267000 	/System/Library/PrivateFrameworks/UIFoundation.framework/Versions/A/UIFoundation
0x0000000000267000 	/System/Library/PrivateFrameworks/RemoteViewServices.framework/Versions/A/RemoteViewServices
0x0000000000267000 	/System/Library/PrivateFrameworks/XCTTargetBootstrap.framework/Versions/A/XCTTargetBootstrap
0x0000000000267000 	/usr/lib/libspindump.dylib
0x0000000000267000 	/System/Library/Frameworks/UniformTypeIdentifiers.framework/Versions/A/UniformTypeIdentifiers
0x0000000000267000 	/usr/lib/libapp_launch_measurement.dylib
0x0000000000267000 	/System/Library/PrivateFrameworks/CoreAutoLayout.framework/Versions/A/CoreAutoLayout
0x0000000000267000 	/System/Library/Frameworks/Metal.framework/Versions/A/Metal
0x0000000000267000 	/usr/lib/liblangid.dylib
0x0000000000267000 	/System/Library/PrivateFrameworks/CoreSVG.framework/Versions/A/CoreSVG
0x0000000000267000 	/System/Library/PrivateFrameworks/SkyLight.framework/Versions/A/SkyLight
0x0000000000267000 	/System/Library/Frameworks/CoreGraphics.framework/Versions/A/CoreGraphics
0x0000000000267000 	/System/Library/Frameworks/Accelerate.framework/Versions/A/Accelerate
0x0000000000267000 	/System/Library/PrivateFrameworks/IconServices.framework/Versions/A/IconServices
0x0000000000267000 	/System/Library/Frameworks/IOSurface.framework/Versions/A/IOSurface
0x0000000000267000 	/usr/lib/libDiagnosticMessagesClient.dylib
0x0000000000267000 	/System/Library/PrivateFrameworks/DFRFoundation.framework/Versions/A/DFRFoundation
0x0000000000267000 	/usr/lib/libicucore.A.dylib
0x0000000000267000 	/System/Library/Frameworks/AudioToolbox.framework/Versions/A/AudioToolbox
0x0000000000267000 	/System/Library/PrivateFrameworks/DataDetectorsCore.framework/Versions/A/DataDetectorsCore
0x0000000000267000 	/System/Library/Frameworks/Carbon.framework/Versions/A/Frameworks/HIToolbox.framework/Versions/A/HIToolbox
0x0000000000267000 	/System/Library/Frameworks/QuartzCore.framework/Versions/A/QuartzCore
0x0000000000267000 	/System/Library/Frameworks/Carbon.framework/Versions/A/Frameworks/SpeechRecognition.framework/Versions/A/SpeechRecognition
0x0000000000267000 	/System/Library/PrivateFrameworks/CoreUI.framework/Versions/A/CoreUI
0x0000000000267000 	/System/Library/Frameworks/CoreAudio.framework/Versions/A/CoreAudio
0x0000000000267000 	/System/Library/Frameworks/DiskArbitration.framework/Versions/A/DiskArbitration
0x0000000000267000 	/System/Library/PrivateFrameworks/MultitouchSupport.framework/Versions/A/MultitouchSupport
0x0000000000267000 	/System/Library/PrivateFrameworks/InternationalSupport.framework/Versions/A/InternationalSupport
0x0000000000267000 	/usr/lib/libenergytrace.dylib
0x0000000000267000 	/System/Library/Frameworks/IOKit.framework/Versions/A/IOKit
0x0000000000267000 	/System/Library/Frameworks/CoreServices.framework/Versions/A/CoreServices
0x0000000000267000 	/System/Library/PrivateFrameworks/PerformanceAnalysis.framework/Versions/A/PerformanceAnalysis
0x0000000000267000 	/System/Library/Frameworks/OpenGL.framework/Versions/A/OpenGL
0x0000000000267000 	/System/Library/PrivateFrameworks/UserActivity.framework/Versions/A/UserActivity
0x0000000000267000 	/System/Library/Frameworks/ColorSync.framework/Versions/A/ColorSync
0x0000000000267000 	/System/Library/Frameworks/CoreImage.framework/Versions/A/CoreImage
0x0000000000267000 	/System/Library/Frameworks/CoreText.framework/Versions/A/CoreText
0x0000000000267000 	/System/Library/Frameworks/ImageIO.framework/Versions/A/ImageIO
0x0000000000267000 	/System/Library/PrivateFrameworks/SoftLinking.framework/Versions/A/SoftLinking
0x0000000000267000 	/usr/lib/libxml2.2.dylib
0x0000000000267000 	/usr/lib/libc++.1.dylib
0x0000000000267000 	/usr/lib/libcompression.dylib
0x0000000000267000 	/usr/lib/libMobileGestalt.dylib
0x0000000000267000 	/System/Library/PrivateFrameworks/TextureIO.framework/Versions/A/TextureIO
0x0000000000267000 	/usr/lib/libate.dylib
0x0000000000267000 	/usr/lib/system/libcache.dylib
0x0000000000267000 	/usr/lib/system/libcommonCrypto.dylib
0x0000000000267000 	/usr/lib/system/libcompiler_rt.dylib
0x0000000000267000 	/usr/lib/system/libcopyfile.dylib
0x0000000000267000 	/usr/lib/system/libcorecrypto.dylib
0x0000000000267000 	/usr/lib/system/libdispatch.dylib
0x0000000000267000 	/usr/lib/system/libdyld.dylib
0x0000000000267000 	/usr/lib/system/libkeymgr.dylib
0x0000000000267000 	/usr/lib/system/liblaunch.dylib
0x0000000000267000 	/usr/lib/system/libmacho.dylib
0x0000000000267000 	/usr/lib/system/libquarantine.dylib
0x0000000000267000 	/usr/lib/system/libremovefile.dylib
0x0000000000267000 	/usr/lib/system/libsystem_asl.dylib
0x0000000000267000 	/usr/lib/system/libsystem_blocks.dylib
0x0000000000267000 	/usr/lib/system/libsystem_c.dylib
0x0000000000267000 	/usr/lib/system/libsystem_collections.dylib
0x0000000000267000 	/usr/lib/system/libsystem_configuration.dylib
0x0000000000267000 	/usr/lib/system/libsystem_containermanager.dylib
0x0000000000267000 	/usr/lib/system/libsystem_coreservices.dylib
0x0000000000267000 	/usr/lib/system/libsystem_darwin.dylib
0x0000000000267000 	/usr/lib/system/libsystem_dnssd.dylib
0x0000000000267000 	/usr/lib/system/libsystem_featureflags.dylib
0x0000000000267000 	/usr/lib/system/libsystem_info.dylib
0x0000000000267000 	/usr/lib/system/libsystem_m.dylib
0x0000000000267000 	/usr/lib/system/libsystem_malloc.dylib
0x0000000000267000 	/usr/lib/system/libsystem_networkextension.dylib
0x0000000000267000 	/usr/lib/system/libsystem_notify.dylib
0x0000000000267000 	/usr/lib/system/libsystem_product_info_filter.dylib
0x0000000000267000 	/usr/lib/system/libsystem_sandbox.dylib
0x0000000000267000 	/usr/lib/system/libsystem_secinit.dylib
0x0000000000267000 	/usr/lib/system/libsystem_kernel.dylib
0x0000000000267000 	/usr/lib/system/libsystem_platform.dylib
0x0000000000267000 	/usr/lib/system/libsystem_pthread.dylib
0x0000000000267000 	/usr/lib/system/libsystem_symptoms.dylib
0x0000000000267000 	/usr/lib/system/libsystem_trace.dylib
0x0000000000267000 	/usr/lib/system/libunwind.dylib
0x0000000000267000 	/usr/lib/system/libxpc.dylib
0x0000000000267000 	/usr/lib/libc++abi.dylib
0x0000000000267000 	/usr/lib/liboah.dylib
0x0000000000267000 	/usr/lib/liblzma.5.dylib
0x0000000000267000 	/System/Library/Frameworks/SystemConfiguration.framework/Versions/A/SystemConfiguration
0x0000000000267000 	/usr/lib/libfakelink.dylib
0x0000000000267000 	/System/Library/Frameworks/CFNetwork.framework/Versions/A/CFNetwork
0x0000000000267000 	/usr/lib/libarchive.2.dylib
0x0000000000267000 	/usr/lib/libCRFSuite.dylib
0x0000000000267000 	/usr/lib/libbsm.0.dylib
0x0000000000267000 	/usr/lib/libnetwork.dylib
0x0000000000267000 	/usr/lib/libpcap.A.dylib
0x0000000000267000 	/usr/lib/libdns_services.dylib
0x0000000000267000 	/usr/lib/libcoretls_cfhelpers.dylib
0x0000000000267000 	/usr/lib/libapple_nghttp2.dylib
0x0000000000267000 	/usr/lib/system/libkxld.dylib
0x0000000000267000 	/usr/lib/libsqlite3.dylib
0x0000000000267000 	/System/Library/PrivateFrameworks/AppleFSCompression.framework/Versions/A/AppleFSCompression
0x0000000000267000 	/usr/lib/libcoretls.dylib
0x0000000000267000 	/usr/lib/libpam.2.dylib
0x0000000000267000 	/usr/lib/libxar.1.dylib
0x0000000000267000 	/System/Library/PrivateFrameworks/AppleSystemInfo.framework/Versions/A/AppleSystemInfo
0x0000000000267000 	/System/Library/PrivateFrameworks/IOMobileFramebuffer.framework/Versions/A/IOMobileFramebuffer
0x0000000000267000 	/usr/lib/libbz2.1.0.dylib
0x0000000000267000 	/usr/lib/libiconv.2.dylib
0x0000000000267000 	/usr/lib/libcharset.1.dylib
0x0000000000267000 	/System/Library/Frameworks/CoreServices.framework/Versions/A/Frameworks/FSEvents.framework/Versions/A/FSEvents
0x0000000000267000 	/System/Library/Frameworks/CoreServices.framework/Versions/A/Frameworks/CarbonCore.framework/Versions/A/CarbonCore
0x0000000000267000 	/System/Library/Frameworks/CoreServices.framework/Versions/A/Frameworks/Metadata.framework/Versions/A/Metadata
0x0000000000267000 	/System/Library/Frameworks/CoreServices.framework/Versions/A/Frameworks/OSServices.framework/Versions/A/OSServices
0x0000000000267000 	/System/Library/Frameworks/CoreServices.framework/Versions/A/Frameworks/SearchKit.framework/Versions/A/SearchKit
0x0000000000267000 	/System/Library/Frameworks/CoreServices.framework/Versions/A/Frameworks/AE.framework/Versions/A/AE
0x0000000000267000 	/System/Library/Frameworks/CoreServices.framework/Versions/A/Frameworks/LaunchServices.framework/Versions/A/LaunchServices
0x0000000000267000 	/System/Library/Frameworks/CoreServices.framework/Versions/A/Frameworks/DictionaryServices.framework/Versions/A/DictionaryServices
0x0000000000267000 	/System/Library/Frameworks/CoreServices.framework/Versions/A/Frameworks/SharedFileList.framework/Versions/A/SharedFileList
0x0000000000267000 	/usr/lib/libCheckFix.dylib
0x0000000000267000 	/System/Library/PrivateFrameworks/TCC.framework/Versions/A/TCC
0x0000000000267000 	/System/Library/PrivateFrameworks/CoreNLP.framework/Versions/A/CoreNLP
0x0000000000267000 	/System/Library/PrivateFrameworks/MetadataUtilities.framework/Versions/A/MetadataUtilities
0x0000000000267000 	/usr/lib/libmecabra.dylib
0x0000000000267000 	/System/Library/Frameworks/MLCompute.framework/Versions/A/MLCompute
0x0000000000267000 	/usr/lib/libmecab.dylib
0x0000000000267000 	/usr/lib/libgermantok.dylib
0x0000000000267000 	/usr/lib/libThaiTokenizer.dylib
0x0000000000267000 	/usr/lib/libChineseTokenizer.dylib
0x0000000000267000 	/System/Library/Frameworks/MetalPerformanceShaders.framework/Versions/A/MetalPerformanceShaders
0x0000000000267000 	/System/Library/Frameworks/Accelerate.framework/Versions/A/Frameworks/vImage.framework/Versions/A/vImage
0x0000000000267000 	/System/Library/Frameworks/Accelerate.framework/Versions/A/Frameworks/vecLib.framework/Versions/A/vecLib
0x0000000000267000 	/System/Library/Frameworks/Accelerate.framework/Versions/A/Frameworks/vecLib.framework/Versions/A/libvMisc.dylib
0x0000000000267000 	/System/Library/Frameworks/Accelerate.framework/Versions/A/Frameworks/vecLib.framework/Versions/A/libvDSP.dylib
0x0000000000267000 	/System/Library/Frameworks/Accelerate.framework/Versions/A/Frameworks/vecLib.framework/Versions/A/libBLAS.dylib
0x0000000000267000 	/System/Library/Frameworks/Accelerate.framework/Versions/A/Frameworks/vecLib.framework/Versions/A/libLAPACK.dylib
0x0000000000267000 	/System/Library/Frameworks/Accelerate.framework/Versions/A/Frameworks/vecLib.framework/Versions/A/libLinearAlgebra.dylib
0x0000000000267000 	/System/Library/Frameworks/Accelerate.framework/Versions/A/Frameworks/vecLib.framework/Versions/A/libSparseBLAS.dylib
0x0000000000267000 	/System/Library/Frameworks/Accelerate.framework/Versions/A/Frameworks/vecLib.framework/Versions/A/libQuadrature.dylib
0x0000000000267000 	/System/Library/Frameworks/Accelerate.framework/Versions/A/Frameworks/vecLib.framework/Versions/A/libBNNS.dylib
0x0000000000267000 	/System/Library/Frameworks/Accelerate.framework/Versions/A/Frameworks/vecLib.framework/Versions/A/libSparse.dylib
0x0000000000267000 	/System/Library/Frameworks/MetalPerformanceShaders.framework/Versions/A/Frameworks/MPSCore.framework/Versions/A/MPSCore
0x0000000000267000 	/System/Library/Frameworks/MetalPerformanceShaders.framework/Versions/A/Frameworks/MPSImage.framework/Versions/A/MPSImage
0x0000000000267000 	/System/Library/Frameworks/MetalPerformanceShaders.framework/Versions/A/Frameworks/MPSNeuralNetwork.framework/Versions/A/MPSNeuralNetwork
0x0000000000267000 	/System/Library/Frameworks/MetalPerformanceShaders.framework/Versions/A/Frameworks/MPSMatrix.framework/Versions/A/MPSMatrix
0x0000000000267000 	/System/Library/Frameworks/MetalPerformanceShaders.framework/Versions/A/Frameworks/MPSRayIntersector.framework/Versions/A/MPSRayIntersector
0x0000000000267000 	/System/Library/Frameworks/MetalPerformanceShaders.framework/Versions/A/Frameworks/MPSNDArray.framework/Versions/A/MPSNDArray
0x0000000000267000 	/System/Library/PrivateFrameworks/MetalTools.framework/Versions/A/MetalTools
0x0000000000267000 	/System/Library/PrivateFrameworks/AggregateDictionary.framework/Versions/A/AggregateDictionary
0x0000000000267000 	/System/Library/PrivateFrameworks/CoreAnalytics.framework/Versions/A/CoreAnalytics
0x0000000000267000 	/System/Library/PrivateFrameworks/AppleSauce.framework/Versions/A/AppleSauce
0x0000000000267000 	/System/Library/PrivateFrameworks/IOAccelerator.framework/Versions/A/IOAccelerator
0x0000000000267000 	/System/Library/Frameworks/OpenGL.framework/Versions/A/Libraries/libCoreFSCache.dylib
0x0000000000267000 	/System/Library/PrivateFrameworks/LanguageModeling.framework/Versions/A/LanguageModeling
0x0000000000267000 	/System/Library/PrivateFrameworks/CoreEmoji.framework/Versions/A/CoreEmoji
0x0000000000267000 	/System/Library/PrivateFrameworks/LinguisticData.framework/Versions/A/LinguisticData
0x0000000000267000 	/System/Library/PrivateFrameworks/Lexicon.framework/Versions/A/Lexicon
0x0000000000267000 	/usr/lib/libcmph.dylib
0x0000000000267000 	/System/Library/Frameworks/OpenDirectory.framework/Versions/A/Frameworks/CFOpenDirectory.framework/Versions/A/CFOpenDirectory
0x0000000000267000 	/System/Library/Frameworks/OpenDirectory.framework/Versions/A/OpenDirectory
0x0000000000267000 	/System/Library/PrivateFrameworks/APFS.framework/Versions/A/APFS
0x0000000000267000 	/System/Library/Frameworks/SecurityFoundation.framework/Versions/A/SecurityFoundation
0x0000000000267000 	/usr/lib/libutil.dylib
0x0000000000267000 	/System/Library/PrivateFrameworks/CoreServicesStore.framework/Versions/A/CoreServicesStore
0x0000000000267000 	/System/Library/Frameworks/ServiceManagement.framework/Versions/A/ServiceManagement
0x0000000000267000 	/usr/lib/libxslt.1.dylib
0x0000000000267000 	/System/Library/PrivateFrameworks/BackgroundTaskManagement.framework/Versions/A/BackgroundTaskManagement
0x0000000000267000 	/System/Library/Frameworks/ImageIO.framework/Versions/A/Resources/libRadiance.dylib
0x0000000000267000 	/System/Library/Frameworks/ImageIO.framework/Versions/A/Resources/libJPEG.dylib
0x0000000000267000 	/System/Library/Frameworks/ImageIO.framework/Versions/A/Resources/libPng.dylib
0x0000000000267000 	/System/Library/Frameworks/ImageIO.framework/Versions/A/Resources/libTIFF.dylib
0x0000000000267000 	/System/Library/Frameworks/ImageIO.framework/Versions/A/Resources/libGIF.dylib
0x0000000000267000 	/System/Library/Frameworks/ImageIO.framework/Versions/A/Resources/libJP2.dylib
0x0000000000267000 	/usr/lib/libexpat.1.dylib
0x0000000000267000 	/System/Library/PrivateFrameworks/AppleJPEG.framework/Versions/A/AppleJPEG
0x0000000000267000 	/System/Library/PrivateFrameworks/FontServices.framework/libFontParser.dylib
0x0000000000267000 	/System/Library/PrivateFrameworks/RunningBoardServices.framework/Versions/A/RunningBoardServices
0x0000000000267000 	/System/Library/PrivateFrameworks/WatchdogClient.framework/Versions/A/WatchdogClient
0x0000000000267000 	/System/Library/Frameworks/CoreDisplay.framework/Versions/A/CoreDisplay
0x0000000000267000 	/System/Library/Frameworks/CoreMedia.framework/Versions/A/CoreMedia
0x0000000000267000 	/System/Library/Frameworks/CoreVideo.framework/Versions/A/CoreVideo
0x0000000000267000 	/System/Library/Frameworks/VideoToolbox.framework/Versions/A/VideoToolbox
0x0000000000267000 	/System/Library/PrivateFrameworks/BaseBoard.framework/Versions/A/BaseBoard
0x0000000000267000 	/System/Library/PrivateFrameworks/PersistentConnection.framework/Versions/A/PersistentConnection
0x0000000000267000 	/System/Library/PrivateFrameworks/ProtocolBuffer.framework/Versions/A/ProtocolBuffer
0x0000000000267000 	/System/Library/PrivateFrameworks/CommonUtilities.framework/Versions/A/CommonUtilities
0x0000000000267000 	/System/Library/PrivateFrameworks/Bom.framework/Versions/A/Bom
0x0000000000267000 	/System/Library/PrivateFrameworks/GPUWrangler.framework/Versions/A/GPUWrangler
0x0000000000267000 	/System/Library/PrivateFrameworks/IOPresentment.framework/Versions/A/IOPresentment
0x0000000000267000 	/System/Library/PrivateFrameworks/DSExternalDisplay.framework/Versions/A/DSExternalDisplay
0x0000000000267000 	/System/Library/PrivateFrameworks/CMCaptureCore.framework/Versions/A/CMCaptureCore
0x0000000000267000 	/System/Library/PrivateFrameworks/AppServerSupport.framework/Versions/A/AppServerSupport
0x0000000000267000 	/System/Library/PrivateFrameworks/perfdata.framework/Versions/A/perfdata
0x0000000000267000 	/System/Library/PrivateFrameworks/AssertionServices.framework/Versions/A/AssertionServices
0x0000000000267000 	/System/Library/PrivateFrameworks/AudioToolboxCore.framework/Versions/A/AudioToolboxCore
0x0000000000267000 	/System/Library/PrivateFrameworks/caulk.framework/Versions/A/caulk
0x0000000000267000 	/System/Library/PrivateFrameworks/SystemPolicy.framework/Versions/A/SystemPolicy
0x0000000000267000 	/usr/lib/libIOReport.dylib
0x0000000000267000 	/usr/lib/libSMC.dylib
0x0000000000267000 	/usr/lib/libAudioToolboxUtility.dylib
0x0000000000267000 	/usr/lib/libmis.dylib
0x0000000000267000 	/System/Library/Frameworks/OpenGL.framework/Versions/A/Libraries/libGLU.dylib
0x0000000000267000 	/System/Library/Frameworks/OpenGL.framework/Versions/A/Libraries/libGFXShared.dylib
0x0000000000267000 	/System/Library/Frameworks/OpenGL.framework/Versions/A/Libraries/libGL.dylib
0x0000000000267000 	/System/Library/Frameworks/OpenGL.framework/Versions/A/Libraries/libGLImage.dylib
0x0000000000267000 	/System/Library/Frameworks/OpenGL.framework/Versions/A/Libraries/libCVMSPluginSupport.dylib
0x0000000000267000 	/System/Library/Frameworks/OpenGL.framework/Versions/A/Libraries/libCoreVMClient.dylib
0x0000000000267000 	/System/Library/Frameworks/OpenCL.framework/Versions/A/OpenCL
0x0000000000267000 	/System/Library/PrivateFrameworks/GraphVisualizer.framework/Versions/A/GraphVisualizer
0x0000000000267000 	/System/Library/PrivateFrameworks/FaceCore.framework/Versions/A/FaceCore
0x0000000000267000 	/System/Library/PrivateFrameworks/OTSVG.framework/Versions/A/OTSVG
0x0000000000267000 	/System/Library/Frameworks/ApplicationServices.framework/Versions/A/Frameworks/ATS.framework/Versions/A/Resources/libFontRegistry.dylib
0x0000000000267000 	/System/Library/PrivateFrameworks/FontServices.framework/libhvf.dylib
0x0000000000267000 	/System/Library/PrivateFrameworks/AppleVA.framework/Versions/A/AppleVA
0x0000000000267000 	/System/Library/Frameworks/ApplicationServices.framework/Versions/A/Frameworks/ATS.framework/Versions/A/ATS
0x0000000000267000 	/System/Library/Frameworks/ApplicationServices.framework/Versions/A/Frameworks/ColorSyncLegacy.framework/Versions/A/ColorSyncLegacy
0x0000000000267000 	/System/Library/Frameworks/ApplicationServices.framework/Versions/A/Frameworks/HIServices.framework/Versions/A/HIServices
0x0000000000267000 	/System/Library/Frameworks/ApplicationServices.framework/Versions/A/Frameworks/LangAnalysis.framework/Versions/A/LangAnalysis
0x0000000000267000 	/System/Library/Frameworks/ApplicationServices.framework/Versions/A/Frameworks/PrintCore.framework/Versions/A/PrintCore
0x0000000000267000 	/System/Library/Frameworks/ApplicationServices.framework/Versions/A/Frameworks/QD.framework/Versions/A/QD
0x0000000000267000 	/System/Library/Frameworks/ApplicationServices.framework/Versions/A/Frameworks/SpeechSynthesis.framework/Versions/A/SpeechSynthesis
0x0000000000267000 	/System/Library/Frameworks/ApplicationServices.framework/Versions/A/Frameworks/ATSUI.framework/Versions/A/ATSUI
0x0000000000267000 	/usr/lib/libcups.2.dylib
0x0000000000267000 	/System/Library/PrivateFrameworks/NetAuth.framework/Versions/A/NetAuth
0x0000000000267000 	/System/Library/Frameworks/Kerberos.framework/Versions/A/Kerberos
0x0000000000267000 	/System/Library/Frameworks/GSS.framework/Versions/A/GSS
0x0000000000267000 	/usr/lib/libresolv.9.dylib
0x0000000000267000 	/System/Library/PrivateFrameworks/Heimdal.framework/Versions/A/Heimdal
0x0000000000267000 	/System/Library/Frameworks/Kerberos.framework/Versions/A/Libraries/libHeimdalProxy.dylib
0x0000000000267000 	/System/Library/Frameworks/Network.framework/Versions/A/Network
0x0000000000267000 	/usr/lib/libheimdal-asn1.dylib
0x0000000000267000 	/System/Library/PrivateFrameworks/CommonAuth.framework/Versions/A/CommonAuth
0x0000000000267000 	/System/Library/PrivateFrameworks/login.framework/Versions/A/Frameworks/loginsupport.framework/Versions/A/loginsupport
0x0000000000267000 	/System/Library/PrivateFrameworks/AudioSession.framework/Versions/A/AudioSession
0x0000000000267000 	/usr/lib/libAudioStatistics.dylib
0x0000000000267000 	/System/Library/PrivateFrameworks/MediaExperience.framework/Versions/A/MediaExperience
0x0000000000267000 	/System/Library/PrivateFrameworks/AudioSession.framework/libSessionUtility.dylib
0x0000000000267000 	/usr/lib/libperfcheck.dylib
0x0000000000267000 	/System/Library/PrivateFrameworks/AudioResourceArbitration.framework/Versions/A/AudioResourceArbitration
0x0000000000267000 	/System/Library/PrivateFrameworks/IconFoundation.framework/Versions/A/IconFoundation
0x0000000000267000 	/System/Library/PrivateFrameworks/SpeechRecognitionCore.framework/Versions/A/SpeechRecognitionCore
0x0000000111000000 	/Library/Internet Plug-Ins/JavaAppletPlugin.plugin/Contents/Home/lib/server/libjvm.dylib
0x0000000000267000 	/usr/lib/libstdc++.6.dylib
0x000000010ebb1000 	/Library/Internet Plug-Ins/JavaAppletPlugin.plugin/Contents/Home/lib/libverify.dylib
0x000000010ebbf000 	/Library/Internet Plug-Ins/JavaAppletPlugin.plugin/Contents/Home/lib/libjava.dylib
0x000000010ec3f000 	/Library/Internet Plug-Ins/JavaAppletPlugin.plugin/Contents/Home/lib/libzip.dylib
0x000000010ef3f000 	/Library/Internet Plug-Ins/JavaAppletPlugin.plugin/Contents/Home/lib/libawt.dylib
0x0000000112b6f000 	/Library/Internet Plug-Ins/JavaAppletPlugin.plugin/Contents/Home/lib/libmlib_image.dylib
0x0000000000267000 	/System/Library/Frameworks/JavaNativeFoundation.framework/Versions/A/JavaNativeFoundation
0x0000000000267000 	/System/Library/Frameworks/JavaRuntimeSupport.framework/Versions/A/JavaRuntimeSupport
0x0000000000267000 	/System/Library/Frameworks/Carbon.framework/Versions/A/Carbon
0x0000000000267000 	/System/Library/PrivateFrameworks/CoreSymbolication.framework/Versions/A/CoreSymbolication
0x0000000000267000 	/System/Library/Frameworks/Carbon.framework/Versions/A/Frameworks/CommonPanels.framework/Versions/A/CommonPanels
0x0000000000267000 	/System/Library/Frameworks/Carbon.framework/Versions/A/Frameworks/Help.framework/Versions/A/Help
0x0000000000267000 	/System/Library/Frameworks/Carbon.framework/Versions/A/Frameworks/ImageCapture.framework/Versions/A/ImageCapture
0x0000000000267000 	/System/Library/Frameworks/Carbon.framework/Versions/A/Frameworks/OpenScripting.framework/Versions/A/OpenScripting
0x0000000000267000 	/System/Library/Frameworks/Carbon.framework/Versions/A/Frameworks/Ink.framework/Versions/A/Ink
0x0000000000267000 	/System/Library/Frameworks/Carbon.framework/Versions/A/Frameworks/Print.framework/Versions/A/Print
0x0000000000267000 	/System/Library/Frameworks/Carbon.framework/Versions/A/Frameworks/SecurityHI.framework/Versions/A/SecurityHI
0x0000000000267000 	/System/Library/PrivateFrameworks/DebugSymbols.framework/Versions/A/DebugSymbols
0x00000001283b1000 	/Library/Internet Plug-Ins/JavaAppletPlugin.plugin/Contents/Home/lib/libawt_lwawt.dylib
0x0000000112c3b000 	/Library/Internet Plug-Ins/JavaAppletPlugin.plugin/Contents/Home/lib/libosxapp.dylib
0x0000000000267000 	/System/Library/Frameworks/ExceptionHandling.framework/Versions/A/ExceptionHandling
0x0000000000267000 	/System/Library/PrivateFrameworks/CoreServicesInternal.framework/Versions/A/CoreServicesInternal
0x0000000000267000 	/System/Library/Frameworks/FileProvider.framework/Versions/A/FileProvider
0x0000000000267000 	/System/Library/Frameworks/Accounts.framework/Versions/A/Accounts
0x0000000000267000 	/System/Library/PrivateFrameworks/GenerationalStorage.framework/Versions/A/GenerationalStorage
0x0000000000267000 	/System/Library/PrivateFrameworks/SymptomDiagnosticReporter.framework/Versions/A/SymptomDiagnosticReporter
0x0000000000267000 	/System/Library/PrivateFrameworks/AppContainer.framework/Versions/A/AppContainer
0x0000000000267000 	/System/Library/PrivateFrameworks/DesktopServicesPriv.framework/Versions/A/DesktopServicesPriv
0x0000000000267000 	/usr/lib/libsandbox.1.dylib
0x0000000000267000 	/System/Library/PrivateFrameworks/UserManagement.framework/Versions/A/UserManagement
0x0000000000267000 	/System/Library/PrivateFrameworks/MobileKeyBag.framework/Versions/A/MobileKeyBag
0x0000000000267000 	/System/Library/PrivateFrameworks/ChunkingLibrary.framework/Versions/A/ChunkingLibrary
0x0000000000267000 	/System/Library/PrivateFrameworks/SecCodeWrapper.framework/Versions/A/SecCodeWrapper
0x0000000000267000 	/System/Library/PrivateFrameworks/CrashReporterSupport.framework/Versions/A/CrashReporterSupport
0x0000000000267000 	/System/Library/PrivateFrameworks/OSAnalytics.framework/Versions/A/OSAnalytics
0x0000000000267000 	/usr/lib/libRosetta.dylib
0x0000000000267000 	/System/Library/PrivateFrameworks/RemoteServiceDiscovery.framework/Versions/A/RemoteServiceDiscovery
0x0000000000267000 	/System/Library/PrivateFrameworks/Symbolication.framework/Versions/A/Symbolication
0x0000000000267000 	/System/Library/PrivateFrameworks/RemoteXPC.framework/Versions/A/RemoteXPC
0x0000000000267000 	/System/Library/PrivateFrameworks/OSAServicesClient.framework/Versions/A/OSAServicesClient
0x0000000000267000 	/System/Library/PrivateFrameworks/MallocStackLogging.framework/Versions/A/MallocStackLogging
0x0000000000267000 	/System/Library/PrivateFrameworks/Sharing.framework/Versions/A/Sharing
0x0000000000267000 	/System/Library/PrivateFrameworks/Apple80211.framework/Versions/A/Apple80211
0x0000000000267000 	/System/Library/PrivateFrameworks/AuthKit.framework/Versions/A/AuthKit
0x0000000000267000 	/System/Library/PrivateFrameworks/CoreUtils.framework/Versions/A/CoreUtils
0x0000000000267000 	/System/Library/Frameworks/CoreWLAN.framework/Versions/A/CoreWLAN
0x0000000000267000 	/System/Library/Frameworks/IOBluetooth.framework/Versions/A/IOBluetooth
0x0000000000267000 	/System/Library/PrivateFrameworks/CoreWiFi.framework/Versions/A/CoreWiFi
0x0000000000267000 	/System/Library/PrivateFrameworks/CorePhoneNumbers.framework/Versions/A/CorePhoneNumbers
0x0000000000267000 	/System/Library/PrivateFrameworks/DiskManagement.framework/Versions/A/DiskManagement
0x0000000000267000 	/System/Library/PrivateFrameworks/AppleIDAuthSupport.framework/Versions/A/AppleIDAuthSupport
0x0000000000267000 	/System/Library/PrivateFrameworks/KeychainCircle.framework/Versions/A/KeychainCircle
0x0000000000267000 	/System/Library/PrivateFrameworks/MediaKit.framework/Versions/A/MediaKit
0x0000000000267000 	/System/Library/Frameworks/DiscRecording.framework/Versions/A/DiscRecording
0x0000000000267000 	/usr/lib/libCoreStorage.dylib
0x0000000000267000 	/usr/lib/libcsfde.dylib
0x0000000000267000 	/System/Library/PrivateFrameworks/ProtectedCloudStorage.framework/Versions/A/ProtectedCloudStorage
0x0000000000267000 	/System/Library/PrivateFrameworks/EFILogin.framework/Versions/A/EFILogin
0x0000000000267000 	/System/Library/Frameworks/AudioUnit.framework/Versions/A/AudioUnit
0x0000000000267000 	/System/Library/Frameworks/CoreBluetooth.framework/Versions/A/CoreBluetooth
0x0000000000267000 	/usr/lib/libMatch.1.dylib
0x0000000000267000 	/System/Library/CoreServices/RawCamera.bundle/Contents/MacOS/RawCamera
0x0000000000267000 	/System/Library/PrivateFrameworks/MobileAsset.framework/Versions/A/MobileAsset
0x0000000000267000 	/System/Library/PrivateFrameworks/StreamingZip.framework/Versions/A/StreamingZip
0x0000000000267000 	/System/Library/Frameworks/MediaToolbox.framework/Versions/A/MediaToolbox
0x0000000000267000 	/System/Library/PrivateFrameworks/CoreAVCHD.framework/Versions/A/CoreAVCHD
0x0000000000267000 	/System/Library/Frameworks/MediaAccessibility.framework/Versions/A/MediaAccessibility
0x0000000000267000 	/System/Library/PrivateFrameworks/Mangrove.framework/Versions/A/Mangrove
0x0000000000267000 	/System/Library/PrivateFrameworks/AlgosScoreFramework.framework/Versions/A/AlgosScoreFramework
0x0000000000267000 	/System/Library/PrivateFrameworks/AppleVPA.framework/Versions/A/AppleVPA
0x0000000000267000 	/System/Library/PrivateFrameworks/CoreAUC.framework/Versions/A/CoreAUC
0x0000000000267000 	/System/Library/Frameworks/Accelerate.framework/Versions/A/Frameworks/vImage.framework/Versions/A/Libraries/libCGInterfaces.dylib
0x000000012a108000 	/usr/lib/libobjc-trampolines.dylib
0x0000000000267000 	/System/Library/PrivateFrameworks/FamilyControls.framework/Versions/A/FamilyControls
0x0000000000267000 	/System/Library/PrivateFrameworks/CommerceKit.framework/Versions/A/Frameworks/CommerceCore.framework/Versions/A/CommerceCore
0x0000000000267000 	/System/Library/PrivateFrameworks/SystemAdministration.framework/Versions/A/SystemAdministration
0x0000000000267000 	/System/Library/PrivateFrameworks/login.framework/Versions/A/login
0x0000000000267000 	/System/Library/Frameworks/DirectoryService.framework/Versions/A/DirectoryService
0x0000000000267000 	/System/Library/PrivateFrameworks/DiskImages.framework/Versions/A/DiskImages
0x0000000000267000 	/System/Library/PrivateFrameworks/LoginUIKit.framework/Versions/A/Frameworks/LoginUICore.framework/Versions/A/LoginUICore
0x0000000000267000 	/usr/lib/libodfde.dylib
0x0000000000267000 	/usr/lib/libcurl.4.dylib
0x0000000000267000 	/usr/lib/libcrypto.44.dylib
0x0000000000267000 	/usr/lib/libssl.46.dylib
0x0000000000267000 	/System/Library/Frameworks/LDAP.framework/Versions/A/LDAP
0x0000000000267000 	/System/Library/PrivateFrameworks/TrustEvaluationAgent.framework/Versions/A/TrustEvaluationAgent
0x0000000000267000 	/usr/lib/libsasl2.2.dylib
0x0000000000267000 	/System/Library/PrivateFrameworks/CoreDaemon.framework/Versions/B/CoreDaemon
0x0000000000267000 	/System/Library/PrivateFrameworks/AppleSRP.framework/Versions/A/AppleSRP
0x0000000000267000 	/System/Library/PrivateFrameworks/ViewBridge.framework/Versions/A/ViewBridge
0x000000012b82f000 	/Library/Internet Plug-Ins/JavaAppletPlugin.plugin/Contents/Home/lib/libfontmanager.dylib
0x000000012b896000 	/Users/Mez/Documents/GitHub/AppStrangerThings/Gioco1/lib/natives/liblwjgl.dylib
0x000000012aedc000 	/Library/Internet Plug-Ins/JavaAppletPlugin.plugin/Contents/Home/lib/libjawt.dylib
0x0000000000267000 	/System/Library/Frameworks/OpenGL.framework/Versions/A/Resources/GLEngine.bundle/GLEngine
0x0000000000267000 	/System/Library/Frameworks/OpenGL.framework/Versions/A/Libraries/libGLProgrammability.dylib
0x0000000000267000 	/System/Library/Extensions/AppleIntelBDWGraphicsGLDriver.bundle/Contents/MacOS/AppleIntelBDWGraphicsGLDriver
0x0000000000267000 	/System/Library/PrivateFrameworks/GPUSupport.framework/Versions/A/Libraries/libGPUSupportMercury.dylib
0x0000000000267000 	/System/Library/Frameworks/OpenGL.framework/Versions/A/Resources/GLRendererFloat.bundle/GLRendererFloat

VM Arguments:
jvm_args: -Djava.library.path=/Users/Mez/Documents/GitHub/AppStrangerThings/Gioco1/lib/natives -Dfile.encoding=UTF-8 
java_command: engineTester.MainGameLoop
java_class_path (initial): /Users/Mez/Documents/GitHub/AppStrangerThings/Gioco1/bin:/Users/Mez/Documents/GitHub/AppStrangerThings/Gioco1/lib/jars/lwjgl_util.jar:/Users/Mez/Documents/GitHub/AppStrangerThings/Gioco1/lib/jars/lwjgl.jar:/Users/Mez/Documents/GitHub/AppStrangerThings/Gioco1/lib/jars/slick-util.jar
Launcher Type: SUN_STANDARD

Environment Variables:
PATH=/usr/bin:/bin:/usr/sbin:/sbin
SHELL=/bin/bash

Signal Handlers:
SIGSEGV: [libjvm.dylib+0x5b52b5], sa_mask[0]=11111111011111110111111111111111, sa_flags=SA_ONSTACK|SA_RESTART|SA_SIGINFO
SIGBUS: [libjvm.dylib+0x5b52b5], sa_mask[0]=11111111011111110111111111111111, sa_flags=SA_RESTART|SA_SIGINFO
SIGFPE: [libjvm.dylib+0x48ac5c], sa_mask[0]=11111111011111110111111111111111, sa_flags=SA_RESTART|SA_SIGINFO
SIGPIPE: [libjvm.dylib+0x48ac5c], sa_mask[0]=11111111011111110111111111111111, sa_flags=SA_RESTART|SA_SIGINFO
SIGXFSZ: [libjvm.dylib+0x48ac5c], sa_mask[0]=11111111011111110111111111111111, sa_flags=SA_RESTART|SA_SIGINFO
SIGILL: [libjvm.dylib+0x48ac5c], sa_mask[0]=11111111011111110111111111111111, sa_flags=SA_RESTART|SA_SIGINFO
SIGUSR1: SIG_DFL, sa_mask[0]=00000000000000000000000000000000, sa_flags=none
SIGUSR2: [libjvm.dylib+0x48a77a], sa_mask[0]=00100000000000000000000000000000, sa_flags=SA_RESTART|SA_SIGINFO
SIGHUP: [libjvm.dylib+0x488d45], sa_mask[0]=11111111011111110111111111111111, sa_flags=SA_RESTART|SA_SIGINFO
SIGINT: [libjvm.dylib+0x488d45], sa_mask[0]=11111111011111110111111111111111, sa_flags=SA_RESTART|SA_SIGINFO
SIGTERM: [libjvm.dylib+0x488d45], sa_mask[0]=11111111011111110111111111111111, sa_flags=SA_RESTART|SA_SIGINFO
SIGQUIT: [libjvm.dylib+0x488d45], sa_mask[0]=11111111011111110111111111111111, sa_flags=SA_RESTART|SA_SIGINFO


---------------  S Y S T E M  ---------------

OS:Bsduname:Darwin 20.3.0 Darwin Kernel Version 20.3.0: Thu Jan 21 00:07:06 PST 2021; root:xnu-7195.81.3~1/RELEASE_X86_64 x86_64
rlimit: STACK 8192k, CORE 0k, NPROC 1392, NOFILE 10240, AS infinity
load average:15.59 10.94 9.33

CPU:total 4 (initial active 4) (2 cores per cpu, 2 threads per core) family 6 model 61 stepping 4, cmov, cx8, fxsr, mmx, sse, sse2, sse3, ssse3, sse4.1, sse4.2, popcnt, avx, avx2, aes, clmul, erms, 3dnowpref, lzcnt, ht, tsc, tscinvbit, bmi1, bmi2, adx

Memory: 4k page, physical 8388608k(339480k free)

/proc/meminfo:


vm_info: Java HotSpot(TM) 64-Bit Server VM (25.162-b12) for bsd-amd64 JRE (1.8.0_162-b12), built on Dec 19 2017 17:33:35 by "java_re" with gcc 4.2.1 (Based on Apple Inc. build 5658) (LLVM build 2336.11.00)

time: Wed May 26 10:46:28 2021
elapsed time: 18 seconds (0d 0h 0m 18s)

